<testsuites id="" name="" tests="1" failures="1" skipped="0" errors="0" time="124.515003">
<testsuite name="agent-6-insights-hub-validation.spec.ts" timestamp="2025-11-25T21:00:29.094Z" hostname="chromium" tests="1" failures="1" skipped="0" time="122.688" errors="0">
<testcase name="Agent 6: Insights Hub &amp; Data Elements Validation › Module 1: Executive Dashboard - Comprehensive Validation › should navigate to Executive Dashboard" classname="agent-6-insights-hub-validation.spec.ts" time="122.688">
<failure message="agent-6-insights-hub-validation.spec.ts:30:5 should navigate to Executive Dashboard" type="FAILURE">
<![CDATA[  [chromium] › agent-6-insights-hub-validation.spec.ts:30:5 › Agent 6: Insights Hub & Data Elements Validation › Module 1: Executive Dashboard - Comprehensive Validation › should navigate to Executive Dashboard 

    Test timeout of 60000ms exceeded.

    Error: locator.click: Test timeout of 60000ms exceeded.
    Call log:
      - waiting for getByRole('button', { name: /executive dashboard/i })


      31 |       // Find and click Executive Dashboard nav item
      32 |       const execDashboardButton = page.getByRole('button', { name: /executive dashboard/i })
    > 33 |       await execDashboardButton.click()
         |                                 ^
      34 |
      35 |       // Wait for dashboard to load
      36 |       await page.waitForTimeout(2000)
        at /Users/andrewmorton/Documents/GitHub/Fleet/e2e/agent-6-insights-hub-validation.spec.ts:33:33

    attachment #1: screenshot (image/png) ──────────────────────────────────────────────────────────
    ../test-results/agent-6-insights-hub-valid-ca762-gate-to-Executive-Dashboard-chromium/test-failed-1.png
    ────────────────────────────────────────────────────────────────────────────────────────────────

    attachment #2: video (video/webm) ──────────────────────────────────────────────────────────────
    ../test-results/agent-6-insights-hub-valid-ca762-gate-to-Executive-Dashboard-chromium/video.webm
    ────────────────────────────────────────────────────────────────────────────────────────────────

    Error Context: ../test-results/agent-6-insights-hub-valid-ca762-gate-to-Executive-Dashboard-chromium/error-context.md

    Retry #1 ───────────────────────────────────────────────────────────────────────────────────────

    Test timeout of 60000ms exceeded.

    Error: locator.click: Test timeout of 60000ms exceeded.
    Call log:
      - waiting for getByRole('button', { name: /executive dashboard/i })


      31 |       // Find and click Executive Dashboard nav item
      32 |       const execDashboardButton = page.getByRole('button', { name: /executive dashboard/i })
    > 33 |       await execDashboardButton.click()
         |                                 ^
      34 |
      35 |       // Wait for dashboard to load
      36 |       await page.waitForTimeout(2000)
        at /Users/andrewmorton/Documents/GitHub/Fleet/e2e/agent-6-insights-hub-validation.spec.ts:33:33

    attachment #1: screenshot (image/png) ──────────────────────────────────────────────────────────
    ../test-results/agent-6-insights-hub-valid-ca762-gate-to-Executive-Dashboard-chromium-retry1/test-failed-1.png
    ────────────────────────────────────────────────────────────────────────────────────────────────

    attachment #2: video (video/webm) ──────────────────────────────────────────────────────────────
    ../test-results/agent-6-insights-hub-valid-ca762-gate-to-Executive-Dashboard-chromium-retry1/video.webm
    ────────────────────────────────────────────────────────────────────────────────────────────────

    Error Context: ../test-results/agent-6-insights-hub-valid-ca762-gate-to-Executive-Dashboard-chromium-retry1/error-context.md

    attachment #4: trace (application/zip) ─────────────────────────────────────────────────────────
    ../test-results/agent-6-insights-hub-valid-ca762-gate-to-Executive-Dashboard-chromium-retry1/trace.zip
    Usage:

        npx playwright show-trace ../test-results/agent-6-insights-hub-valid-ca762-gate-to-Executive-Dashboard-chromium-retry1/trace.zip

    ────────────────────────────────────────────────────────────────────────────────────────────────
]]>
</failure>
<system-out>
<![CDATA[
[[ATTACHMENT|agent-6-insights-hub-valid-ca762-gate-to-Executive-Dashboard-chromium/test-failed-1.png]]

[[ATTACHMENT|agent-6-insights-hub-valid-ca762-gate-to-Executive-Dashboard-chromium/video.webm]]

[[ATTACHMENT|agent-6-insights-hub-valid-ca762-gate-to-Executive-Dashboard-chromium/error-context.md]]

[[ATTACHMENT|agent-6-insights-hub-valid-ca762-gate-to-Executive-Dashboard-chromium-retry1/test-failed-1.png]]

[[ATTACHMENT|agent-6-insights-hub-valid-ca762-gate-to-Executive-Dashboard-chromium-retry1/video.webm]]

[[ATTACHMENT|agent-6-insights-hub-valid-ca762-gate-to-Executive-Dashboard-chromium-retry1/error-context.md]]

[[ATTACHMENT|agent-6-insights-hub-valid-ca762-gate-to-Executive-Dashboard-chromium-retry1/trace.zip]]
]]>
</system-out>
</testcase>
</testsuite>
</testsuites>