
> fleet-garage-system@1.0.0 typecheck
> tsc --noEmit

src/components/common/ScannerModal.tsx(596,9): error TS2322: Type '{ onScan: (detectedCodes: any[]) => void; onError: (err: unknown) => void; formats: string[]; paused: boolean; components: { audio: boolean; torch: boolean; finder: boolean; }; constraints: { facingMode: "user" | "environment"; }; styles: { ...; }; }' is not assignable to type 'IntrinsicAttributes & QrScannerProps'.
  Property 'onScan' does not exist on type 'IntrinsicAttributes & QrScannerProps'.
src/components/common/VirtualList.tsx(169,24): error TS18046: 'virtualizer.getVirtualItems' is of type 'unknown'.
src/components/common/VirtualList.tsx(244,44): error TS18046: 'virtualizer.getTotalSize' is of type 'unknown'.
src/components/common/VirtualList.tsx(245,34): error TS18046: 'virtualizer.getTotalSize' is of type 'unknown'.
src/components/drilldown/DrilldownChart.tsx(131,37): error TS2322: Type '(value: number) => [string, ""]' is not assignable to type 'Formatter<number, "">'.
  Types of parameters 'value' and 'value' are incompatible.
    Type 'number | undefined' is not assignable to type 'number'.
      Type 'undefined' is not assignable to type 'number'.
src/components/drilldown/DriverDrilldownView.tsx(40,40): error TS2339: Property 'avatar_url' does not exist on type 'Driver'.
src/components/drilldown/DriverDrilldownView.tsx(66,7): error TS2353: Object literal may only specify known properties, and 'accessor' does not exist in type 'ColumnDef<Driver>'.
src/components/drilldown/DriverDrilldownView.tsx(66,17): error TS7006: Parameter 'row' implicitly has an 'any' type.
src/components/drilldown/PolicyTemplateDetailPanel.tsx(241,20): error TS2345: Argument of type 'unknown' is not assignable to parameter of type 'string'.
src/components/drilldown/SafetyComplianceDrilldowns.tsx(597,13): error TS2322: Type '"compliance-violation"' is not assignable to type 'InspectType | undefined'.
src/components/drilldown/SafetyComplianceDrilldowns.tsx(907,13): error TS2322: Type '"safety-incident"' is not assignable to type 'InspectType | undefined'.
src/components/drilldown/SafetyInspectionDrilldowns.tsx(555,13): error TS2322: Type '"safety-inspection"' is not assignable to type 'InspectType | undefined'.
src/components/drilldown/SafetyTrainingDrilldowns.tsx(513,13): error TS2322: Type '"training-record"' is not assignable to type 'InspectType | undefined'.
src/components/drilldown/SafetyTrainingDrilldowns.tsx(802,13): error TS2322: Type '"certification"' is not assignable to type 'InspectType | undefined'.
src/components/drilldown/types.ts(3,51): error TS2312: An interface can only extend an object type or intersection of object types with statically known members.
src/components/EnhancedUniversalMap.tsx(194,7): error TS2349: This expression is not callable.
  Type '{ success: (message: string, options?: Omit<ToastOptions, "type"> | undefined) => string; error: (message: string, options?: Omit<ToastOptions, "type"> | undefined) => string; info: (message: string, options?: Omit<...> | undefined) => string; warning: (message: string, options?: Omit<...> | undefined) => string; }' has no call signatures.
src/components/errors/QueryErrorBoundary.tsx(141,11): error TS2322: Type '{ children: ReactNode; onError: (error: Error, errorInfo: ErrorInfo) => void; fallbackRender: ({ error: actualError, resetErrorBoundary }: { error: any; resetErrorBoundary: any; }) => Element; }' is not assignable to type 'IntrinsicAttributes & IntrinsicClassAttributes<EnhancedErrorBoundary> & Readonly<Props>'.
  Property 'fallbackRender' does not exist on type 'IntrinsicAttributes & IntrinsicClassAttributes<EnhancedErrorBoundary> & Readonly<Props>'.
src/components/errors/QueryErrorBoundary.tsx(141,37): error TS7031: Binding element 'actualError' implicitly has an 'any' type.
src/components/errors/QueryErrorBoundary.tsx(141,50): error TS7031: Binding element 'resetErrorBoundary' implicitly has an 'any' type.
src/components/features/DrillDownChart.tsx(226,32): error TS2339: Property 'activePayload' does not exist on type 'MouseHandlerDataParam'.
src/components/features/DrillDownChart.tsx(226,54): error TS2339: Property 'activePayload' does not exist on type 'MouseHandlerDataParam'.
src/components/features/DrillDownChart.tsx(227,37): error TS2339: Property 'activePayload' does not exist on type 'MouseHandlerDataParam'.
src/components/features/DrillDownChart.tsx(257,53): error TS2345: Argument of type 'string | undefined' is not assignable to parameter of type 'SetStateAction<string | null>'.
  Type 'undefined' is not assignable to type 'SetStateAction<string | null>'.
src/components/fleet/LiveTracking.tsx(12,27): error TS2339: Property 'data' does not exist on type 'Vehicle[]'.
src/components/fleet/VehicleReservation.tsx(343,61): error TS2367: This comparison appears to be unintentional because the types '"pending" | "active" | "scheduled" | "completed" | "cancelled" | "in_progress" | "no_show"' and '"approved"' have no overlap.
src/components/FleetMap.tsx(47,22): error TS2339: Property 'importLibrary' does not exist on type 'Loader'.
src/components/FleetMap.tsx(48,22): error TS2339: Property 'importLibrary' does not exist on type 'Loader'.
src/components/FleetMap.tsx(49,22): error TS2339: Property 'importLibrary' does not exist on type 'Loader'.
src/components/garage/AdvancedPostProcessing.tsx(28,25): error TS2305: Module '"postprocessing"' has no exported member 'ToneMappingMode'.
src/components/garage/AdvancedPostProcessing.tsx(28,42): error TS2305: Module '"postprocessing"' has no exported member 'KernelSize'.
src/components/garage/AdvancedPostProcessing.tsx(179,13): error TS2578: Unused '@ts-expect-error' directive.
src/components/garage/AdvancedPostProcessing.tsx(190,13): error TS2578: Unused '@ts-expect-error' directive.
src/components/garage/AdvancedPostProcessing.tsx(204,13): error TS2578: Unused '@ts-expect-error' directive.
src/components/garage/environment/index.tsx(20,19): error TS2367: This comparison appears to be unintentional because the types 'TimeOfDay' and '"noon"' have no overlap.
src/components/garage/environment/index.tsx(20,56): error TS2367: This comparison appears to be unintentional because the types 'TimeOfDay' and '"sunset"' have no overlap.
src/components/garage/environment/index.tsx(21,20): error TS2367: This comparison appears to be unintentional because the types 'TimeOfDay' and '"noon"' have no overlap.
src/components/garage/environment/index.tsx(21,49): error TS2367: This comparison appears to be unintentional because the types 'TimeOfDay' and '"sunset"' have no overlap.
src/components/garage/environment/index.tsx(40,33): error TS7053: Element implicitly has an 'any' type because expression of type 'TimeOfDay' can't be used to index type '{ dawn: string; noon: string; sunset: string; dusk: string; night: string; }'.
  Property 'morning' does not exist on type '{ dawn: string; noon: string; sunset: string; dusk: string; night: string; }'.
src/components/hos/DOTReportsDialog.tsx(171,45): error TS2345: Argument of type 'string' is not assignable to parameter of type 'DriverFilters'.
src/components/hos/DOTReportsDialog.tsx(172,55): error TS2554: Expected 1 arguments, but got 2.
src/components/hos/DOTReportsDialog.tsx(177,63): error TS2554: Expected 1 arguments, but got 2.
src/components/hos/DOTReportsDialog.tsx(184,5): error TS2561: Object literal may only specify known properties, but 'startDate' does not exist in type 'HOSViolationFilters'. Did you mean to write 'start_date'?
src/components/hos/DOTReportsDialog.tsx(392,68): error TS2322: Type 'HOSSummaryData | DVIRSummaryData | ViolationSummaryData | DriverPerformanceData' is not assignable to type 'HOSSummaryData'.
  Type 'DVIRSummaryData' is missing the following properties from type 'HOSSummaryData': totalLogs, byStatus, byDriver, logs
src/components/hos/DOTReportsDialog.tsx(393,70): error TS2322: Type 'HOSSummaryData | DVIRSummaryData | ViolationSummaryData | DriverPerformanceData' is not assignable to type 'DVIRSummaryData'.
  Type 'HOSSummaryData' is missing the following properties from type 'DVIRSummaryData': totalReports, totalDefects, criticalDefects, unsafeVehicles, and 2 more.
src/components/hos/DOTReportsDialog.tsx(394,73): error TS2322: Type 'HOSSummaryData | DVIRSummaryData | ViolationSummaryData | DriverPerformanceData' is not assignable to type 'ViolationSummaryData'.
  Type 'HOSSummaryData' is missing the following properties from type 'ViolationSummaryData': totalViolations, bySeverity, byType, violations
src/components/hos/DOTReportsDialog.tsx(396,44): error TS2322: Type 'HOSSummaryData | DVIRSummaryData | ViolationSummaryData | DriverPerformanceData' is not assignable to type 'DriverPerformanceData'.
  Type 'HOSSummaryData' is missing the following properties from type 'DriverPerformanceData': totalHours, totalViolations, complianceRate, avgDailyHours, violations
src/components/hos/DOTReportsDialog.tsx(416,35): error TS2367: This comparison appears to be unintentional because the types 'DutyStatus' and '"sleeper"' have no overlap.
src/components/hos/DOTReportsDialog.tsx(418,35): error TS2367: This comparison appears to be unintentional because the types 'DutyStatus' and '"on_duty"' have no overlap.
src/components/hos/DOTReportsDialog.tsx(433,60): error TS2339: Property 'defects' does not exist on type 'DVIRReport'.
src/components/hos/DOTReportsDialog.tsx(435,26): error TS2339: Property 'defects' does not exist on type 'DVIRReport'.
src/components/hos/DOTReportsDialog.tsx(435,43): error TS7006: Parameter 'd' implicitly has an 'any' type.
src/components/hos/DOTReportsDialog.tsx(447,39): error TS2367: This comparison appears to be unintentional because the types 'InspectionType' and '"en_route"' have no overlap.
src/components/hos/DOTReportsDialog.tsx(576,51): error TS2339: Property 'defects' does not exist on type 'DVIRReport'.
src/components/hos/DVIRInspectionDialog.tsx(286,7): error TS2322: Type 'string' is not assignable to type 'HOSLocation'.
src/components/hos/DVIRInspectionDialog.tsx(289,7): error TS2322: Type '{ component: string; description: string; severity: string; }[] | undefined' is not assignable to type 'DVIRDefect[] | undefined'.
  Type '{ component: string; description: string; severity: string; }[]' is not assignable to type 'DVIRDefect[]'.
    Property 'defect_description' is missing in type '{ component: string; description: string; severity: string; }' but required in type 'DVIRDefect'.
src/components/hos/HOSLogEntryDialog.tsx(268,9): error TS2353: Object literal may only specify known properties, and 'coordinates' does not exist in type 'HOSLocation'.
src/components/hos/HOSLogEntryDialog.tsx(283,15): error TS2339: Property 'odometer_reading' does not exist on type 'CreateHOSLogInput'.
src/components/hos/ViolationResolutionDialog.tsx(145,9): error TS2353: Object literal may only specify known properties, and 'violationId' does not exist in type 'ResolveViolationInput'.
src/components/hubs/communication/CommunicationHub.tsx(233,56): error TS2554: Expected 1-2 arguments, but got 4.
src/components/hubs/operations/OperationsHubEnhanced.tsx(453,17): error TS2719: Type 'Vehicle[]' is not assignable to type 'Vehicle[]'. Two different types with this name exist, but they are unrelated.
  Type 'Vehicle' is not assignable to type 'Vehicle'. Two different types with this name exist, but they are unrelated.
    Types of property 'status' are incompatible.
      Type '"active" | "maintenance" | "inactive"' is not assignable to type '"offline" | "active" | "idle" | "maintenance"'.
        Type '"inactive"' is not assignable to type '"offline" | "active" | "idle" | "maintenance"'. Did you mean '"active"'?
src/components/hubs/operations/OperationsHubEnhanced.tsx(465,29): error TS2322: Type '{ id: string; taskNumber: string; description: string; priority: "medium" | "low" | "high" | "urgent"; status: string; assignedVehicleId: string; assignedDriverId: string | undefined; estimatedDuration: number; }[]' is not assignable to type 'Task[]'.
  Type '{ id: string; taskNumber: string; description: string; priority: "low" | "medium" | "high" | "urgent"; status: string; assignedVehicleId: string; assignedDriverId: string | undefined; estimatedDuration: number; }' is not assignable to type 'Task'.
    Types of property 'status' are incompatible.
      Type 'string' is not assignable to type '"pending" | "completed" | "in-progress" | "assigned"'.
src/components/hubs/operations/OperationsHubEnhanced.tsx(469,28): error TS2322: Type '{ id: string; routeNumber: string; name: string; assignedVehicleId: string | undefined; assignedDriverId: string | undefined; scheduledStart: string; scheduledEnd: string; status: string; }[]' is not assignable to type '{ id: string; routeNumber: string; name: string; assignedVehicleId?: string | undefined; assignedDriverId?: string | undefined; scheduledStart: string; scheduledEnd: string; status: "pending" | "delayed" | "active" | "completed"; }[]'.
  Type '{ id: string; routeNumber: string; name: string; assignedVehicleId: string | undefined; assignedDriverId: string | undefined; scheduledStart: string; scheduledEnd: string; status: string; }' is not assignable to type '{ id: string; routeNumber: string; name: string; assignedVehicleId?: string | undefined; assignedDriverId?: string | undefined; scheduledStart: string; scheduledEnd: string; status: "pending" | "delayed" | "active" | "completed"; }'.
    Types of property 'status' are incompatible.
      Type 'string' is not assignable to type '"pending" | "delayed" | "active" | "completed"'.
src/components/hubs/operations/OperationsHubEnhanced.tsx(474,15): error TS2719: Type 'Vehicle[]' is not assignable to type 'Vehicle[]'. Two different types with this name exist, but they are unrelated.
  Type 'Vehicle' is not assignable to type 'Vehicle'. Two different types with this name exist, but they are unrelated.
    Types of property 'status' are incompatible.
      Type '"active" | "maintenance" | "inactive"' is not assignable to type '"offline" | "active" | "idle" | "maintenance"'.
        Type '"inactive"' is not assignable to type '"offline" | "active" | "idle" | "maintenance"'. Did you mean '"active"'?
src/components/mobile/MobileCard.tsx(30,6): error TS2322: Type '{ children: Element; ref?: LegacyRef<HTMLDivElement> | undefined; key?: Key | null | undefined; defaultChecked?: boolean | undefined; defaultValue?: string | ... 2 more ... | undefined; ... 259 more ...; onClick: (() => void) | undefined; }' is not assignable to type 'Omit<CardProps, "ref">'.
  Types of property 'onDrag' are incompatible.
    Type 'DragEventHandler<HTMLDivElement> | undefined' is not assignable to type '((event: MouseEvent | TouchEvent | PointerEvent, info: PanInfo) => void) | undefined'.
      Type 'DragEventHandler<HTMLDivElement>' is not assignable to type '(event: MouseEvent | TouchEvent | PointerEvent, info: PanInfo) => void'.
        Types of parameters 'event' and 'event' are incompatible.
          Type 'MouseEvent | TouchEvent | PointerEvent' is not assignable to type 'DragEvent<HTMLDivElement>'.
            Type 'MouseEvent' is missing the following properties from type 'DragEvent<HTMLDivElement>': dataTransfer, nativeEvent, isDefaultPrevented, isPropagationStopped, persist
src/components/modules/admin/PolicyViolations.tsx(350,51): error TS2349: This expression is not callable.
  No constituent of type '"pdf" | "excel" | "csv"' is callable.
src/components/modules/maintenance/MaintenanceScheduling.tsx(1,10): error TS2300: Duplicate identifier 'Calendar'.
src/components/modules/maintenance/MaintenanceScheduling.tsx(10,10): error TS2300: Duplicate identifier 'Calendar'.
src/components/modules/maintenance/MaintenanceScheduling.tsx(283,15): error TS2322: Type 'Dispatch<SetStateAction<Date | undefined>>' is not assignable to type 'ReactEventHandler<SVGSVGElement>'.
  Types of parameters 'value' and 'event' are incompatible.
    Type 'SyntheticEvent<SVGSVGElement, Event>' is not assignable to type 'SetStateAction<Date | undefined>'.
src/components/modules/operations/DispatchConsole.tsx(188,22): error TS2322: Type '{ sx: { fontSize: number; color: string; }; }' is not assignable to type 'IntrinsicAttributes & LucideProps'.
  Property 'sx' does not exist on type 'IntrinsicAttributes & LucideProps'.
src/components/modules/operations/DispatchConsole.tsx(297,50): error TS2322: Type '{ sx: { fontSize: number; }; }' is not assignable to type 'IntrinsicAttributes & LucideProps'.
  Property 'sx' does not exist on type 'IntrinsicAttributes & LucideProps'.
src/components/modules/operations/DispatchConsole.tsx(297,85): error TS2322: Type '{ sx: { fontSize: number; }; }' is not assignable to type 'IntrinsicAttributes & LucideProps'.
  Property 'sx' does not exist on type 'IntrinsicAttributes & LucideProps'.
src/components/ScanAssetModal.tsx(36,13): error TS2339: Property 'error' does not exist on type 'typeof import("/Users/andrewmorton/Documents/GitHub/Fleet-CTA/node_modules/react-toastify/dist/index")'.
src/components/ScanAssetModal.tsx(58,11): error TS2339: Property 'error' does not exist on type 'typeof import("/Users/andrewmorton/Documents/GitHub/Fleet-CTA/node_modules/react-toastify/dist/index")'.
src/components/ScanAssetModal.tsx(71,9): error TS2322: Type '(error: Error) => void' is not assignable to type '(error: string | DOMException) => void'.
  Types of parameters 'error' and 'error' are incompatible.
    Type 'string | DOMException' is not assignable to type 'Error'.
      Type 'string' is not assignable to type 'Error'.
src/components/shared/ExcelDataTable.tsx(152,19): error TS2322: Type 'unknown' is not assignable to type 'string | number | boolean | ReactElement<any, string | JSXElementConstructor<any>> | Iterable<ReactNode> | ReactPortal | null | undefined'.
src/components/shared/ExcelStyleTable.tsx(621,35): error TS2339: Property 'indeterminate' does not exist on type 'HTMLButtonElement'.
src/components/ui/chart.tsx(168,3): error TS2339: Property 'payload' does not exist on type 'Omit<Props<ValueType, NameType>, PropertiesReadFromContext> & { active?: boolean | undefined; allowEscapeViewBox?: AllowInDimension | undefined; ... 17 more ...; wrapperStyle?: CSSProperties | undefined; } & ClassAttributes<...> & HTMLAttributes<...> & { ...; }'.
src/components/ui/chart.tsx(173,3): error TS2339: Property 'label' does not exist on type 'Omit<Props<ValueType, NameType>, PropertiesReadFromContext> & { active?: boolean | undefined; allowEscapeViewBox?: AllowInDimension | undefined; ... 17 more ...; wrapperStyle?: CSSProperties | undefined; } & ClassAttributes<...> & HTMLAttributes<...> & { ...; }'.
src/components/ui/chart.tsx(319,21): error TS2344: Type '"verticalAlign" | "payload"' does not satisfy the constraint '"string" | "style" | "clipPath" | "filter" | "mask" | "path" | "points" | "color" | "className" | "key" | "name" | "type" | "suppressHydrationWarning" | "id" | "lang" | "tabIndex" | ... 421 more ... | "onBBoxUpdate"'.
  Type '"payload"' is not assignable to type '"string" | "style" | "clipPath" | "filter" | "mask" | "path" | "points" | "color" | "className" | "key" | "name" | "type" | "suppressHydrationWarning" | "id" | "lang" | "tabIndex" | ... 421 more ... | "onBBoxUpdate"'.
src/components/ui/chart.tsx(325,17): error TS2339: Property 'length' does not exist on type '{}'.
src/components/ui/chart.tsx(337,16): error TS2339: Property 'map' does not exist on type '{}'.
src/components/ui/CommandDock.tsx(74,37): error TS2322: Type '{ className: string; weight: string; }' is not assignable to type 'IntrinsicAttributes & LucideProps'.
  Property 'weight' does not exist on type 'IntrinsicAttributes & LucideProps'. Did you mean 'height'?
src/components/ui/hub-page.tsx(160,86): error TS2352: Conversion of type 'string | number | boolean | ReactElement<any, string | JSXElementConstructor<any>> | Iterable<ReactNode>' to type 'ComponentType<{}>' may be a mistake because neither type sufficiently overlaps with the other. If this was intentional, convert the expression to 'unknown' first.
  Type 'Iterable<ReactNode>' is not comparable to type 'ComponentType<{}>'.
src/components/ui/hub-page.tsx(160,117): error TS2769: No overload matches this call.
  The last overload gave the following error.
    Object literal may only specify known properties, and 'className' does not exist in type 'Attributes'.
src/components/ui/hub-page.tsx(231,119): error TS2352: Conversion of type 'string | number | boolean | ReactElement<any, string | JSXElementConstructor<any>> | Iterable<ReactNode>' to type 'ComponentType<{}>' may be a mistake because neither type sufficiently overlaps with the other. If this was intentional, convert the expression to 'unknown' first.
  Type 'Iterable<ReactNode>' is not comparable to type 'ComponentType<{}>'.
src/components/ui/hub-page.tsx(231,154): error TS2769: No overload matches this call.
  The last overload gave the following error.
    Object literal may only specify known properties, and 'className' does not exist in type 'Attributes'.
src/components/ui/resizable.tsx(10,45): error TS2339: Property 'PanelGroup' does not exist on type 'typeof import("/Users/andrewmorton/Documents/GitHub/Fleet-CTA/node_modules/react-resizable-panels/dist/react-resizable-panels")'.
src/components/ui/resizable.tsx(12,25): error TS2339: Property 'PanelGroup' does not exist on type 'typeof import("/Users/andrewmorton/Documents/GitHub/Fleet-CTA/node_modules/react-resizable-panels/dist/react-resizable-panels")'.
src/components/ui/resizable.tsx(33,45): error TS2339: Property 'PanelResizeHandle' does not exist on type 'typeof import("/Users/andrewmorton/Documents/GitHub/Fleet-CTA/node_modules/react-resizable-panels/dist/react-resizable-panels")'.
src/components/ui/resizable.tsx(37,25): error TS2339: Property 'PanelResizeHandle' does not exist on type 'typeof import("/Users/andrewmorton/Documents/GitHub/Fleet-CTA/node_modules/react-resizable-panels/dist/react-resizable-panels")'.
src/components/ui/resizable.tsx(50,26): error TS2339: Property 'PanelResizeHandle' does not exist on type 'typeof import("/Users/andrewmorton/Documents/GitHub/Fleet-CTA/node_modules/react-resizable-panels/dist/react-resizable-panels")'.
src/components/ui/virtual-table.tsx(45,12): error TS18046: 'columnVirtualizer.getVirtualItems' is of type 'unknown'.
src/components/ui/virtual-table.tsx(73,22): error TS18046: 'rowVirtualizer.getTotalSize' is of type 'unknown'.
src/components/ui/virtual-table.tsx(74,21): error TS18046: 'columnVirtualizer.getTotalSize' is of type 'unknown'.
src/components/ui/virtual-table.tsx(101,10): error TS18046: 'rowVirtualizer.getVirtualItems' is of type 'unknown'.
src/components/ui/virtualized-table.tsx(216,23): error TS18046: 'virtualizer.getVirtualItems' is of type 'unknown'.
src/components/ui/virtualized-table.tsx(217,21): error TS18046: 'virtualizer.getTotalSize' is of type 'unknown'.
src/components/ui/virtualized-table.tsx(242,12): error TS2339: Property 'writeFile' does not exist on type 'typeof import("xlsx")'.
src/components/ui/virtualized-table.tsx(470,32): error TS7006: Parameter 'virtualRow' implicitly has an 'any' type.
src/components/ui/virtualized-table.tsx(476,21): error TS2322: Type 'unknown' is not assignable to type 'LegacyRef<HTMLTableRowElement> | undefined'.
src/components/vehicle/HardwareConfigurationPanel.tsx(195,24): error TS2322: Type '"offline" | "online" | "connected"' is not assignable to type '"offline" | "online" | "busy" | "away"'.
  Type '"connected"' is not assignable to type '"offline" | "online" | "busy" | "away"'.
src/components/visualizations/OperationalMetrics.tsx(188,19): error TS2322: Type '{ value: number; className: string; indicatorClassName: string; }' is not assignable to type 'IntrinsicAttributes & ProgressProps & RefAttributes<HTMLDivElement>'.
  Property 'indicatorClassName' does not exist on type 'IntrinsicAttributes & ProgressProps & RefAttributes<HTMLDivElement>'.
src/components/visualizations/ResponsivePieChart.tsx(198,19): error TS2322: Type 'DataPoint[]' is not assignable to type 'ChartDataInput[]'.
  Type 'DataPoint' is not assignable to type 'ChartDataInput'.
    Index signature for type 'string' is missing in type 'DataPoint'.
src/components/visualizations/ResponsivePieChart.tsx(210,25): error TS18048: 'percent' is possibly 'undefined'.
src/components/visualizations/ResponsivePieChart.tsx(213,55): error TS18048: 'midAngle' is possibly 'undefined'.
src/components/visualizations/ResponsivePieChart.tsx(214,55): error TS18048: 'midAngle' is possibly 'undefined'.
src/components/visualizations/TreemapChart.tsx(148,15): error TS2322: Type 'TreemapDataPoint[]' is not assignable to type 'readonly TreemapDataType[]'.
  Type 'TreemapDataPoint' is not assignable to type 'TreemapDataType'.
    Index signature for type 'string' is missing in type 'TreemapDataPoint'.
src/components/visualizations/VehicleStatusGrid.tsx(189,23): error TS2322: Type '{ value: number; className: string; indicatorClassName: string; }' is not assignable to type 'IntrinsicAttributes & ProgressProps & RefAttributes<HTMLDivElement>'.
  Property 'indicatorClassName' does not exist on type 'IntrinsicAttributes & ProgressProps & RefAttributes<HTMLDivElement>'.
src/components/visualizations/VehicleStatusGrid.tsx(206,23): error TS2322: Type '{ value: number; className: string; indicatorClassName: string; }' is not assignable to type 'IntrinsicAttributes & ProgressProps & RefAttributes<HTMLDivElement>'.
  Property 'indicatorClassName' does not exist on type 'IntrinsicAttributes & ProgressProps & RefAttributes<HTMLDivElement>'.
src/components/visualizations/VehicleStatusGrid.tsx(225,23): error TS2322: Type '{ value: number; className: string; indicatorClassName: string; }' is not assignable to type 'IntrinsicAttributes & ProgressProps & RefAttributes<HTMLDivElement>'.
  Property 'indicatorClassName' does not exist on type 'IntrinsicAttributes & ProgressProps & RefAttributes<HTMLDivElement>'.
src/contexts/AuthContext.tsx(144,29): error TS2339: Property 'Login' does not exist on type '{ readonly Startup: "startup"; readonly Logout: "logout"; readonly AcquireToken: "acquireToken"; readonly HandleRedirect: "handleRedirect"; readonly None: "none"; }'.
src/contexts/AuthContext.tsx(148,29): error TS2339: Property 'SsoSilent' does not exist on type '{ readonly Startup: "startup"; readonly Logout: "logout"; readonly AcquireToken: "acquireToken"; readonly HandleRedirect: "handleRedirect"; readonly None: "none"; }'.
src/contexts/AuthContext.tsx(234,29): error TS2339: Property 'Login' does not exist on type '{ readonly Startup: "startup"; readonly Logout: "logout"; readonly AcquireToken: "acquireToken"; readonly HandleRedirect: "handleRedirect"; readonly None: "none"; }'.
src/contexts/AuthContext.tsx(238,29): error TS2339: Property 'SsoSilent' does not exist on type '{ readonly Startup: "startup"; readonly Logout: "logout"; readonly AcquireToken: "acquireToken"; readonly HandleRedirect: "handleRedirect"; readonly None: "none"; }'.
src/core/multi-tenant/auth/azure-sso.config.ts(19,5): error TS2353: Object literal may only specify known properties, and 'navigateToLoginRequestUrl' does not exist in type 'BrowserAuthOptions'.
src/core/multi-tenant/auth/azure-sso.config.ts(23,5): error TS2353: Object literal may only specify known properties, and 'storeAuthStateInCookie' does not exist in type 'CacheOptions'.
src/core/multi-tenant/auth/azure-sso.config.ts(47,5): error TS2353: Object literal may only specify known properties, and 'windowHashTimeout' does not exist in type 'BrowserSystemOptions'.
src/core/multi-tenant/auth/azure-sso.config.ts(236,32): error TS7053: Element implicitly has an 'any' type because expression of type 'any' can't be used to index type '{ 'Fleet Administrator': string; 'Fleet Manager': string; 'Fleet Operator': string; 'Fleet Viewer': string; }'.
src/core/multi-tenant/auth/azure-sso.config.ts(237,19): error TS7053: Element implicitly has an 'any' type because expression of type 'any' can't be used to index type '{ 'Fleet Administrator': string; 'Fleet Manager': string; 'Fleet Operator': string; 'Fleet Viewer': string; }'.
src/core/multi-tenant/auth/hooks/useAuthGuard.ts(10,25): error TS2307: Cannot find module '../../contexts/AuthContext' or its corresponding type declarations.
src/core/multi-tenant/auth/OktaSAMLProvider.tsx(133,48): error TS2339: Property 'idToken' does not exist on type 'AuthState'.
src/core/multi-tenant/auth/OktaSAMLProvider.tsx(134,32): error TS2339: Property 'idToken' does not exist on type 'AuthState'.
src/core/multi-tenant/auth/OktaSAMLProvider.tsx(147,9): error TS2322: Type 'string' is not assignable to type '"central" | "headquarters" | "northeast" | "northwest" | "southern" | "southeast" | "suncoast"'.
src/core/multi-tenant/auth/OktaSAMLProvider.tsx(218,22): error TS2693: 'OktaAuth' only refers to a type, but is being used as a value here.
src/core/multi-tenant/auth/OktaSAMLProvider.tsx(446,37): error TS2322: Type '{ children: ReactNode; oktaAuth: any; restoreOriginalUri: (oktaAuth: any, originalUri: any) => Promise<void>; }' is not assignable to type 'IntrinsicAttributes & { oktaAuth: unknown; children: ReactNode; }'.
  Property 'restoreOriginalUri' does not exist on type 'IntrinsicAttributes & { oktaAuth: unknown; children: ReactNode; }'.
src/core/multi-tenant/auth/OktaSAMLProvider.tsx(446,64): error TS7006: Parameter 'oktaAuth' implicitly has an 'any' type.
src/core/multi-tenant/auth/OktaSAMLProvider.tsx(446,74): error TS7006: Parameter 'originalUri' implicitly has an 'any' type.
src/core/multi-tenant/auth/OktaSSO.tsx(201,22): error TS2552: Cannot find name 'OktaAuth'. Did you mean 'oktaAuth'?
src/core/multi-tenant/auth/OktaSSO.tsx(523,9): error TS2322: Type '{ children: ReactNode; oktaAuth: any; onAuthRequired: (() => void) | undefined; restoreOriginalUri: (oktaAuth: any, originalUri: any) => Promise<void>; }' is not assignable to type 'IntrinsicAttributes & { oktaAuth: unknown; children: ReactNode; }'.
  Property 'onAuthRequired' does not exist on type 'IntrinsicAttributes & { oktaAuth: unknown; children: ReactNode; }'.
src/core/multi-tenant/auth/OktaSSO.tsx(524,36): error TS7006: Parameter 'oktaAuth' implicitly has an 'any' type.
src/core/multi-tenant/auth/OktaSSO.tsx(524,46): error TS7006: Parameter 'originalUri' implicitly has an 'any' type.
src/core/multi-tenant/auth/OktaSSO.tsx(527,13): error TS2304: Cannot find name 'toRelativeUrl'.
src/core/multi-tenant/auth/OktaSSO.tsx(624,14): error TS7006: Parameter 'error' implicitly has an 'any' type.
src/features/business/accounting/FLAIRApprovalDashboard.tsx(9,25): error TS2307: Cannot find module '../../contexts/AuthContext' or its corresponding type declarations.
src/features/business/accounting/FLAIRApprovalDashboard.tsx(10,60): error TS2307: Cannot find module '../../services/FLAIRIntegration' or its corresponding type declarations.
src/features/business/accounting/FLAIRApprovalDashboard.tsx(50,20): error TS7053: Element implicitly has an 'any' type because expression of type 'any' can't be used to index type '{ pending: { color: string; text: string; }; supervisor_approved: { color: string; text: string; }; finance_approved: { color: string; text: string; }; submitted_to_flair: { color: string; text: string; }; processed: { ...; }; rejected: { ...; }; }'.
src/features/business/accounting/FLAIRApprovalDashboard.tsx(133,41): error TS7006: Parameter 'approval' implicitly has an 'any' type.
src/features/business/accounting/FLAIRApprovalDashboard.tsx(133,51): error TS7006: Parameter 'index' implicitly has an 'any' type.
src/features/business/accounting/FLAIRApprovalDashboard.tsx(460,50): error TS2554: Expected 1-2 arguments, but got 3.
src/features/business/accounting/FLAIRExpenseSubmission.tsx(9,25): error TS2307: Cannot find module '../../contexts/AuthContext' or its corresponding type declarations.
src/features/business/accounting/FLAIRExpenseSubmission.tsx(10,75): error TS2307: Cannot find module '../../services/FLAIRIntegration' or its corresponding type declarations.
src/features/business/analytics/CostAnalyticsChart.tsx(109,8): error TS2769: No overload matches this call.
  Overload 1 of 2, '(props: { component: ElementType<any, keyof IntrinsicElements>; } & GridBaseProps & { sx?: SxProps<Theme> | undefined; } & SystemProps<...> & Omit<...>): Element | null', gave the following error.
    Property 'component' is missing in type '{ children: Element; item: true; xs: number; md: number; }' but required in type '{ component: ElementType<any, keyof IntrinsicElements>; }'.
  Overload 2 of 2, '(props: DefaultComponentProps<GridTypeMap<{}, "div">>): Element | null', gave the following error.
    Type '{ children: Element; item: true; xs: number; md: number; }' is not assignable to type 'IntrinsicAttributes & GridBaseProps & { sx?: SxProps<Theme> | undefined; } & SystemProps<Theme> & Omit<...>'.
      Property 'item' does not exist on type 'IntrinsicAttributes & GridBaseProps & { sx?: SxProps<Theme> | undefined; } & SystemProps<Theme> & Omit<...>'.
src/features/business/analytics/CostAnalyticsChart.tsx(134,20): error TS2769: No overload matches this call.
  Overload 1 of 2, '(props: { component: ElementType<any, keyof IntrinsicElements>; } & GridBaseProps & { sx?: SxProps<Theme> | undefined; } & SystemProps<...> & Omit<...>): Element | null', gave the following error.
    Property 'component' is missing in type '{ children: Element; item: true; xs: number; }' but required in type '{ component: ElementType<any, keyof IntrinsicElements>; }'.
  Overload 2 of 2, '(props: DefaultComponentProps<GridTypeMap<{}, "div">>): Element | null', gave the following error.
    Type '{ children: Element; item: true; xs: number; }' is not assignable to type 'IntrinsicAttributes & GridBaseProps & { sx?: SxProps<Theme> | undefined; } & SystemProps<Theme> & Omit<...>'.
      Property 'item' does not exist on type 'IntrinsicAttributes & GridBaseProps & { sx?: SxProps<Theme> | undefined; } & SystemProps<Theme> & Omit<...>'.
src/features/business/analytics/CostAnalyticsChart.tsx(147,20): error TS2769: No overload matches this call.
  Overload 1 of 2, '(props: { component: ElementType<any, keyof IntrinsicElements>; } & GridBaseProps & { sx?: SxProps<Theme> | undefined; } & SystemProps<...> & Omit<...>): Element | null', gave the following error.
    Property 'component' is missing in type '{ children: Element; item: true; xs: number; }' but required in type '{ component: ElementType<any, keyof IntrinsicElements>; }'.
  Overload 2 of 2, '(props: DefaultComponentProps<GridTypeMap<{}, "div">>): Element | null', gave the following error.
    Type '{ children: Element; item: true; xs: number; }' is not assignable to type 'IntrinsicAttributes & GridBaseProps & { sx?: SxProps<Theme> | undefined; } & SystemProps<Theme> & Omit<...>'.
      Property 'item' does not exist on type 'IntrinsicAttributes & GridBaseProps & { sx?: SxProps<Theme> | undefined; } & SystemProps<Theme> & Omit<...>'.
src/features/business/analytics/CostAnalyticsChart.tsx(168,8): error TS2769: No overload matches this call.
  Overload 1 of 2, '(props: { component: ElementType<any, keyof IntrinsicElements>; } & GridBaseProps & { sx?: SxProps<Theme> | undefined; } & SystemProps<...> & Omit<...>): Element | null', gave the following error.
    Property 'component' is missing in type '{ children: Element; item: true; xs: number; md: number; }' but required in type '{ component: ElementType<any, keyof IntrinsicElements>; }'.
  Overload 2 of 2, '(props: DefaultComponentProps<GridTypeMap<{}, "div">>): Element | null', gave the following error.
    Type '{ children: Element; item: true; xs: number; md: number; }' is not assignable to type 'IntrinsicAttributes & GridBaseProps & { sx?: SxProps<Theme> | undefined; } & SystemProps<Theme> & Omit<...>'.
      Property 'item' does not exist on type 'IntrinsicAttributes & GridBaseProps & { sx?: SxProps<Theme> | undefined; } & SystemProps<Theme> & Omit<...>'.
src/features/business/analytics/CostAnalyticsChart.tsx(199,22): error TS2769: No overload matches this call.
  Overload 1 of 2, '(props: { component: ElementType<any, keyof IntrinsicElements>; } & GridBaseProps & { sx?: SxProps<Theme> | undefined; } & SystemProps<...> & Omit<...>): Element | null', gave the following error.
    Property 'component' is missing in type '{ children: Element; item: true; xs: number; key: number; }' but required in type '{ component: ElementType<any, keyof IntrinsicElements>; }'.
  Overload 2 of 2, '(props: DefaultComponentProps<GridTypeMap<{}, "div">>): Element | null', gave the following error.
    Type '{ children: Element; item: true; xs: number; key: number; }' is not assignable to type 'IntrinsicAttributes & GridBaseProps & { sx?: SxProps<Theme> | undefined; } & SystemProps<Theme> & Omit<...>'.
      Property 'item' does not exist on type 'IntrinsicAttributes & GridBaseProps & { sx?: SxProps<Theme> | undefined; } & SystemProps<Theme> & Omit<...>'.
src/features/business/analytics/CostAnalyticsChart.tsx(229,10): error TS2769: No overload matches this call.
  Overload 1 of 2, '(props: { component: ElementType<any, keyof IntrinsicElements>; } & GridBaseProps & { sx?: SxProps<Theme> | undefined; } & SystemProps<...> & Omit<...>): Element | null', gave the following error.
    Property 'component' is missing in type '{ children: Element; item: true; xs: number; }' but required in type '{ component: ElementType<any, keyof IntrinsicElements>; }'.
  Overload 2 of 2, '(props: DefaultComponentProps<GridTypeMap<{}, "div">>): Element | null', gave the following error.
    Type '{ children: Element; item: true; xs: number; }' is not assignable to type 'IntrinsicAttributes & GridBaseProps & { sx?: SxProps<Theme> | undefined; } & SystemProps<Theme> & Omit<...>'.
      Property 'item' does not exist on type 'IntrinsicAttributes & GridBaseProps & { sx?: SxProps<Theme> | undefined; } & SystemProps<Theme> & Omit<...>'.
src/features/business/analytics/CostAnalyticsChart.tsx(261,8): error TS2769: No overload matches this call.
  Overload 1 of 2, '(props: { component: ElementType<any, keyof IntrinsicElements>; } & GridBaseProps & { sx?: SxProps<Theme> | undefined; } & SystemProps<...> & Omit<...>): Element | null', gave the following error.
    Property 'component' is missing in type '{ children: Element; item: true; xs: number; }' but required in type '{ component: ElementType<any, keyof IntrinsicElements>; }'.
  Overload 2 of 2, '(props: DefaultComponentProps<GridTypeMap<{}, "div">>): Element | null', gave the following error.
    Type '{ children: Element; item: true; xs: number; }' is not assignable to type 'IntrinsicAttributes & GridBaseProps & { sx?: SxProps<Theme> | undefined; } & SystemProps<Theme> & Omit<...>'.
      Property 'item' does not exist on type 'IntrinsicAttributes & GridBaseProps & { sx?: SxProps<Theme> | undefined; } & SystemProps<Theme> & Omit<...>'.
src/features/business/analytics/CostAnalyticsChart.tsx(265,16): error TS2769: No overload matches this call.
  Overload 1 of 2, '(props: { component: ElementType<any, keyof IntrinsicElements>; } & GridBaseProps & { sx?: SxProps<Theme> | undefined; } & SystemProps<...> & Omit<...>): Element | null', gave the following error.
    Property 'component' is missing in type '{ children: Element; item: true; xs: number; sm: number; }' but required in type '{ component: ElementType<any, keyof IntrinsicElements>; }'.
  Overload 2 of 2, '(props: DefaultComponentProps<GridTypeMap<{}, "div">>): Element | null', gave the following error.
    Type '{ children: Element; item: true; xs: number; sm: number; }' is not assignable to type 'IntrinsicAttributes & GridBaseProps & { sx?: SxProps<Theme> | undefined; } & SystemProps<Theme> & Omit<...>'.
      Property 'item' does not exist on type 'IntrinsicAttributes & GridBaseProps & { sx?: SxProps<Theme> | undefined; } & SystemProps<Theme> & Omit<...>'.
src/features/business/analytics/CostAnalyticsChart.tsx(275,16): error TS2769: No overload matches this call.
  Overload 1 of 2, '(props: { component: ElementType<any, keyof IntrinsicElements>; } & GridBaseProps & { sx?: SxProps<Theme> | undefined; } & SystemProps<...> & Omit<...>): Element | null', gave the following error.
    Property 'component' is missing in type '{ children: Element; item: true; xs: number; sm: number; }' but required in type '{ component: ElementType<any, keyof IntrinsicElements>; }'.
  Overload 2 of 2, '(props: DefaultComponentProps<GridTypeMap<{}, "div">>): Element | null', gave the following error.
    Type '{ children: Element; item: true; xs: number; sm: number; }' is not assignable to type 'IntrinsicAttributes & GridBaseProps & { sx?: SxProps<Theme> | undefined; } & SystemProps<Theme> & Omit<...>'.
      Property 'item' does not exist on type 'IntrinsicAttributes & GridBaseProps & { sx?: SxProps<Theme> | undefined; } & SystemProps<Theme> & Omit<...>'.
src/features/business/analytics/CostAnalyticsChart.tsx(285,16): error TS2769: No overload matches this call.
  Overload 1 of 2, '(props: { component: ElementType<any, keyof IntrinsicElements>; } & GridBaseProps & { sx?: SxProps<Theme> | undefined; } & SystemProps<...> & Omit<...>): Element | null', gave the following error.
    Property 'component' is missing in type '{ children: Element; item: true; xs: number; sm: number; }' but required in type '{ component: ElementType<any, keyof IntrinsicElements>; }'.
  Overload 2 of 2, '(props: DefaultComponentProps<GridTypeMap<{}, "div">>): Element | null', gave the following error.
    Type '{ children: Element; item: true; xs: number; sm: number; }' is not assignable to type 'IntrinsicAttributes & GridBaseProps & { sx?: SxProps<Theme> | undefined; } & SystemProps<Theme> & Omit<...>'.
      Property 'item' does not exist on type 'IntrinsicAttributes & GridBaseProps & { sx?: SxProps<Theme> | undefined; } & SystemProps<Theme> & Omit<...>'.
src/features/business/analytics/FleetMetricsCards.tsx(172,12): error TS2769: No overload matches this call.
  Overload 1 of 2, '(props: { component: ElementType<any, keyof IntrinsicElements>; } & GridBaseProps & { sx?: SxProps<Theme> | undefined; } & SystemProps<...> & Omit<...>): Element | null', gave the following error.
    Property 'component' is missing in type '{ children: Element; item: true; xs: number; sm: number; md: number; lg: number; key: number; }' but required in type '{ component: ElementType<any, keyof IntrinsicElements>; }'.
  Overload 2 of 2, '(props: DefaultComponentProps<GridTypeMap<{}, "div">>): Element | null', gave the following error.
    Type '{ children: Element; item: true; xs: number; sm: number; md: number; lg: number; key: number; }' is not assignable to type 'IntrinsicAttributes & GridBaseProps & { sx?: SxProps<Theme> | undefined; } & SystemProps<Theme> & Omit<...>'.
      Property 'item' does not exist on type 'IntrinsicAttributes & GridBaseProps & { sx?: SxProps<Theme> | undefined; } & SystemProps<Theme> & Omit<...>'.
src/features/business/analytics/VehicleUtilizationChart.tsx(123,8): error TS2769: No overload matches this call.
  Overload 1 of 2, '(props: { component: ElementType<any, keyof IntrinsicElements>; } & GridBaseProps & { sx?: SxProps<Theme> | undefined; } & SystemProps<...> & Omit<...>): Element | null', gave the following error.
    Property 'component' is missing in type '{ children: Element; item: true; xs: number; md: number; }' but required in type '{ component: ElementType<any, keyof IntrinsicElements>; }'.
  Overload 2 of 2, '(props: DefaultComponentProps<GridTypeMap<{}, "div">>): Element | null', gave the following error.
    Type '{ children: Element; item: true; xs: number; md: number; }' is not assignable to type 'IntrinsicAttributes & GridBaseProps & { sx?: SxProps<Theme> | undefined; } & SystemProps<Theme> & Omit<...>'.
      Property 'item' does not exist on type 'IntrinsicAttributes & GridBaseProps & { sx?: SxProps<Theme> | undefined; } & SystemProps<Theme> & Omit<...>'.
src/features/business/analytics/VehicleUtilizationChart.tsx(138,48): error TS2339: Property 'status' does not exist on type 'PieLabelRenderProps'.
src/features/business/analytics/VehicleUtilizationChart.tsx(138,65): error TS2339: Property 'count' does not exist on type 'PieLabelRenderProps'.
src/features/business/analytics/VehicleUtilizationChart.tsx(192,8): error TS2769: No overload matches this call.
  Overload 1 of 2, '(props: { component: ElementType<any, keyof IntrinsicElements>; } & GridBaseProps & { sx?: SxProps<Theme> | undefined; } & SystemProps<...> & Omit<...>): Element | null', gave the following error.
    Property 'component' is missing in type '{ children: Element; item: true; xs: number; md: number; }' but required in type '{ component: ElementType<any, keyof IntrinsicElements>; }'.
  Overload 2 of 2, '(props: DefaultComponentProps<GridTypeMap<{}, "div">>): Element | null', gave the following error.
    Type '{ children: Element; item: true; xs: number; md: number; }' is not assignable to type 'IntrinsicAttributes & GridBaseProps & { sx?: SxProps<Theme> | undefined; } & SystemProps<Theme> & Omit<...>'.
      Property 'item' does not exist on type 'IntrinsicAttributes & GridBaseProps & { sx?: SxProps<Theme> | undefined; } & SystemProps<Theme> & Omit<...>'.
src/features/business/analytics/VehicleUtilizationChart.tsx(244,20): error TS2769: No overload matches this call.
  Overload 1 of 2, '(props: { component: ElementType<any, keyof IntrinsicElements>; } & GridBaseProps & { sx?: SxProps<Theme> | undefined; } & SystemProps<...> & Omit<...>): Element | null', gave the following error.
    Property 'component' is missing in type '{ children: Element; item: true; xs: number; }' but required in type '{ component: ElementType<any, keyof IntrinsicElements>; }'.
  Overload 2 of 2, '(props: DefaultComponentProps<GridTypeMap<{}, "div">>): Element | null', gave the following error.
    Type '{ children: Element; item: true; xs: number; }' is not assignable to type 'IntrinsicAttributes & GridBaseProps & { sx?: SxProps<Theme> | undefined; } & SystemProps<Theme> & Omit<...>'.
      Property 'item' does not exist on type 'IntrinsicAttributes & GridBaseProps & { sx?: SxProps<Theme> | undefined; } & SystemProps<Theme> & Omit<...>'.
src/features/business/analytics/VehicleUtilizationChart.tsx(254,20): error TS2769: No overload matches this call.
  Overload 1 of 2, '(props: { component: ElementType<any, keyof IntrinsicElements>; } & GridBaseProps & { sx?: SxProps<Theme> | undefined; } & SystemProps<...> & Omit<...>): Element | null', gave the following error.
    Property 'component' is missing in type '{ children: Element; item: true; xs: number; }' but required in type '{ component: ElementType<any, keyof IntrinsicElements>; }'.
  Overload 2 of 2, '(props: DefaultComponentProps<GridTypeMap<{}, "div">>): Element | null', gave the following error.
    Type '{ children: Element; item: true; xs: number; }' is not assignable to type 'IntrinsicAttributes & GridBaseProps & { sx?: SxProps<Theme> | undefined; } & SystemProps<Theme> & Omit<...>'.
      Property 'item' does not exist on type 'IntrinsicAttributes & GridBaseProps & { sx?: SxProps<Theme> | undefined; } & SystemProps<Theme> & Omit<...>'.
src/features/business/analytics/VehicleUtilizationChart.tsx(290,10): error TS2769: No overload matches this call.
  Overload 1 of 2, '(props: { component: ElementType<any, keyof IntrinsicElements>; } & GridBaseProps & { sx?: SxProps<Theme> | undefined; } & SystemProps<...> & Omit<...>): Element | null', gave the following error.
    Property 'component' is missing in type '{ children: Element; item: true; xs: number; }' but required in type '{ component: ElementType<any, keyof IntrinsicElements>; }'.
  Overload 2 of 2, '(props: DefaultComponentProps<GridTypeMap<{}, "div">>): Element | null', gave the following error.
    Type '{ children: Element; item: true; xs: number; }' is not assignable to type 'IntrinsicAttributes & GridBaseProps & { sx?: SxProps<Theme> | undefined; } & SystemProps<Theme> & Omit<...>'.
      Property 'item' does not exist on type 'IntrinsicAttributes & GridBaseProps & { sx?: SxProps<Theme> | undefined; } & SystemProps<Theme> & Omit<...>'.
src/features/business/analytics/VehicleUtilizationChart.tsx(323,24): error TS2769: No overload matches this call.
  Overload 1 of 2, '(props: { component: ElementType<any, keyof IntrinsicElements>; } & GridBaseProps & { sx?: SxProps<Theme> | undefined; } & SystemProps<...> & Omit<...>): Element | null', gave the following error.
    Property 'component' is missing in type '{ children: Element; item: true; xs: number; sm: number; md: number; key: number; }' but required in type '{ component: ElementType<any, keyof IntrinsicElements>; }'.
  Overload 2 of 2, '(props: DefaultComponentProps<GridTypeMap<{}, "div">>): Element | null', gave the following error.
    Type '{ children: Element; item: true; xs: number; sm: number; md: number; key: number; }' is not assignable to type 'IntrinsicAttributes & GridBaseProps & { sx?: SxProps<Theme> | undefined; } & SystemProps<Theme> & Omit<...>'.
      Property 'item' does not exist on type 'IntrinsicAttributes & GridBaseProps & { sx?: SxProps<Theme> | undefined; } & SystemProps<Theme> & Omit<...>'.
src/features/business/calendar/FleetCalendar.tsx(4,57): error TS2307: Cannot find module 'react-big-calendar' or its corresponding type declarations.
src/features/business/calendar/FleetCalendar.tsx(23,55): error TS2307: Cannot find module '../../services/outlookCalendarService' or its corresponding type declarations.
src/features/business/calendar/FleetCalendar.tsx(133,63): error TS7006: Parameter 'event' implicitly has an 'any' type.
src/features/business/calendar/FleetCalendar.tsx(157,77): error TS2339: Property 'type' does not exist on type '{ type: "other" | "maintenance" | "inspection" | "reservation" | "meeting"; vehicleId?: string | undefined; driverId?: string | undefined; location?: string | undefined; priority?: "low" | ... 3 more ... | undefined; status?: "scheduled" | ... 3 more ... | undefined; description?: string | undefined; } | undefined'.
src/features/business/calendar/FleetCalendar.tsx(545,9): error TS2322: Type 'FleetEvent | null' is not assignable to type '{ title: string; start: Date; end: Date; resource?: { type: "other" | "maintenance" | "inspection" | "reservation" | "meeting"; vehicleId?: string | undefined; driverId?: string | undefined; location?: string | undefined; priority?: "low" | ... 3 more ... | undefined; status?: "scheduled" | ... 3 more ... | undefine...'.
  Type 'null' is not assignable to type '{ title: string; start: Date; end: Date; resource?: { type: "other" | "maintenance" | "inspection" | "reservation" | "meeting"; vehicleId?: string | undefined; driverId?: string | undefined; location?: string | undefined; priority?: "low" | ... 3 more ... | undefined; status?: "scheduled" | ... 3 more ... | undefine...'.
src/features/business/finance/BudgetFinanceSystem.tsx(68,12): error TS2769: No overload matches this call.
  Overload 1 of 2, '(props: { component: ElementType<any, keyof IntrinsicElements>; } & GridBaseProps & { sx?: SxProps<Theme> | undefined; } & SystemProps<...> & Omit<...>): Element | null', gave the following error.
    Property 'component' is missing in type '{ children: Element; item: true; xs: number; md: number; }' but required in type '{ component: ElementType<any, keyof IntrinsicElements>; }'.
  Overload 2 of 2, '(props: DefaultComponentProps<GridTypeMap<{}, "div">>): Element | null', gave the following error.
    Type '{ children: Element; item: true; xs: number; md: number; }' is not assignable to type 'IntrinsicAttributes & GridBaseProps & { sx?: SxProps<Theme> | undefined; } & SystemProps<Theme> & Omit<...>'.
      Property 'item' does not exist on type 'IntrinsicAttributes & GridBaseProps & { sx?: SxProps<Theme> | undefined; } & SystemProps<Theme> & Omit<...>'.
src/features/business/finance/BudgetFinanceSystem.tsx(79,12): error TS2769: No overload matches this call.
  Overload 1 of 2, '(props: { component: ElementType<any, keyof IntrinsicElements>; } & GridBaseProps & { sx?: SxProps<Theme> | undefined; } & SystemProps<...> & Omit<...>): Element | null', gave the following error.
    Property 'component' is missing in type '{ children: Element; item: true; xs: number; md: number; }' but required in type '{ component: ElementType<any, keyof IntrinsicElements>; }'.
  Overload 2 of 2, '(props: DefaultComponentProps<GridTypeMap<{}, "div">>): Element | null', gave the following error.
    Type '{ children: Element; item: true; xs: number; md: number; }' is not assignable to type 'IntrinsicAttributes & GridBaseProps & { sx?: SxProps<Theme> | undefined; } & SystemProps<Theme> & Omit<...>'.
      Property 'item' does not exist on type 'IntrinsicAttributes & GridBaseProps & { sx?: SxProps<Theme> | undefined; } & SystemProps<Theme> & Omit<...>'.
src/features/business/finance/BudgetFinanceSystem.tsx(89,12): error TS2769: No overload matches this call.
  Overload 1 of 2, '(props: { component: ElementType<any, keyof IntrinsicElements>; } & GridBaseProps & { sx?: SxProps<Theme> | undefined; } & SystemProps<...> & Omit<...>): Element | null', gave the following error.
    Property 'component' is missing in type '{ children: Element; item: true; xs: number; md: number; }' but required in type '{ component: ElementType<any, keyof IntrinsicElements>; }'.
  Overload 2 of 2, '(props: DefaultComponentProps<GridTypeMap<{}, "div">>): Element | null', gave the following error.
    Type '{ children: Element; item: true; xs: number; md: number; }' is not assignable to type 'IntrinsicAttributes & GridBaseProps & { sx?: SxProps<Theme> | undefined; } & SystemProps<Theme> & Omit<...>'.
      Property 'item' does not exist on type 'IntrinsicAttributes & GridBaseProps & { sx?: SxProps<Theme> | undefined; } & SystemProps<Theme> & Omit<...>'.
src/features/business/finance/BudgetFinanceSystem.tsx(99,12): error TS2769: No overload matches this call.
  Overload 1 of 2, '(props: { component: ElementType<any, keyof IntrinsicElements>; } & GridBaseProps & { sx?: SxProps<Theme> | undefined; } & SystemProps<...> & Omit<...>): Element | null', gave the following error.
    Property 'component' is missing in type '{ children: Element; item: true; xs: number; md: number; }' but required in type '{ component: ElementType<any, keyof IntrinsicElements>; }'.
  Overload 2 of 2, '(props: DefaultComponentProps<GridTypeMap<{}, "div">>): Element | null', gave the following error.
    Type '{ children: Element; item: true; xs: number; md: number; }' is not assignable to type 'IntrinsicAttributes & GridBaseProps & { sx?: SxProps<Theme> | undefined; } & SystemProps<Theme> & Omit<...>'.
      Property 'item' does not exist on type 'IntrinsicAttributes & GridBaseProps & { sx?: SxProps<Theme> | undefined; } & SystemProps<Theme> & Omit<...>'.
src/features/business/finance/BudgetFinanceSystem.tsx(109,12): error TS2769: No overload matches this call.
  Overload 1 of 2, '(props: { component: ElementType<any, keyof IntrinsicElements>; } & GridBaseProps & { sx?: SxProps<Theme> | undefined; } & SystemProps<...> & Omit<...>): Element | null', gave the following error.
    Property 'component' is missing in type '{ children: Element; item: true; xs: number; md: number; }' but required in type '{ component: ElementType<any, keyof IntrinsicElements>; }'.
  Overload 2 of 2, '(props: DefaultComponentProps<GridTypeMap<{}, "div">>): Element | null', gave the following error.
    Type '{ children: Element; item: true; xs: number; md: number; }' is not assignable to type 'IntrinsicAttributes & GridBaseProps & { sx?: SxProps<Theme> | undefined; } & SystemProps<Theme> & Omit<...>'.
      Property 'item' does not exist on type 'IntrinsicAttributes & GridBaseProps & { sx?: SxProps<Theme> | undefined; } & SystemProps<Theme> & Omit<...>'.
src/features/business/finance/BudgetFinanceSystem.tsx(128,12): error TS2769: No overload matches this call.
  Overload 1 of 2, '(props: { component: ElementType<any, keyof IntrinsicElements>; } & GridBaseProps & { sx?: SxProps<Theme> | undefined; } & SystemProps<...> & Omit<...>): Element | null', gave the following error.
    Property 'component' is missing in type '{ children: Element; item: true; xs: number; md: number; }' but required in type '{ component: ElementType<any, keyof IntrinsicElements>; }'.
  Overload 2 of 2, '(props: DefaultComponentProps<GridTypeMap<{}, "div">>): Element | null', gave the following error.
    Type '{ children: Element; item: true; xs: number; md: number; }' is not assignable to type 'IntrinsicAttributes & GridBaseProps & { sx?: SxProps<Theme> | undefined; } & SystemProps<Theme> & Omit<...>'.
      Property 'item' does not exist on type 'IntrinsicAttributes & GridBaseProps & { sx?: SxProps<Theme> | undefined; } & SystemProps<Theme> & Omit<...>'.
src/features/business/finance/BudgetFinanceSystem.tsx(139,47): error TS2339: Property 'category' does not exist on type 'PieLabelRenderProps'.
src/features/business/forms/DriverForm.tsx(9,27): error TS2307: Cannot find module '../../services/api/RealDatabaseAPI' or its corresponding type declarations.
src/features/business/forms/MileageFormView.tsx(3,35): error TS2307: Cannot find module '../mileage/FDOTMileageCalculator' or its corresponding type declarations.
src/features/business/forms/MileageFormView.tsx(124,37): error TS7006: Parameter 'result' implicitly has an 'any' type.
src/features/business/forms/VehicleForm.tsx(9,28): error TS2307: Cannot find module '../../services/api/RealDatabaseAPI' or its corresponding type declarations.
src/features/business/inventory/BarcodeRFIDTrackingDashboard.tsx(502,12): error TS2769: No overload matches this call.
  Overload 1 of 2, '(props: { component: ElementType<any, keyof IntrinsicElements>; } & GridBaseProps & { sx?: SxProps<Theme> | undefined; } & SystemProps<...> & Omit<...>): Element | null', gave the following error.
    Property 'component' is missing in type '{ children: Element; item: true; xs: number; }' but required in type '{ component: ElementType<any, keyof IntrinsicElements>; }'.
  Overload 2 of 2, '(props: DefaultComponentProps<GridTypeMap<{}, "div">>): Element | null', gave the following error.
    Type '{ children: Element; item: true; xs: number; }' is not assignable to type 'IntrinsicAttributes & GridBaseProps & { sx?: SxProps<Theme> | undefined; } & SystemProps<Theme> & Omit<...>'.
      Property 'item' does not exist on type 'IntrinsicAttributes & GridBaseProps & { sx?: SxProps<Theme> | undefined; } & SystemProps<Theme> & Omit<...>'.
src/features/business/inventory/BarcodeRFIDTrackingDashboard.tsx(511,20): error TS2769: No overload matches this call.
  Overload 1 of 2, '(props: { component: ElementType<any, keyof IntrinsicElements>; } & GridBaseProps & { sx?: SxProps<Theme> | undefined; } & SystemProps<...> & Omit<...>): Element | null', gave the following error.
    Property 'component' is missing in type '{ children: Element; item: true; xs: number; md: number; }' but required in type '{ component: ElementType<any, keyof IntrinsicElements>; }'.
  Overload 2 of 2, '(props: DefaultComponentProps<GridTypeMap<{}, "div">>): Element | null', gave the following error.
    Type '{ children: Element; item: true; xs: number; md: number; }' is not assignable to type 'IntrinsicAttributes & GridBaseProps & { sx?: SxProps<Theme> | undefined; } & SystemProps<Theme> & Omit<...>'.
      Property 'item' does not exist on type 'IntrinsicAttributes & GridBaseProps & { sx?: SxProps<Theme> | undefined; } & SystemProps<Theme> & Omit<...>'.
src/features/business/inventory/BarcodeRFIDTrackingDashboard.tsx(522,20): error TS2769: No overload matches this call.
  Overload 1 of 2, '(props: { component: ElementType<any, keyof IntrinsicElements>; } & GridBaseProps & { sx?: SxProps<Theme> | undefined; } & SystemProps<...> & Omit<...>): Element | null', gave the following error.
    Property 'component' is missing in type '{ children: Element; item: true; xs: number; md: number; }' but required in type '{ component: ElementType<any, keyof IntrinsicElements>; }'.
  Overload 2 of 2, '(props: DefaultComponentProps<GridTypeMap<{}, "div">>): Element | null', gave the following error.
    Type '{ children: Element; item: true; xs: number; md: number; }' is not assignable to type 'IntrinsicAttributes & GridBaseProps & { sx?: SxProps<Theme> | undefined; } & SystemProps<Theme> & Omit<...>'.
      Property 'item' does not exist on type 'IntrinsicAttributes & GridBaseProps & { sx?: SxProps<Theme> | undefined; } & SystemProps<Theme> & Omit<...>'.
src/features/business/inventory/BarcodeRFIDTrackingDashboard.tsx(532,20): error TS2769: No overload matches this call.
  Overload 1 of 2, '(props: { component: ElementType<any, keyof IntrinsicElements>; } & GridBaseProps & { sx?: SxProps<Theme> | undefined; } & SystemProps<...> & Omit<...>): Element | null', gave the following error.
    Property 'component' is missing in type '{ children: Element; item: true; xs: number; md: number; }' but required in type '{ component: ElementType<any, keyof IntrinsicElements>; }'.
  Overload 2 of 2, '(props: DefaultComponentProps<GridTypeMap<{}, "div">>): Element | null', gave the following error.
    Type '{ children: Element; item: true; xs: number; md: number; }' is not assignable to type 'IntrinsicAttributes & GridBaseProps & { sx?: SxProps<Theme> | undefined; } & SystemProps<Theme> & Omit<...>'.
      Property 'item' does not exist on type 'IntrinsicAttributes & GridBaseProps & { sx?: SxProps<Theme> | undefined; } & SystemProps<Theme> & Omit<...>'.
src/features/business/inventory/BarcodeRFIDTrackingDashboard.tsx(542,20): error TS2769: No overload matches this call.
  Overload 1 of 2, '(props: { component: ElementType<any, keyof IntrinsicElements>; } & GridBaseProps & { sx?: SxProps<Theme> | undefined; } & SystemProps<...> & Omit<...>): Element | null', gave the following error.
    Property 'component' is missing in type '{ children: Element; item: true; xs: number; md: number; }' but required in type '{ component: ElementType<any, keyof IntrinsicElements>; }'.
  Overload 2 of 2, '(props: DefaultComponentProps<GridTypeMap<{}, "div">>): Element | null', gave the following error.
    Type '{ children: Element; item: true; xs: number; md: number; }' is not assignable to type 'IntrinsicAttributes & GridBaseProps & { sx?: SxProps<Theme> | undefined; } & SystemProps<Theme> & Omit<...>'.
      Property 'item' does not exist on type 'IntrinsicAttributes & GridBaseProps & { sx?: SxProps<Theme> | undefined; } & SystemProps<Theme> & Omit<...>'.
src/features/business/inventory/BarcodeRFIDTrackingDashboard.tsx(591,12): error TS2769: No overload matches this call.
  Overload 1 of 2, '(props: { component: ElementType<any, keyof IntrinsicElements>; } & GridBaseProps & { sx?: SxProps<Theme> | undefined; } & SystemProps<...> & Omit<...>): Element | null', gave the following error.
    Property 'component' is missing in type '{ children: Element; item: true; xs: number; md: number; }' but required in type '{ component: ElementType<any, keyof IntrinsicElements>; }'.
  Overload 2 of 2, '(props: DefaultComponentProps<GridTypeMap<{}, "div">>): Element | null', gave the following error.
    Type '{ children: Element; item: true; xs: number; md: number; }' is not assignable to type 'IntrinsicAttributes & GridBaseProps & { sx?: SxProps<Theme> | undefined; } & SystemProps<Theme> & Omit<...>'.
      Property 'item' does not exist on type 'IntrinsicAttributes & GridBaseProps & { sx?: SxProps<Theme> | undefined; } & SystemProps<Theme> & Omit<...>'.
src/features/business/inventory/BarcodeRFIDTrackingDashboard.tsx(634,12): error TS2769: No overload matches this call.
  Overload 1 of 2, '(props: { component: ElementType<any, keyof IntrinsicElements>; } & GridBaseProps & { sx?: SxProps<Theme> | undefined; } & SystemProps<...> & Omit<...>): Element | null', gave the following error.
    Property 'component' is missing in type '{ children: Element; item: true; xs: number; md: number; }' but required in type '{ component: ElementType<any, keyof IntrinsicElements>; }'.
  Overload 2 of 2, '(props: DefaultComponentProps<GridTypeMap<{}, "div">>): Element | null', gave the following error.
    Type '{ children: Element; item: true; xs: number; md: number; }' is not assignable to type 'IntrinsicAttributes & GridBaseProps & { sx?: SxProps<Theme> | undefined; } & SystemProps<Theme> & Omit<...>'.
      Property 'item' does not exist on type 'IntrinsicAttributes & GridBaseProps & { sx?: SxProps<Theme> | undefined; } & SystemProps<Theme> & Omit<...>'.
src/features/business/inventory/BarcodeRFIDTrackingDashboard.tsx(636,16): error TS2769: No overload matches this call.
  Overload 1 of 2, '(props: { component: ElementType<any, keyof IntrinsicElements>; } & GridBaseProps & { sx?: SxProps<Theme> | undefined; } & SystemProps<...> & Omit<...>): Element | null', gave the following error.
    Property 'component' is missing in type '{ children: Element; item: true; xs: number; }' but required in type '{ component: ElementType<any, keyof IntrinsicElements>; }'.
  Overload 2 of 2, '(props: DefaultComponentProps<GridTypeMap<{}, "div">>): Element | null', gave the following error.
    Type '{ children: Element; item: true; xs: number; }' is not assignable to type 'IntrinsicAttributes & GridBaseProps & { sx?: SxProps<Theme> | undefined; } & SystemProps<Theme> & Omit<...>'.
      Property 'item' does not exist on type 'IntrinsicAttributes & GridBaseProps & { sx?: SxProps<Theme> | undefined; } & SystemProps<Theme> & Omit<...>'.
src/features/business/inventory/BarcodeRFIDTrackingDashboard.tsx(664,12): error TS2769: No overload matches this call.
  Overload 1 of 2, '(props: { component: ElementType<any, keyof IntrinsicElements>; } & GridBaseProps & { sx?: SxProps<Theme> | undefined; } & SystemProps<...> & Omit<...>): Element | null', gave the following error.
    Property 'component' is missing in type '{ children: Element; item: true; xs: number; md: number; }' but required in type '{ component: ElementType<any, keyof IntrinsicElements>; }'.
  Overload 2 of 2, '(props: DefaultComponentProps<GridTypeMap<{}, "div">>): Element | null', gave the following error.
    Type '{ children: Element; item: true; xs: number; md: number; }' is not assignable to type 'IntrinsicAttributes & GridBaseProps & { sx?: SxProps<Theme> | undefined; } & SystemProps<Theme> & Omit<...>'.
      Property 'item' does not exist on type 'IntrinsicAttributes & GridBaseProps & { sx?: SxProps<Theme> | undefined; } & SystemProps<Theme> & Omit<...>'.
src/features/business/inventory/BarcodeRFIDTrackingDashboard.tsx(674,12): error TS2769: No overload matches this call.
  Overload 1 of 2, '(props: { component: ElementType<any, keyof IntrinsicElements>; } & GridBaseProps & { sx?: SxProps<Theme> | undefined; } & SystemProps<...> & Omit<...>): Element | null', gave the following error.
    Property 'component' is missing in type '{ children: Element; item: true; xs: number; md: number; }' but required in type '{ component: ElementType<any, keyof IntrinsicElements>; }'.
  Overload 2 of 2, '(props: DefaultComponentProps<GridTypeMap<{}, "div">>): Element | null', gave the following error.
    Type '{ children: Element; item: true; xs: number; md: number; }' is not assignable to type 'IntrinsicAttributes & GridBaseProps & { sx?: SxProps<Theme> | undefined; } & SystemProps<Theme> & Omit<...>'.
      Property 'item' does not exist on type 'IntrinsicAttributes & GridBaseProps & { sx?: SxProps<Theme> | undefined; } & SystemProps<Theme> & Omit<...>'.
src/features/business/inventory/BarcodeRFIDTrackingDashboard.tsx(684,12): error TS2769: No overload matches this call.
  Overload 1 of 2, '(props: { component: ElementType<any, keyof IntrinsicElements>; } & GridBaseProps & { sx?: SxProps<Theme> | undefined; } & SystemProps<...> & Omit<...>): Element | null', gave the following error.
    Property 'component' is missing in type '{ children: Element; item: true; xs: number; md: number; }' but required in type '{ component: ElementType<any, keyof IntrinsicElements>; }'.
  Overload 2 of 2, '(props: DefaultComponentProps<GridTypeMap<{}, "div">>): Element | null', gave the following error.
    Type '{ children: Element; item: true; xs: number; md: number; }' is not assignable to type 'IntrinsicAttributes & GridBaseProps & { sx?: SxProps<Theme> | undefined; } & SystemProps<Theme> & Omit<...>'.
      Property 'item' does not exist on type 'IntrinsicAttributes & GridBaseProps & { sx?: SxProps<Theme> | undefined; } & SystemProps<Theme> & Omit<...>'.
src/features/business/inventory/BarcodeRFIDTrackingDashboard.tsx(694,12): error TS2769: No overload matches this call.
  Overload 1 of 2, '(props: { component: ElementType<any, keyof IntrinsicElements>; } & GridBaseProps & { sx?: SxProps<Theme> | undefined; } & SystemProps<...> & Omit<...>): Element | null', gave the following error.
    Property 'component' is missing in type '{ children: Element; item: true; xs: number; md: number; }' but required in type '{ component: ElementType<any, keyof IntrinsicElements>; }'.
  Overload 2 of 2, '(props: DefaultComponentProps<GridTypeMap<{}, "div">>): Element | null', gave the following error.
    Type '{ children: Element; item: true; xs: number; md: number; }' is not assignable to type 'IntrinsicAttributes & GridBaseProps & { sx?: SxProps<Theme> | undefined; } & SystemProps<Theme> & Omit<...>'.
      Property 'item' does not exist on type 'IntrinsicAttributes & GridBaseProps & { sx?: SxProps<Theme> | undefined; } & SystemProps<Theme> & Omit<...>'.
src/features/business/inventory/BarcodeRFIDTrackingDashboard.tsx(705,12): error TS2769: No overload matches this call.
  Overload 1 of 2, '(props: { component: ElementType<any, keyof IntrinsicElements>; } & GridBaseProps & { sx?: SxProps<Theme> | undefined; } & SystemProps<...> & Omit<...>): Element | null', gave the following error.
    Property 'component' is missing in type '{ children: Element; item: true; xs: number; }' but required in type '{ component: ElementType<any, keyof IntrinsicElements>; }'.
  Overload 2 of 2, '(props: DefaultComponentProps<GridTypeMap<{}, "div">>): Element | null', gave the following error.
    Type '{ children: Element; item: true; xs: number; }' is not assignable to type 'IntrinsicAttributes & GridBaseProps & { sx?: SxProps<Theme> | undefined; } & SystemProps<Theme> & Omit<...>'.
      Property 'item' does not exist on type 'IntrinsicAttributes & GridBaseProps & { sx?: SxProps<Theme> | undefined; } & SystemProps<Theme> & Omit<...>'.
src/features/business/inventory/BarcodeRFIDTrackingDashboard.tsx(811,12): error TS2769: No overload matches this call.
  Overload 1 of 2, '(props: { component: ElementType<any, keyof IntrinsicElements>; } & GridBaseProps & { sx?: SxProps<Theme> | undefined; } & SystemProps<...> & Omit<...>): Element | null', gave the following error.
    Property 'component' is missing in type '{ children: Element; item: true; xs: number; }' but required in type '{ component: ElementType<any, keyof IntrinsicElements>; }'.
  Overload 2 of 2, '(props: DefaultComponentProps<GridTypeMap<{}, "div">>): Element | null', gave the following error.
    Type '{ children: Element; item: true; xs: number; }' is not assignable to type 'IntrinsicAttributes & GridBaseProps & { sx?: SxProps<Theme> | undefined; } & SystemProps<Theme> & Omit<...>'.
      Property 'item' does not exist on type 'IntrinsicAttributes & GridBaseProps & { sx?: SxProps<Theme> | undefined; } & SystemProps<Theme> & Omit<...>'.
src/features/business/inventory/BarcodeRFIDTrackingDashboard.tsx(824,20): error TS2769: No overload matches this call.
  Overload 1 of 2, '(props: { component: ElementType<any, keyof IntrinsicElements>; } & GridBaseProps & { sx?: SxProps<Theme> | undefined; } & SystemProps<...> & Omit<...>): Element | null', gave the following error.
    Property 'component' is missing in type '{ children: Element; item: true; xs: number; md: number; }' but required in type '{ component: ElementType<any, keyof IntrinsicElements>; }'.
  Overload 2 of 2, '(props: DefaultComponentProps<GridTypeMap<{}, "div">>): Element | null', gave the following error.
    Type '{ children: Element; item: true; xs: number; md: number; }' is not assignable to type 'IntrinsicAttributes & GridBaseProps & { sx?: SxProps<Theme> | undefined; } & SystemProps<Theme> & Omit<...>'.
      Property 'item' does not exist on type 'IntrinsicAttributes & GridBaseProps & { sx?: SxProps<Theme> | undefined; } & SystemProps<Theme> & Omit<...>'.
src/features/business/inventory/BarcodeRFIDTrackingDashboard.tsx(834,20): error TS2769: No overload matches this call.
  Overload 1 of 2, '(props: { component: ElementType<any, keyof IntrinsicElements>; } & GridBaseProps & { sx?: SxProps<Theme> | undefined; } & SystemProps<...> & Omit<...>): Element | null', gave the following error.
    Property 'component' is missing in type '{ children: Element; item: true; xs: number; md: number; }' but required in type '{ component: ElementType<any, keyof IntrinsicElements>; }'.
  Overload 2 of 2, '(props: DefaultComponentProps<GridTypeMap<{}, "div">>): Element | null', gave the following error.
    Type '{ children: Element; item: true; xs: number; md: number; }' is not assignable to type 'IntrinsicAttributes & GridBaseProps & { sx?: SxProps<Theme> | undefined; } & SystemProps<Theme> & Omit<...>'.
      Property 'item' does not exist on type 'IntrinsicAttributes & GridBaseProps & { sx?: SxProps<Theme> | undefined; } & SystemProps<Theme> & Omit<...>'.
src/features/business/inventory/BarcodeRFIDTrackingDashboard.tsx(843,20): error TS2769: No overload matches this call.
  Overload 1 of 2, '(props: { component: ElementType<any, keyof IntrinsicElements>; } & GridBaseProps & { sx?: SxProps<Theme> | undefined; } & SystemProps<...> & Omit<...>): Element | null', gave the following error.
    Property 'component' is missing in type '{ children: Element; item: true; xs: number; md: number; }' but required in type '{ component: ElementType<any, keyof IntrinsicElements>; }'.
  Overload 2 of 2, '(props: DefaultComponentProps<GridTypeMap<{}, "div">>): Element | null', gave the following error.
    Type '{ children: Element; item: true; xs: number; md: number; }' is not assignable to type 'IntrinsicAttributes & GridBaseProps & { sx?: SxProps<Theme> | undefined; } & SystemProps<Theme> & Omit<...>'.
      Property 'item' does not exist on type 'IntrinsicAttributes & GridBaseProps & { sx?: SxProps<Theme> | undefined; } & SystemProps<Theme> & Omit<...>'.
src/features/business/inventory/BarcodeRFIDTrackingDashboard.tsx(901,12): error TS2769: No overload matches this call.
  Overload 1 of 2, '(props: { component: ElementType<any, keyof IntrinsicElements>; } & GridBaseProps & { sx?: SxProps<Theme> | undefined; } & SystemProps<...> & Omit<...>): Element | null', gave the following error.
    Property 'component' is missing in type '{ children: Element; item: true; xs: number; md: number; }' but required in type '{ component: ElementType<any, keyof IntrinsicElements>; }'.
  Overload 2 of 2, '(props: DefaultComponentProps<GridTypeMap<{}, "div">>): Element | null', gave the following error.
    Type '{ children: Element; item: true; xs: number; md: number; }' is not assignable to type 'IntrinsicAttributes & GridBaseProps & { sx?: SxProps<Theme> | undefined; } & SystemProps<Theme> & Omit<...>'.
      Property 'item' does not exist on type 'IntrinsicAttributes & GridBaseProps & { sx?: SxProps<Theme> | undefined; } & SystemProps<Theme> & Omit<...>'.
src/features/business/inventory/BarcodeRFIDTrackingDashboard.tsx(940,12): error TS2769: No overload matches this call.
  Overload 1 of 2, '(props: { component: ElementType<any, keyof IntrinsicElements>; } & GridBaseProps & { sx?: SxProps<Theme> | undefined; } & SystemProps<...> & Omit<...>): Element | null', gave the following error.
    Property 'component' is missing in type '{ children: Element; item: true; xs: number; md: number; }' but required in type '{ component: ElementType<any, keyof IntrinsicElements>; }'.
  Overload 2 of 2, '(props: DefaultComponentProps<GridTypeMap<{}, "div">>): Element | null', gave the following error.
    Type '{ children: Element; item: true; xs: number; md: number; }' is not assignable to type 'IntrinsicAttributes & GridBaseProps & { sx?: SxProps<Theme> | undefined; } & SystemProps<Theme> & Omit<...>'.
      Property 'item' does not exist on type 'IntrinsicAttributes & GridBaseProps & { sx?: SxProps<Theme> | undefined; } & SystemProps<Theme> & Omit<...>'.
src/features/business/inventory/BarcodeRFIDTrackingDashboard.tsx(972,12): error TS2769: No overload matches this call.
  Overload 1 of 2, '(props: { component: ElementType<any, keyof IntrinsicElements>; } & GridBaseProps & { sx?: SxProps<Theme> | undefined; } & SystemProps<...> & Omit<...>): Element | null', gave the following error.
    Property 'component' is missing in type '{ children: Element; item: true; xs: number; md: number; }' but required in type '{ component: ElementType<any, keyof IntrinsicElements>; }'.
  Overload 2 of 2, '(props: DefaultComponentProps<GridTypeMap<{}, "div">>): Element | null', gave the following error.
    Type '{ children: Element; item: true; xs: number; md: number; }' is not assignable to type 'IntrinsicAttributes & GridBaseProps & { sx?: SxProps<Theme> | undefined; } & SystemProps<Theme> & Omit<...>'.
      Property 'item' does not exist on type 'IntrinsicAttributes & GridBaseProps & { sx?: SxProps<Theme> | undefined; } & SystemProps<Theme> & Omit<...>'.
src/features/business/inventory/BarcodeRFIDTrackingDashboard.tsx(990,12): error TS2769: No overload matches this call.
  Overload 1 of 2, '(props: { component: ElementType<any, keyof IntrinsicElements>; } & GridBaseProps & { sx?: SxProps<Theme> | undefined; } & SystemProps<...> & Omit<...>): Element | null', gave the following error.
    Property 'component' is missing in type '{ children: Element; item: true; xs: number; md: number; }' but required in type '{ component: ElementType<any, keyof IntrinsicElements>; }'.
  Overload 2 of 2, '(props: DefaultComponentProps<GridTypeMap<{}, "div">>): Element | null', gave the following error.
    Type '{ children: Element; item: true; xs: number; md: number; }' is not assignable to type 'IntrinsicAttributes & GridBaseProps & { sx?: SxProps<Theme> | undefined; } & SystemProps<Theme> & Omit<...>'.
      Property 'item' does not exist on type 'IntrinsicAttributes & GridBaseProps & { sx?: SxProps<Theme> | undefined; } & SystemProps<Theme> & Omit<...>'.
src/features/business/inventory/BarcodeRFIDTrackingDashboard.tsx(1042,16): error TS2769: No overload matches this call.
  Overload 1 of 2, '(props: { component: ElementType<any, keyof IntrinsicElements>; } & GridBaseProps & { sx?: SxProps<Theme> | undefined; } & SystemProps<...> & Omit<...>): Element | null', gave the following error.
    Property 'component' is missing in type '{ children: Element[]; item: true; xs: number; }' but required in type '{ component: ElementType<any, keyof IntrinsicElements>; }'.
  Overload 2 of 2, '(props: DefaultComponentProps<GridTypeMap<{}, "div">>): Element | null', gave the following error.
    Type '{ children: Element[]; item: true; xs: number; }' is not assignable to type 'IntrinsicAttributes & GridBaseProps & { sx?: SxProps<Theme> | undefined; } & SystemProps<Theme> & Omit<...>'.
      Property 'item' does not exist on type 'IntrinsicAttributes & GridBaseProps & { sx?: SxProps<Theme> | undefined; } & SystemProps<Theme> & Omit<...>'.
src/features/business/inventory/BarcodeRFIDTrackingDashboard.tsx(1046,16): error TS2769: No overload matches this call.
  Overload 1 of 2, '(props: { component: ElementType<any, keyof IntrinsicElements>; } & GridBaseProps & { sx?: SxProps<Theme> | undefined; } & SystemProps<...> & Omit<...>): Element | null', gave the following error.
    Property 'component' is missing in type '{ children: Element; item: true; xs: number; md: number; }' but required in type '{ component: ElementType<any, keyof IntrinsicElements>; }'.
  Overload 2 of 2, '(props: DefaultComponentProps<GridTypeMap<{}, "div">>): Element | null', gave the following error.
    Type '{ children: Element; item: true; xs: number; md: number; }' is not assignable to type 'IntrinsicAttributes & GridBaseProps & { sx?: SxProps<Theme> | undefined; } & SystemProps<Theme> & Omit<...>'.
      Property 'item' does not exist on type 'IntrinsicAttributes & GridBaseProps & { sx?: SxProps<Theme> | undefined; } & SystemProps<Theme> & Omit<...>'.
src/features/business/inventory/BarcodeRFIDTrackingDashboard.tsx(1049,16): error TS2769: No overload matches this call.
  Overload 1 of 2, '(props: { component: ElementType<any, keyof IntrinsicElements>; } & GridBaseProps & { sx?: SxProps<Theme> | undefined; } & SystemProps<...> & Omit<...>): Element | null', gave the following error.
    Property 'component' is missing in type '{ children: Element; item: true; xs: number; md: number; }' but required in type '{ component: ElementType<any, keyof IntrinsicElements>; }'.
  Overload 2 of 2, '(props: DefaultComponentProps<GridTypeMap<{}, "div">>): Element | null', gave the following error.
    Type '{ children: Element; item: true; xs: number; md: number; }' is not assignable to type 'IntrinsicAttributes & GridBaseProps & { sx?: SxProps<Theme> | undefined; } & SystemProps<Theme> & Omit<...>'.
      Property 'item' does not exist on type 'IntrinsicAttributes & GridBaseProps & { sx?: SxProps<Theme> | undefined; } & SystemProps<Theme> & Omit<...>'.
src/features/business/inventory/BarcodeRFIDTrackingDashboard.tsx(1052,16): error TS2769: No overload matches this call.
  Overload 1 of 2, '(props: { component: ElementType<any, keyof IntrinsicElements>; } & GridBaseProps & { sx?: SxProps<Theme> | undefined; } & SystemProps<...> & Omit<...>): Element | null', gave the following error.
    Property 'component' is missing in type '{ children: Element; item: true; xs: number; }' but required in type '{ component: ElementType<any, keyof IntrinsicElements>; }'.
  Overload 2 of 2, '(props: DefaultComponentProps<GridTypeMap<{}, "div">>): Element | null', gave the following error.
    Type '{ children: Element; item: true; xs: number; }' is not assignable to type 'IntrinsicAttributes & GridBaseProps & { sx?: SxProps<Theme> | undefined; } & SystemProps<Theme> & Omit<...>'.
      Property 'item' does not exist on type 'IntrinsicAttributes & GridBaseProps & { sx?: SxProps<Theme> | undefined; } & SystemProps<Theme> & Omit<...>'.
src/features/business/inventory/PredictiveReorderingDashboard.tsx(309,12): error TS2769: No overload matches this call.
  Overload 1 of 2, '(props: { component: ElementType<any, keyof IntrinsicElements>; } & GridBaseProps & { sx?: SxProps<Theme> | undefined; } & SystemProps<...> & Omit<...>): Element | null', gave the following error.
    Property 'component' is missing in type '{ children: Element; item: true; xs: number; md: number; }' but required in type '{ component: ElementType<any, keyof IntrinsicElements>; }'.
  Overload 2 of 2, '(props: DefaultComponentProps<GridTypeMap<{}, "div">>): Element | null', gave the following error.
    Type '{ children: Element; item: true; xs: number; md: number; }' is not assignable to type 'IntrinsicAttributes & GridBaseProps & { sx?: SxProps<Theme> | undefined; } & SystemProps<Theme> & Omit<...>'.
      Property 'item' does not exist on type 'IntrinsicAttributes & GridBaseProps & { sx?: SxProps<Theme> | undefined; } & SystemProps<Theme> & Omit<...>'.
src/features/business/inventory/PredictiveReorderingDashboard.tsx(323,12): error TS2769: No overload matches this call.
  Overload 1 of 2, '(props: { component: ElementType<any, keyof IntrinsicElements>; } & GridBaseProps & { sx?: SxProps<Theme> | undefined; } & SystemProps<...> & Omit<...>): Element | null', gave the following error.
    Property 'component' is missing in type '{ children: Element; item: true; xs: number; md: number; }' but required in type '{ component: ElementType<any, keyof IntrinsicElements>; }'.
  Overload 2 of 2, '(props: DefaultComponentProps<GridTypeMap<{}, "div">>): Element | null', gave the following error.
    Type '{ children: Element; item: true; xs: number; md: number; }' is not assignable to type 'IntrinsicAttributes & GridBaseProps & { sx?: SxProps<Theme> | undefined; } & SystemProps<Theme> & Omit<...>'.
      Property 'item' does not exist on type 'IntrinsicAttributes & GridBaseProps & { sx?: SxProps<Theme> | undefined; } & SystemProps<Theme> & Omit<...>'.
src/features/business/inventory/PredictiveReorderingDashboard.tsx(337,12): error TS2769: No overload matches this call.
  Overload 1 of 2, '(props: { component: ElementType<any, keyof IntrinsicElements>; } & GridBaseProps & { sx?: SxProps<Theme> | undefined; } & SystemProps<...> & Omit<...>): Element | null', gave the following error.
    Property 'component' is missing in type '{ children: Element; item: true; xs: number; md: number; }' but required in type '{ component: ElementType<any, keyof IntrinsicElements>; }'.
  Overload 2 of 2, '(props: DefaultComponentProps<GridTypeMap<{}, "div">>): Element | null', gave the following error.
    Type '{ children: Element; item: true; xs: number; md: number; }' is not assignable to type 'IntrinsicAttributes & GridBaseProps & { sx?: SxProps<Theme> | undefined; } & SystemProps<Theme> & Omit<...>'.
      Property 'item' does not exist on type 'IntrinsicAttributes & GridBaseProps & { sx?: SxProps<Theme> | undefined; } & SystemProps<Theme> & Omit<...>'.
src/features/business/inventory/PredictiveReorderingDashboard.tsx(351,12): error TS2769: No overload matches this call.
  Overload 1 of 2, '(props: { component: ElementType<any, keyof IntrinsicElements>; } & GridBaseProps & { sx?: SxProps<Theme> | undefined; } & SystemProps<...> & Omit<...>): Element | null', gave the following error.
    Property 'component' is missing in type '{ children: Element; item: true; xs: number; md: number; }' but required in type '{ component: ElementType<any, keyof IntrinsicElements>; }'.
  Overload 2 of 2, '(props: DefaultComponentProps<GridTypeMap<{}, "div">>): Element | null', gave the following error.
    Type '{ children: Element; item: true; xs: number; md: number; }' is not assignable to type 'IntrinsicAttributes & GridBaseProps & { sx?: SxProps<Theme> | undefined; } & SystemProps<Theme> & Omit<...>'.
      Property 'item' does not exist on type 'IntrinsicAttributes & GridBaseProps & { sx?: SxProps<Theme> | undefined; } & SystemProps<Theme> & Omit<...>'.
src/features/business/inventory/PredictiveReorderingDashboard.tsx(365,12): error TS2769: No overload matches this call.
  Overload 1 of 2, '(props: { component: ElementType<any, keyof IntrinsicElements>; } & GridBaseProps & { sx?: SxProps<Theme> | undefined; } & SystemProps<...> & Omit<...>): Element | null', gave the following error.
    Property 'component' is missing in type '{ children: Element; item: true; xs: number; md: number; }' but required in type '{ component: ElementType<any, keyof IntrinsicElements>; }'.
  Overload 2 of 2, '(props: DefaultComponentProps<GridTypeMap<{}, "div">>): Element | null', gave the following error.
    Type '{ children: Element; item: true; xs: number; md: number; }' is not assignable to type 'IntrinsicAttributes & GridBaseProps & { sx?: SxProps<Theme> | undefined; } & SystemProps<Theme> & Omit<...>'.
      Property 'item' does not exist on type 'IntrinsicAttributes & GridBaseProps & { sx?: SxProps<Theme> | undefined; } & SystemProps<Theme> & Omit<...>'.
src/features/business/inventory/PredictiveReorderingDashboard.tsx(380,12): error TS2769: No overload matches this call.
  Overload 1 of 2, '(props: { component: ElementType<any, keyof IntrinsicElements>; } & GridBaseProps & { sx?: SxProps<Theme> | undefined; } & SystemProps<...> & Omit<...>): Element | null', gave the following error.
    Property 'component' is missing in type '{ children: Element; item: true; xs: number; }' but required in type '{ component: ElementType<any, keyof IntrinsicElements>; }'.
  Overload 2 of 2, '(props: DefaultComponentProps<GridTypeMap<{}, "div">>): Element | null', gave the following error.
    Type '{ children: Element; item: true; xs: number; }' is not assignable to type 'IntrinsicAttributes & GridBaseProps & { sx?: SxProps<Theme> | undefined; } & SystemProps<Theme> & Omit<...>'.
      Property 'item' does not exist on type 'IntrinsicAttributes & GridBaseProps & { sx?: SxProps<Theme> | undefined; } & SystemProps<Theme> & Omit<...>'.
src/features/business/inventory/PredictiveReorderingDashboard.tsx(413,12): error TS2769: No overload matches this call.
  Overload 1 of 2, '(props: { component: ElementType<any, keyof IntrinsicElements>; } & GridBaseProps & { sx?: SxProps<Theme> | undefined; } & SystemProps<...> & Omit<...>): Element | null', gave the following error.
    Property 'component' is missing in type '{ children: Element; item: true; xs: number; }' but required in type '{ component: ElementType<any, keyof IntrinsicElements>; }'.
  Overload 2 of 2, '(props: DefaultComponentProps<GridTypeMap<{}, "div">>): Element | null', gave the following error.
    Type '{ children: Element; item: true; xs: number; }' is not assignable to type 'IntrinsicAttributes & GridBaseProps & { sx?: SxProps<Theme> | undefined; } & SystemProps<Theme> & Omit<...>'.
      Property 'item' does not exist on type 'IntrinsicAttributes & GridBaseProps & { sx?: SxProps<Theme> | undefined; } & SystemProps<Theme> & Omit<...>'.
src/features/business/inventory/PredictiveReorderingDashboard.tsx(525,12): error TS2769: No overload matches this call.
  Overload 1 of 2, '(props: { component: ElementType<any, keyof IntrinsicElements>; } & GridBaseProps & { sx?: SxProps<Theme> | undefined; } & SystemProps<...> & Omit<...>): Element | null', gave the following error.
    Property 'component' is missing in type '{ children: Element; item: true; xs: number; md: number; }' but required in type '{ component: ElementType<any, keyof IntrinsicElements>; }'.
  Overload 2 of 2, '(props: DefaultComponentProps<GridTypeMap<{}, "div">>): Element | null', gave the following error.
    Type '{ children: Element; item: true; xs: number; md: number; }' is not assignable to type 'IntrinsicAttributes & GridBaseProps & { sx?: SxProps<Theme> | undefined; } & SystemProps<Theme> & Omit<...>'.
      Property 'item' does not exist on type 'IntrinsicAttributes & GridBaseProps & { sx?: SxProps<Theme> | undefined; } & SystemProps<Theme> & Omit<...>'.
src/features/business/inventory/PredictiveReorderingDashboard.tsx(566,12): error TS2769: No overload matches this call.
  Overload 1 of 2, '(props: { component: ElementType<any, keyof IntrinsicElements>; } & GridBaseProps & { sx?: SxProps<Theme> | undefined; } & SystemProps<...> & Omit<...>): Element | null', gave the following error.
    Property 'component' is missing in type '{ children: Element; item: true; xs: number; md: number; }' but required in type '{ component: ElementType<any, keyof IntrinsicElements>; }'.
  Overload 2 of 2, '(props: DefaultComponentProps<GridTypeMap<{}, "div">>): Element | null', gave the following error.
    Type '{ children: Element; item: true; xs: number; md: number; }' is not assignable to type 'IntrinsicAttributes & GridBaseProps & { sx?: SxProps<Theme> | undefined; } & SystemProps<Theme> & Omit<...>'.
      Property 'item' does not exist on type 'IntrinsicAttributes & GridBaseProps & { sx?: SxProps<Theme> | undefined; } & SystemProps<Theme> & Omit<...>'.
src/features/business/inventory/PredictiveReorderingDashboard.tsx(594,12): error TS2769: No overload matches this call.
  Overload 1 of 2, '(props: { component: ElementType<any, keyof IntrinsicElements>; } & GridBaseProps & { sx?: SxProps<Theme> | undefined; } & SystemProps<...> & Omit<...>): Element | null', gave the following error.
    Property 'component' is missing in type '{ children: Element; item: true; xs: number; md: number; }' but required in type '{ component: ElementType<any, keyof IntrinsicElements>; }'.
  Overload 2 of 2, '(props: DefaultComponentProps<GridTypeMap<{}, "div">>): Element | null', gave the following error.
    Type '{ children: Element; item: true; xs: number; md: number; }' is not assignable to type 'IntrinsicAttributes & GridBaseProps & { sx?: SxProps<Theme> | undefined; } & SystemProps<Theme> & Omit<...>'.
      Property 'item' does not exist on type 'IntrinsicAttributes & GridBaseProps & { sx?: SxProps<Theme> | undefined; } & SystemProps<Theme> & Omit<...>'.
src/features/business/inventory/PredictiveReorderingDashboard.tsx(615,12): error TS2769: No overload matches this call.
  Overload 1 of 2, '(props: { component: ElementType<any, keyof IntrinsicElements>; } & GridBaseProps & { sx?: SxProps<Theme> | undefined; } & SystemProps<...> & Omit<...>): Element | null', gave the following error.
    Property 'component' is missing in type '{ children: Element; item: true; xs: number; md: number; }' but required in type '{ component: ElementType<any, keyof IntrinsicElements>; }'.
  Overload 2 of 2, '(props: DefaultComponentProps<GridTypeMap<{}, "div">>): Element | null', gave the following error.
    Type '{ children: Element; item: true; xs: number; md: number; }' is not assignable to type 'IntrinsicAttributes & GridBaseProps & { sx?: SxProps<Theme> | undefined; } & SystemProps<Theme> & Omit<...>'.
      Property 'item' does not exist on type 'IntrinsicAttributes & GridBaseProps & { sx?: SxProps<Theme> | undefined; } & SystemProps<Theme> & Omit<...>'.
src/features/business/inventory/PredictiveReorderingDashboard.tsx(626,23): error TS2322: Type '(entry: { category: string; }) => string' is not assignable to type 'PieLabel | undefined'.
  Type '(entry: { category: string; }) => string' is not assignable to type '(props: PieLabelRenderProps) => ReactNode | ReactElement<SVGElement, string | JSXElementConstructor<any>>'.
    Types of parameters 'entry' and 'props' are incompatible.
      Property 'category' is missing in type 'PieLabelRenderProps' but required in type '{ category: string; }'.
src/features/business/inventory/PredictiveReorderingDashboard.tsx(635,35): error TS2322: Type '(value: number) => string' is not assignable to type 'Formatter<number, NameType>'.
  Types of parameters 'value' and 'value' are incompatible.
    Type 'number | undefined' is not assignable to type 'number'.
      Type 'undefined' is not assignable to type 'number'.
src/features/business/inventory/PredictiveReorderingDashboard.tsx(647,12): error TS2769: No overload matches this call.
  Overload 1 of 2, '(props: { component: ElementType<any, keyof IntrinsicElements>; } & GridBaseProps & { sx?: SxProps<Theme> | undefined; } & SystemProps<...> & Omit<...>): Element | null', gave the following error.
    Property 'component' is missing in type '{ children: Element; item: true; xs: number; }' but required in type '{ component: ElementType<any, keyof IntrinsicElements>; }'.
  Overload 2 of 2, '(props: DefaultComponentProps<GridTypeMap<{}, "div">>): Element | null', gave the following error.
    Type '{ children: Element; item: true; xs: number; }' is not assignable to type 'IntrinsicAttributes & GridBaseProps & { sx?: SxProps<Theme> | undefined; } & SystemProps<Theme> & Omit<...>'.
      Property 'item' does not exist on type 'IntrinsicAttributes & GridBaseProps & { sx?: SxProps<Theme> | undefined; } & SystemProps<Theme> & Omit<...>'.
src/features/business/inventory/PredictiveReorderingDashboard.tsx(676,16): error TS2769: No overload matches this call.
  Overload 1 of 2, '(props: { component: ElementType<any, keyof IntrinsicElements>; } & GridBaseProps & { sx?: SxProps<Theme> | undefined; } & SystemProps<...> & Omit<...>): Element | null', gave the following error.
    Property 'component' is missing in type '{ children: Element[]; item: true; xs: number; md: number; }' but required in type '{ component: ElementType<any, keyof IntrinsicElements>; }'.
  Overload 2 of 2, '(props: DefaultComponentProps<GridTypeMap<{}, "div">>): Element | null', gave the following error.
    Type '{ children: Element[]; item: true; xs: number; md: number; }' is not assignable to type 'IntrinsicAttributes & GridBaseProps & { sx?: SxProps<Theme> | undefined; } & SystemProps<Theme> & Omit<...>'.
      Property 'item' does not exist on type 'IntrinsicAttributes & GridBaseProps & { sx?: SxProps<Theme> | undefined; } & SystemProps<Theme> & Omit<...>'.
src/features/business/inventory/PredictiveReorderingDashboard.tsx(710,16): error TS2769: No overload matches this call.
  Overload 1 of 2, '(props: { component: ElementType<any, keyof IntrinsicElements>; } & GridBaseProps & { sx?: SxProps<Theme> | undefined; } & SystemProps<...> & Omit<...>): Element | null', gave the following error.
    Property 'component' is missing in type '{ children: Element[]; item: true; xs: number; md: number; }' but required in type '{ component: ElementType<any, keyof IntrinsicElements>; }'.
  Overload 2 of 2, '(props: DefaultComponentProps<GridTypeMap<{}, "div">>): Element | null', gave the following error.
    Type '{ children: Element[]; item: true; xs: number; md: number; }' is not assignable to type 'IntrinsicAttributes & GridBaseProps & { sx?: SxProps<Theme> | undefined; } & SystemProps<Theme> & Omit<...>'.
      Property 'item' does not exist on type 'IntrinsicAttributes & GridBaseProps & { sx?: SxProps<Theme> | undefined; } & SystemProps<Theme> & Omit<...>'.
src/features/business/maintenance/MaintenanceHistoryList.tsx(3,55): error TS2307: Cannot find module '../../services/maintenanceService' or its corresponding type declarations.
src/features/business/maintenance/MaintenanceHistoryList.tsx(4,41): error TS2307: Cannot find module '../../services/vehicleService' or its corresponding type declarations.
src/features/business/maintenance/MaintenanceManagement.tsx(3,35): error TS2307: Cannot find module '../../services/maintenanceService' or its corresponding type declarations.
src/features/business/maintenance/MaintenanceScheduler.tsx(3,36): error TS2307: Cannot find module '../../services/maintenanceService' or its corresponding type declarations.
src/features/business/maintenance/MaintenanceScheduler.tsx(4,41): error TS2307: Cannot find module '../../services/vehicleService' or its corresponding type declarations.
src/features/business/procurement/PurchaseOrderWorkflowDashboard.tsx(312,12): error TS2769: No overload matches this call.
  Overload 1 of 2, '(props: { component: ElementType<any, keyof IntrinsicElements>; } & GridBaseProps & { sx?: SxProps<Theme> | undefined; } & SystemProps<...> & Omit<...>): Element | null', gave the following error.
    Property 'component' is missing in type '{ children: Element; item: true; xs: number; md: number; }' but required in type '{ component: ElementType<any, keyof IntrinsicElements>; }'.
  Overload 2 of 2, '(props: DefaultComponentProps<GridTypeMap<{}, "div">>): Element | null', gave the following error.
    Type '{ children: Element; item: true; xs: number; md: number; }' is not assignable to type 'IntrinsicAttributes & GridBaseProps & { sx?: SxProps<Theme> | undefined; } & SystemProps<Theme> & Omit<...>'.
      Property 'item' does not exist on type 'IntrinsicAttributes & GridBaseProps & { sx?: SxProps<Theme> | undefined; } & SystemProps<Theme> & Omit<...>'.
src/features/business/procurement/PurchaseOrderWorkflowDashboard.tsx(326,12): error TS2769: No overload matches this call.
  Overload 1 of 2, '(props: { component: ElementType<any, keyof IntrinsicElements>; } & GridBaseProps & { sx?: SxProps<Theme> | undefined; } & SystemProps<...> & Omit<...>): Element | null', gave the following error.
    Property 'component' is missing in type '{ children: Element; item: true; xs: number; md: number; }' but required in type '{ component: ElementType<any, keyof IntrinsicElements>; }'.
  Overload 2 of 2, '(props: DefaultComponentProps<GridTypeMap<{}, "div">>): Element | null', gave the following error.
    Type '{ children: Element; item: true; xs: number; md: number; }' is not assignable to type 'IntrinsicAttributes & GridBaseProps & { sx?: SxProps<Theme> | undefined; } & SystemProps<Theme> & Omit<...>'.
      Property 'item' does not exist on type 'IntrinsicAttributes & GridBaseProps & { sx?: SxProps<Theme> | undefined; } & SystemProps<Theme> & Omit<...>'.
src/features/business/procurement/PurchaseOrderWorkflowDashboard.tsx(340,12): error TS2769: No overload matches this call.
  Overload 1 of 2, '(props: { component: ElementType<any, keyof IntrinsicElements>; } & GridBaseProps & { sx?: SxProps<Theme> | undefined; } & SystemProps<...> & Omit<...>): Element | null', gave the following error.
    Property 'component' is missing in type '{ children: Element; item: true; xs: number; md: number; }' but required in type '{ component: ElementType<any, keyof IntrinsicElements>; }'.
  Overload 2 of 2, '(props: DefaultComponentProps<GridTypeMap<{}, "div">>): Element | null', gave the following error.
    Type '{ children: Element; item: true; xs: number; md: number; }' is not assignable to type 'IntrinsicAttributes & GridBaseProps & { sx?: SxProps<Theme> | undefined; } & SystemProps<Theme> & Omit<...>'.
      Property 'item' does not exist on type 'IntrinsicAttributes & GridBaseProps & { sx?: SxProps<Theme> | undefined; } & SystemProps<Theme> & Omit<...>'.
src/features/business/procurement/PurchaseOrderWorkflowDashboard.tsx(354,12): error TS2769: No overload matches this call.
  Overload 1 of 2, '(props: { component: ElementType<any, keyof IntrinsicElements>; } & GridBaseProps & { sx?: SxProps<Theme> | undefined; } & SystemProps<...> & Omit<...>): Element | null', gave the following error.
    Property 'component' is missing in type '{ children: Element; item: true; xs: number; md: number; }' but required in type '{ component: ElementType<any, keyof IntrinsicElements>; }'.
  Overload 2 of 2, '(props: DefaultComponentProps<GridTypeMap<{}, "div">>): Element | null', gave the following error.
    Type '{ children: Element; item: true; xs: number; md: number; }' is not assignable to type 'IntrinsicAttributes & GridBaseProps & { sx?: SxProps<Theme> | undefined; } & SystemProps<Theme> & Omit<...>'.
      Property 'item' does not exist on type 'IntrinsicAttributes & GridBaseProps & { sx?: SxProps<Theme> | undefined; } & SystemProps<Theme> & Omit<...>'.
src/features/business/procurement/PurchaseOrderWorkflowDashboard.tsx(396,20): error TS2769: No overload matches this call.
  Overload 1 of 2, '(props: { component: ElementType<any, keyof IntrinsicElements>; } & GridBaseProps & { sx?: SxProps<Theme> | undefined; } & SystemProps<...> & Omit<...>): Element | null', gave the following error.
    Property 'component' is missing in type '{ children: Element; item: true; xs: number; key: string; }' but required in type '{ component: ElementType<any, keyof IntrinsicElements>; }'.
  Overload 2 of 2, '(props: DefaultComponentProps<GridTypeMap<{}, "div">>): Element | null', gave the following error.
    Type '{ children: Element; item: true; xs: number; key: string; }' is not assignable to type 'IntrinsicAttributes & GridBaseProps & { sx?: SxProps<Theme> | undefined; } & SystemProps<Theme> & Omit<...>'.
      Property 'item' does not exist on type 'IntrinsicAttributes & GridBaseProps & { sx?: SxProps<Theme> | undefined; } & SystemProps<Theme> & Omit<...>'.
src/features/business/procurement/PurchaseOrderWorkflowDashboard.tsx(599,16): error TS2769: No overload matches this call.
  Overload 1 of 2, '(props: { component: ElementType<any, keyof IntrinsicElements>; } & GridBaseProps & { sx?: SxProps<Theme> | undefined; } & SystemProps<...> & Omit<...>): Element | null', gave the following error.
    Property 'component' is missing in type '{ children: Element; item: true; xs: number; md: number; }' but required in type '{ component: ElementType<any, keyof IntrinsicElements>; }'.
  Overload 2 of 2, '(props: DefaultComponentProps<GridTypeMap<{}, "div">>): Element | null', gave the following error.
    Type '{ children: Element; item: true; xs: number; md: number; }' is not assignable to type 'IntrinsicAttributes & GridBaseProps & { sx?: SxProps<Theme> | undefined; } & SystemProps<Theme> & Omit<...>'.
      Property 'item' does not exist on type 'IntrinsicAttributes & GridBaseProps & { sx?: SxProps<Theme> | undefined; } & SystemProps<Theme> & Omit<...>'.
src/features/business/procurement/PurchaseOrderWorkflowDashboard.tsx(624,16): error TS2769: No overload matches this call.
  Overload 1 of 2, '(props: { component: ElementType<any, keyof IntrinsicElements>; } & GridBaseProps & { sx?: SxProps<Theme> | undefined; } & SystemProps<...> & Omit<...>): Element | null', gave the following error.
    Property 'component' is missing in type '{ children: Element; item: true; xs: number; md: number; }' but required in type '{ component: ElementType<any, keyof IntrinsicElements>; }'.
  Overload 2 of 2, '(props: DefaultComponentProps<GridTypeMap<{}, "div">>): Element | null', gave the following error.
    Type '{ children: Element; item: true; xs: number; md: number; }' is not assignable to type 'IntrinsicAttributes & GridBaseProps & { sx?: SxProps<Theme> | undefined; } & SystemProps<Theme> & Omit<...>'.
      Property 'item' does not exist on type 'IntrinsicAttributes & GridBaseProps & { sx?: SxProps<Theme> | undefined; } & SystemProps<Theme> & Omit<...>'.
src/features/business/procurement/PurchaseOrderWorkflowDashboard.tsx(647,16): error TS2769: No overload matches this call.
  Overload 1 of 2, '(props: { component: ElementType<any, keyof IntrinsicElements>; } & GridBaseProps & { sx?: SxProps<Theme> | undefined; } & SystemProps<...> & Omit<...>): Element | null', gave the following error.
    Property 'component' is missing in type '{ children: Element; item: true; xs: number; }' but required in type '{ component: ElementType<any, keyof IntrinsicElements>; }'.
  Overload 2 of 2, '(props: DefaultComponentProps<GridTypeMap<{}, "div">>): Element | null', gave the following error.
    Type '{ children: Element; item: true; xs: number; }' is not assignable to type 'IntrinsicAttributes & GridBaseProps & { sx?: SxProps<Theme> | undefined; } & SystemProps<Theme> & Omit<...>'.
      Property 'item' does not exist on type 'IntrinsicAttributes & GridBaseProps & { sx?: SxProps<Theme> | undefined; } & SystemProps<Theme> & Omit<...>'.
src/features/business/procurement/PurchaseOrderWorkflowDashboard.tsx(763,18): error TS2769: No overload matches this call.
  Overload 1 of 2, '(props: { component: ElementType<any, keyof IntrinsicElements>; } & GridBaseProps & { sx?: SxProps<Theme> | undefined; } & SystemProps<...> & Omit<...>): Element | null', gave the following error.
    Property 'component' is missing in type '{ children: Element[]; item: true; xs: number; md: number; }' but required in type '{ component: ElementType<any, keyof IntrinsicElements>; }'.
  Overload 2 of 2, '(props: DefaultComponentProps<GridTypeMap<{}, "div">>): Element | null', gave the following error.
    Type '{ children: Element[]; item: true; xs: number; md: number; }' is not assignable to type 'IntrinsicAttributes & GridBaseProps & { sx?: SxProps<Theme> | undefined; } & SystemProps<Theme> & Omit<...>'.
      Property 'item' does not exist on type 'IntrinsicAttributes & GridBaseProps & { sx?: SxProps<Theme> | undefined; } & SystemProps<Theme> & Omit<...>'.
src/features/business/procurement/PurchaseOrderWorkflowDashboard.tsx(766,22): error TS2769: No overload matches this call.
  Overload 1 of 2, '(props: { component: ElementType<any, keyof IntrinsicElements>; } & GridBaseProps & { sx?: SxProps<Theme> | undefined; } & SystemProps<...> & Omit<...>): Element | null', gave the following error.
    Property 'component' is missing in type '{ children: Element[]; item: true; xs: number; }' but required in type '{ component: ElementType<any, keyof IntrinsicElements>; }'.
  Overload 2 of 2, '(props: DefaultComponentProps<GridTypeMap<{}, "div">>): Element | null', gave the following error.
    Type '{ children: Element[]; item: true; xs: number; }' is not assignable to type 'IntrinsicAttributes & GridBaseProps & { sx?: SxProps<Theme> | undefined; } & SystemProps<Theme> & Omit<...>'.
      Property 'item' does not exist on type 'IntrinsicAttributes & GridBaseProps & { sx?: SxProps<Theme> | undefined; } & SystemProps<Theme> & Omit<...>'.
src/features/business/procurement/PurchaseOrderWorkflowDashboard.tsx(770,22): error TS2769: No overload matches this call.
  Overload 1 of 2, '(props: { component: ElementType<any, keyof IntrinsicElements>; } & GridBaseProps & { sx?: SxProps<Theme> | undefined; } & SystemProps<...> & Omit<...>): Element | null', gave the following error.
    Property 'component' is missing in type '{ children: Element[]; item: true; xs: number; }' but required in type '{ component: ElementType<any, keyof IntrinsicElements>; }'.
  Overload 2 of 2, '(props: DefaultComponentProps<GridTypeMap<{}, "div">>): Element | null', gave the following error.
    Type '{ children: Element[]; item: true; xs: number; }' is not assignable to type 'IntrinsicAttributes & GridBaseProps & { sx?: SxProps<Theme> | undefined; } & SystemProps<Theme> & Omit<...>'.
      Property 'item' does not exist on type 'IntrinsicAttributes & GridBaseProps & { sx?: SxProps<Theme> | undefined; } & SystemProps<Theme> & Omit<...>'.
src/features/business/procurement/PurchaseOrderWorkflowDashboard.tsx(776,22): error TS2769: No overload matches this call.
  Overload 1 of 2, '(props: { component: ElementType<any, keyof IntrinsicElements>; } & GridBaseProps & { sx?: SxProps<Theme> | undefined; } & SystemProps<...> & Omit<...>): Element | null', gave the following error.
    Property 'component' is missing in type '{ children: Element[]; item: true; xs: number; }' but required in type '{ component: ElementType<any, keyof IntrinsicElements>; }'.
  Overload 2 of 2, '(props: DefaultComponentProps<GridTypeMap<{}, "div">>): Element | null', gave the following error.
    Type '{ children: Element[]; item: true; xs: number; }' is not assignable to type 'IntrinsicAttributes & GridBaseProps & { sx?: SxProps<Theme> | undefined; } & SystemProps<Theme> & Omit<...>'.
      Property 'item' does not exist on type 'IntrinsicAttributes & GridBaseProps & { sx?: SxProps<Theme> | undefined; } & SystemProps<Theme> & Omit<...>'.
src/features/business/procurement/PurchaseOrderWorkflowDashboard.tsx(782,22): error TS2769: No overload matches this call.
  Overload 1 of 2, '(props: { component: ElementType<any, keyof IntrinsicElements>; } & GridBaseProps & { sx?: SxProps<Theme> | undefined; } & SystemProps<...> & Omit<...>): Element | null', gave the following error.
    Property 'component' is missing in type '{ children: Element[]; item: true; xs: number; }' but required in type '{ component: ElementType<any, keyof IntrinsicElements>; }'.
  Overload 2 of 2, '(props: DefaultComponentProps<GridTypeMap<{}, "div">>): Element | null', gave the following error.
    Type '{ children: Element[]; item: true; xs: number; }' is not assignable to type 'IntrinsicAttributes & GridBaseProps & { sx?: SxProps<Theme> | undefined; } & SystemProps<Theme> & Omit<...>'.
      Property 'item' does not exist on type 'IntrinsicAttributes & GridBaseProps & { sx?: SxProps<Theme> | undefined; } & SystemProps<Theme> & Omit<...>'.
src/features/business/procurement/PurchaseOrderWorkflowDashboard.tsx(845,18): error TS2769: No overload matches this call.
  Overload 1 of 2, '(props: { component: ElementType<any, keyof IntrinsicElements>; } & GridBaseProps & { sx?: SxProps<Theme> | undefined; } & SystemProps<...> & Omit<...>): Element | null', gave the following error.
    Property 'component' is missing in type '{ children: Element[]; item: true; xs: number; md: number; }' but required in type '{ component: ElementType<any, keyof IntrinsicElements>; }'.
  Overload 2 of 2, '(props: DefaultComponentProps<GridTypeMap<{}, "div">>): Element | null', gave the following error.
    Type '{ children: Element[]; item: true; xs: number; md: number; }' is not assignable to type 'IntrinsicAttributes & GridBaseProps & { sx?: SxProps<Theme> | undefined; } & SystemProps<Theme> & Omit<...>'.
      Property 'item' does not exist on type 'IntrinsicAttributes & GridBaseProps & { sx?: SxProps<Theme> | undefined; } & SystemProps<Theme> & Omit<...>'.
src/features/business/reports/ReportingDashboard.tsx(270,10): error TS2769: No overload matches this call.
  Overload 1 of 2, '(props: { component: ElementType<any, keyof IntrinsicElements>; } & GridBaseProps & { sx?: SxProps<Theme> | undefined; } & SystemProps<...> & Omit<...>): Element | null', gave the following error.
    Property 'component' is missing in type '{ children: Element; item: true; xs: number; md: number; }' but required in type '{ component: ElementType<any, keyof IntrinsicElements>; }'.
  Overload 2 of 2, '(props: DefaultComponentProps<GridTypeMap<{}, "div">>): Element | null', gave the following error.
    Type '{ children: Element; item: true; xs: number; md: number; }' is not assignable to type 'IntrinsicAttributes & GridBaseProps & { sx?: SxProps<Theme> | undefined; } & SystemProps<Theme> & Omit<...>'.
      Property 'item' does not exist on type 'IntrinsicAttributes & GridBaseProps & { sx?: SxProps<Theme> | undefined; } & SystemProps<Theme> & Omit<...>'.
src/features/business/reports/ReportingDashboard.tsx(280,10): error TS2769: No overload matches this call.
  Overload 1 of 2, '(props: { component: ElementType<any, keyof IntrinsicElements>; } & GridBaseProps & { sx?: SxProps<Theme> | undefined; } & SystemProps<...> & Omit<...>): Element | null', gave the following error.
    Property 'component' is missing in type '{ children: Element; item: true; xs: number; md: number; }' but required in type '{ component: ElementType<any, keyof IntrinsicElements>; }'.
  Overload 2 of 2, '(props: DefaultComponentProps<GridTypeMap<{}, "div">>): Element | null', gave the following error.
    Type '{ children: Element; item: true; xs: number; md: number; }' is not assignable to type 'IntrinsicAttributes & GridBaseProps & { sx?: SxProps<Theme> | undefined; } & SystemProps<Theme> & Omit<...>'.
      Property 'item' does not exist on type 'IntrinsicAttributes & GridBaseProps & { sx?: SxProps<Theme> | undefined; } & SystemProps<Theme> & Omit<...>'.
src/features/business/reports/ReportingDashboard.tsx(292,10): error TS2769: No overload matches this call.
  Overload 1 of 2, '(props: { component: ElementType<any, keyof IntrinsicElements>; } & GridBaseProps & { sx?: SxProps<Theme> | undefined; } & SystemProps<...> & Omit<...>): Element | null', gave the following error.
    Property 'component' is missing in type '{ children: Element; item: true; xs: number; md: number; }' but required in type '{ component: ElementType<any, keyof IntrinsicElements>; }'.
  Overload 2 of 2, '(props: DefaultComponentProps<GridTypeMap<{}, "div">>): Element | null', gave the following error.
    Type '{ children: Element; item: true; xs: number; md: number; }' is not assignable to type 'IntrinsicAttributes & GridBaseProps & { sx?: SxProps<Theme> | undefined; } & SystemProps<Theme> & Omit<...>'.
      Property 'item' does not exist on type 'IntrinsicAttributes & GridBaseProps & { sx?: SxProps<Theme> | undefined; } & SystemProps<Theme> & Omit<...>'.
src/features/business/reports/ReportingDashboard.tsx(316,14): error TS2769: No overload matches this call.
  Overload 1 of 2, '(props: { component: ElementType<any, keyof IntrinsicElements>; } & GridBaseProps & { sx?: SxProps<Theme> | undefined; } & SystemProps<...> & Omit<...>): Element | null', gave the following error.
    Property 'component' is missing in type '{ children: Element; item: true; xs: number; md: number; }' but required in type '{ component: ElementType<any, keyof IntrinsicElements>; }'.
  Overload 2 of 2, '(props: DefaultComponentProps<GridTypeMap<{}, "div">>): Element | null', gave the following error.
    Type '{ children: Element; item: true; xs: number; md: number; }' is not assignable to type 'IntrinsicAttributes & GridBaseProps & { sx?: SxProps<Theme> | undefined; } & SystemProps<Theme> & Omit<...>'.
      Property 'item' does not exist on type 'IntrinsicAttributes & GridBaseProps & { sx?: SxProps<Theme> | undefined; } & SystemProps<Theme> & Omit<...>'.
src/features/business/reports/ReportingDashboard.tsx(333,14): error TS2769: No overload matches this call.
  Overload 1 of 2, '(props: { component: ElementType<any, keyof IntrinsicElements>; } & GridBaseProps & { sx?: SxProps<Theme> | undefined; } & SystemProps<...> & Omit<...>): Element | null', gave the following error.
    Property 'component' is missing in type '{ children: Element; item: true; xs: number; md: number; }' but required in type '{ component: ElementType<any, keyof IntrinsicElements>; }'.
  Overload 2 of 2, '(props: DefaultComponentProps<GridTypeMap<{}, "div">>): Element | null', gave the following error.
    Type '{ children: Element; item: true; xs: number; md: number; }' is not assignable to type 'IntrinsicAttributes & GridBaseProps & { sx?: SxProps<Theme> | undefined; } & SystemProps<Theme> & Omit<...>'.
      Property 'item' does not exist on type 'IntrinsicAttributes & GridBaseProps & { sx?: SxProps<Theme> | undefined; } & SystemProps<Theme> & Omit<...>'.
src/features/business/reports/ReportingDashboard.tsx(343,14): error TS2769: No overload matches this call.
  Overload 1 of 2, '(props: { component: ElementType<any, keyof IntrinsicElements>; } & GridBaseProps & { sx?: SxProps<Theme> | undefined; } & SystemProps<...> & Omit<...>): Element | null', gave the following error.
    Property 'component' is missing in type '{ children: Element; item: true; xs: number; md: number; }' but required in type '{ component: ElementType<any, keyof IntrinsicElements>; }'.
  Overload 2 of 2, '(props: DefaultComponentProps<GridTypeMap<{}, "div">>): Element | null', gave the following error.
    Type '{ children: Element; item: true; xs: number; md: number; }' is not assignable to type 'IntrinsicAttributes & GridBaseProps & { sx?: SxProps<Theme> | undefined; } & SystemProps<Theme> & Omit<...>'.
      Property 'item' does not exist on type 'IntrinsicAttributes & GridBaseProps & { sx?: SxProps<Theme> | undefined; } & SystemProps<Theme> & Omit<...>'.
src/features/business/reports/ReportingDashboard.tsx(354,14): error TS2769: No overload matches this call.
  Overload 1 of 2, '(props: { component: ElementType<any, keyof IntrinsicElements>; } & GridBaseProps & { sx?: SxProps<Theme> | undefined; } & SystemProps<...> & Omit<...>): Element | null', gave the following error.
    Property 'component' is missing in type '{ children: Element; item: true; xs: number; md: number; }' but required in type '{ component: ElementType<any, keyof IntrinsicElements>; }'.
  Overload 2 of 2, '(props: DefaultComponentProps<GridTypeMap<{}, "div">>): Element | null', gave the following error.
    Type '{ children: Element; item: true; xs: number; md: number; }' is not assignable to type 'IntrinsicAttributes & GridBaseProps & { sx?: SxProps<Theme> | undefined; } & SystemProps<Theme> & Omit<...>'.
      Property 'item' does not exist on type 'IntrinsicAttributes & GridBaseProps & { sx?: SxProps<Theme> | undefined; } & SystemProps<Theme> & Omit<...>'.
src/features/business/reports/ReportingDashboard.tsx(365,14): error TS2769: No overload matches this call.
  Overload 1 of 2, '(props: { component: ElementType<any, keyof IntrinsicElements>; } & GridBaseProps & { sx?: SxProps<Theme> | undefined; } & SystemProps<...> & Omit<...>): Element | null', gave the following error.
    Property 'component' is missing in type '{ children: Element; item: true; xs: number; md: number; }' but required in type '{ component: ElementType<any, keyof IntrinsicElements>; }'.
  Overload 2 of 2, '(props: DefaultComponentProps<GridTypeMap<{}, "div">>): Element | null', gave the following error.
    Type '{ children: Element; item: true; xs: number; md: number; }' is not assignable to type 'IntrinsicAttributes & GridBaseProps & { sx?: SxProps<Theme> | undefined; } & SystemProps<Theme> & Omit<...>'.
      Property 'item' does not exist on type 'IntrinsicAttributes & GridBaseProps & { sx?: SxProps<Theme> | undefined; } & SystemProps<Theme> & Omit<...>'.
src/features/business/reports/ReportingDashboard.tsx(380,14): error TS2769: No overload matches this call.
  Overload 1 of 2, '(props: { component: ElementType<any, keyof IntrinsicElements>; } & GridBaseProps & { sx?: SxProps<Theme> | undefined; } & SystemProps<...> & Omit<...>): Element | null', gave the following error.
    Property 'component' is missing in type '{ children: Element; item: true; xs: number; }' but required in type '{ component: ElementType<any, keyof IntrinsicElements>; }'.
  Overload 2 of 2, '(props: DefaultComponentProps<GridTypeMap<{}, "div">>): Element | null', gave the following error.
    Type '{ children: Element; item: true; xs: number; }' is not assignable to type 'IntrinsicAttributes & GridBaseProps & { sx?: SxProps<Theme> | undefined; } & SystemProps<Theme> & Omit<...>'.
      Property 'item' does not exist on type 'IntrinsicAttributes & GridBaseProps & { sx?: SxProps<Theme> | undefined; } & SystemProps<Theme> & Omit<...>'.
src/features/business/reports/ReportingDashboard.tsx(588,14): error TS2769: No overload matches this call.
  Overload 1 of 2, '(props: { component: ElementType<any, keyof IntrinsicElements>; } & GridBaseProps & { sx?: SxProps<Theme> | undefined; } & SystemProps<...> & Omit<...>): Element | null', gave the following error.
    Property 'component' is missing in type '{ children: Element; item: true; xs: number; }' but required in type '{ component: ElementType<any, keyof IntrinsicElements>; }'.
  Overload 2 of 2, '(props: DefaultComponentProps<GridTypeMap<{}, "div">>): Element | null', gave the following error.
    Type '{ children: Element; item: true; xs: number; }' is not assignable to type 'IntrinsicAttributes & GridBaseProps & { sx?: SxProps<Theme> | undefined; } & SystemProps<Theme> & Omit<...>'.
      Property 'item' does not exist on type 'IntrinsicAttributes & GridBaseProps & { sx?: SxProps<Theme> | undefined; } & SystemProps<Theme> & Omit<...>'.
src/features/business/reports/ReportingDashboard.tsx(598,14): error TS2769: No overload matches this call.
  Overload 1 of 2, '(props: { component: ElementType<any, keyof IntrinsicElements>; } & GridBaseProps & { sx?: SxProps<Theme> | undefined; } & SystemProps<...> & Omit<...>): Element | null', gave the following error.
    Property 'component' is missing in type '{ children: Element; item: true; xs: number; }' but required in type '{ component: ElementType<any, keyof IntrinsicElements>; }'.
  Overload 2 of 2, '(props: DefaultComponentProps<GridTypeMap<{}, "div">>): Element | null', gave the following error.
    Type '{ children: Element; item: true; xs: number; }' is not assignable to type 'IntrinsicAttributes & GridBaseProps & { sx?: SxProps<Theme> | undefined; } & SystemProps<Theme> & Omit<...>'.
      Property 'item' does not exist on type 'IntrinsicAttributes & GridBaseProps & { sx?: SxProps<Theme> | undefined; } & SystemProps<Theme> & Omit<...>'.
src/features/business/reports/ReportingDashboard.tsx(619,14): error TS2769: No overload matches this call.
  Overload 1 of 2, '(props: { component: ElementType<any, keyof IntrinsicElements>; } & GridBaseProps & { sx?: SxProps<Theme> | undefined; } & SystemProps<...> & Omit<...>): Element | null', gave the following error.
    Property 'component' is missing in type '{ children: Element; item: true; xs: number; }' but required in type '{ component: ElementType<any, keyof IntrinsicElements>; }'.
  Overload 2 of 2, '(props: DefaultComponentProps<GridTypeMap<{}, "div">>): Element | null', gave the following error.
    Type '{ children: Element; item: true; xs: number; }' is not assignable to type 'IntrinsicAttributes & GridBaseProps & { sx?: SxProps<Theme> | undefined; } & SystemProps<Theme> & Omit<...>'.
      Property 'item' does not exist on type 'IntrinsicAttributes & GridBaseProps & { sx?: SxProps<Theme> | undefined; } & SystemProps<Theme> & Omit<...>'.
src/features/business/reports/ReportingDashboard.tsx(635,14): error TS2769: No overload matches this call.
  Overload 1 of 2, '(props: { component: ElementType<any, keyof IntrinsicElements>; } & GridBaseProps & { sx?: SxProps<Theme> | undefined; } & SystemProps<...> & Omit<...>): Element | null', gave the following error.
    Property 'component' is missing in type '{ children: Element; item: true; xs: number; }' but required in type '{ component: ElementType<any, keyof IntrinsicElements>; }'.
  Overload 2 of 2, '(props: DefaultComponentProps<GridTypeMap<{}, "div">>): Element | null', gave the following error.
    Type '{ children: Element; item: true; xs: number; }' is not assignable to type 'IntrinsicAttributes & GridBaseProps & { sx?: SxProps<Theme> | undefined; } & SystemProps<Theme> & Omit<...>'.
      Property 'item' does not exist on type 'IntrinsicAttributes & GridBaseProps & { sx?: SxProps<Theme> | undefined; } & SystemProps<Theme> & Omit<...>'.
src/features/business/reports/ReportingDashboard.tsx(651,14): error TS2769: No overload matches this call.
  Overload 1 of 2, '(props: { component: ElementType<any, keyof IntrinsicElements>; } & GridBaseProps & { sx?: SxProps<Theme> | undefined; } & SystemProps<...> & Omit<...>): Element | null', gave the following error.
    Property 'component' is missing in type '{ children: Element; item: true; xs: number; }' but required in type '{ component: ElementType<any, keyof IntrinsicElements>; }'.
  Overload 2 of 2, '(props: DefaultComponentProps<GridTypeMap<{}, "div">>): Element | null', gave the following error.
    Type '{ children: Element; item: true; xs: number; }' is not assignable to type 'IntrinsicAttributes & GridBaseProps & { sx?: SxProps<Theme> | undefined; } & SystemProps<Theme> & Omit<...>'.
      Property 'item' does not exist on type 'IntrinsicAttributes & GridBaseProps & { sx?: SxProps<Theme> | undefined; } & SystemProps<Theme> & Omit<...>'.
src/features/business/safety/DriverSafetyDashboard.tsx(19,8): error TS2307: Cannot find module '../../types' or its corresponding type declarations.
src/features/business/safety/DriverSafetyDashboard.tsx(20,23): error TS2307: Cannot find module '../ui/Badge' or its corresponding type declarations.
src/features/business/safety/DriverSafetyDashboard.tsx(21,24): error TS2307: Cannot find module '../ui/Button' or its corresponding type declarations.
src/features/business/safety/DriverSafetyDashboard.tsx(22,58): error TS2307: Cannot find module '../ui/Card' or its corresponding type declarations.
src/features/business/safety/DriverSafetyDashboard.tsx(23,26): error TS2307: Cannot find module '../ui/Progress' or its corresponding type declarations.
src/features/business/safety/DriverSafetyDashboard.tsx(424,68): error TS7006: Parameter 'improvement' implicitly has an 'any' type.
src/features/business/safety/DriverSafetyDashboard.tsx(424,81): error TS7006: Parameter 'index' implicitly has an 'any' type.
src/features/business/safety/DriverSafetyDashboard.tsx(499,34): error TS7053: Element implicitly has an 'any' type because expression of type 'any' can't be used to index type '{ critical: Element; high: Element; medium: Element; }'.
src/features/business/safety/DriverSafetyDashboard.tsx(631,56): error TS7006: Parameter 'goal' implicitly has an 'any' type.
src/features/business/safety/DriverSafetyDashboard.tsx(649,71): error TS7006: Parameter 'training' implicitly has an 'any' type.
src/features/business/safety/DriverSafetyDashboard.tsx(649,81): error TS7006: Parameter 'index' implicitly has an 'any' type.
src/features/business/safety/DriverSafetyDashboard.tsx(752,84): error TS7006: Parameter 'prediction' implicitly has an 'any' type.
src/features/fleet-3d/advanced-showroom/Enhanced3DVehicleShowroom.tsx(17,45): error TS2307: Cannot find module './services/EnhancedVehicleImageService' or its corresponding type declarations.
src/features/fleet-3d/advanced-showroom/Enhanced3DVehicleShowroom.tsx(100,35): error TS2552: Cannot find name 'RealDataService'. Did you mean 'realDataService'?
src/features/fleet-3d/advanced-showroom/Enhanced3DVehicleShowroom.tsx(357,17): error TS2339: Property 'name' does not exist on type 'VehicleData'.
src/features/fleet-3d/advanced-showroom/Enhanced3DVehicleShowroom.tsx(376,20): error TS7053: Element implicitly has an 'any' type because expression of type '"name" | "year" | "fuel" | "mileage"' can't be used to index type 'VehicleData'.
  Property 'name' does not exist on type 'VehicleData'.
src/features/fleet-3d/advanced-showroom/Enhanced3DVehicleShowroom.tsx(377,20): error TS7053: Element implicitly has an 'any' type because expression of type '"name" | "year" | "fuel" | "mileage"' can't be used to index type 'VehicleData'.
  Property 'name' does not exist on type 'VehicleData'.
src/features/fleet-3d/advanced-showroom/Enhanced3DVehicleShowroom.tsx(380,20): error TS2339: Property 'name' does not exist on type 'VehicleData'.
src/features/fleet-3d/advanced-showroom/Enhanced3DVehicleShowroom.tsx(381,20): error TS2339: Property 'name' does not exist on type 'VehicleData'.
src/features/fleet-3d/advanced-showroom/Enhanced3DVehicleShowroom.tsx(835,26): error TS2339: Property 'name' does not exist on type 'VehicleData'.
src/features/fleet-3d/advanced-showroom/PhotorealisticVehicleShowroom.tsx(3,45): error TS2307: Cannot find module '../../services/AccurateVehicleImageService' or its corresponding type declarations.
src/features/fleet-3d/advanced-showroom/PhotorealisticVehicleShowroom.tsx(4,33): error TS2307: Cannot find module '../../services/RealDataService' or its corresponding type declarations.
src/features/fleet-3d/advanced-showroom/PhotorealisticVehicleShowroom.tsx(111,63): error TS2307: Cannot find module '../../services/ReferenceBasedVehicleGenerator' or its corresponding type declarations.
src/features/fleet-3d/advanced-showroom/PhotorealisticVehicleShowroom.tsx(505,72): error TS2307: Cannot find module '../../services/vehicleImageService' or its corresponding type declarations.
src/features/fleet-3d/advanced-showroom/SimpleVehicleShowroom.tsx(3,45): error TS2307: Cannot find module '../../services/EnhancedVehicleImageService' or its corresponding type declarations.
src/features/fleet-3d/advanced-showroom/SimpleVehicleShowroom.tsx(4,33): error TS2307: Cannot find module '../../services/RealDataService' or its corresponding type declarations.
src/features/fleet-3d/advanced-showroom/SimpleVehicleShowroom.tsx(5,36): error TS2307: Cannot find module '../vehicle/OBD2RealTimeConnection' or its corresponding type declarations.
src/features/fleet-3d/advanced-showroom/SimpleVehicleShowroom.tsx(6,31): error TS2307: Cannot find module '../vehicle/VehicleDetailView' or its corresponding type declarations.
src/features/fleet-3d/advanced-showroom/SimpleVehicleShowroom.tsx(44,50): error TS7006: Parameter 'v' implicitly has an 'any' type.
src/features/fleet-3d/advanced-showroom/SimpleVehicleShowroom.tsx(53,32): error TS7006: Parameter 'p' implicitly has an 'any' type.
src/features/fleet-3d/advanced-showroom/SimpleVehicleShowroom.tsx(55,32): error TS7006: Parameter 'p' implicitly has an 'any' type.
src/features/fleet-3d/advanced-showroom/VehicleShowroom.tsx(645,12): error TS2769: No overload matches this call.
  Overload 1 of 2, '(props: { component: ElementType<any, keyof IntrinsicElements>; } & GridBaseProps & { sx?: SxProps<Theme> | undefined; } & SystemProps<...> & Omit<...>): Element | null', gave the following error.
    Property 'component' is missing in type '{ children: Element; item: true; xs: number; }' but required in type '{ component: ElementType<any, keyof IntrinsicElements>; }'.
  Overload 2 of 2, '(props: DefaultComponentProps<GridTypeMap<{}, "div">>): Element | null', gave the following error.
    Type '{ children: Element; item: true; xs: number; }' is not assignable to type 'IntrinsicAttributes & GridBaseProps & { sx?: SxProps<Theme> | undefined; } & SystemProps<Theme> & Omit<...>'.
      Property 'item' does not exist on type 'IntrinsicAttributes & GridBaseProps & { sx?: SxProps<Theme> | undefined; } & SystemProps<Theme> & Omit<...>'.
src/features/fleet-3d/advanced-showroom/VehicleShowroom.tsx(651,12): error TS2769: No overload matches this call.
  Overload 1 of 2, '(props: { component: ElementType<any, keyof IntrinsicElements>; } & GridBaseProps & { sx?: SxProps<Theme> | undefined; } & SystemProps<...> & Omit<...>): Element | null', gave the following error.
    Property 'component' is missing in type '{ children: Element; item: true; xs: number; }' but required in type '{ component: ElementType<any, keyof IntrinsicElements>; }'.
  Overload 2 of 2, '(props: DefaultComponentProps<GridTypeMap<{}, "div">>): Element | null', gave the following error.
    Type '{ children: Element; item: true; xs: number; }' is not assignable to type 'IntrinsicAttributes & GridBaseProps & { sx?: SxProps<Theme> | undefined; } & SystemProps<Theme> & Omit<...>'.
      Property 'item' does not exist on type 'IntrinsicAttributes & GridBaseProps & { sx?: SxProps<Theme> | undefined; } & SystemProps<Theme> & Omit<...>'.
src/features/fleet-3d/advanced-showroom/VehicleShowroom.tsx(787,10): error TS2769: No overload matches this call.
  Overload 1 of 2, '(props: { component: ElementType<any, keyof IntrinsicElements>; } & GridBaseProps & { sx?: SxProps<Theme> | undefined; } & SystemProps<...> & Omit<...>): Element | null', gave the following error.
    Property 'component' is missing in type '{ children: Element; item: true; xs: number; sm: number; md: number; }' but required in type '{ component: ElementType<any, keyof IntrinsicElements>; }'.
  Overload 2 of 2, '(props: DefaultComponentProps<GridTypeMap<{}, "div">>): Element | null', gave the following error.
    Type '{ children: Element; item: true; xs: number; sm: number; md: number; }' is not assignable to type 'IntrinsicAttributes & GridBaseProps & { sx?: SxProps<Theme> | undefined; } & SystemProps<Theme> & Omit<...>'.
      Property 'item' does not exist on type 'IntrinsicAttributes & GridBaseProps & { sx?: SxProps<Theme> | undefined; } & SystemProps<Theme> & Omit<...>'.
src/features/fleet-3d/advanced-showroom/VehicleShowroom.tsx(793,10): error TS2769: No overload matches this call.
  Overload 1 of 2, '(props: { component: ElementType<any, keyof IntrinsicElements>; } & GridBaseProps & { sx?: SxProps<Theme> | undefined; } & SystemProps<...> & Omit<...>): Element | null', gave the following error.
    Property 'component' is missing in type '{ children: Element; item: true; xs: number; sm: number; md: number; }' but required in type '{ component: ElementType<any, keyof IntrinsicElements>; }'.
  Overload 2 of 2, '(props: DefaultComponentProps<GridTypeMap<{}, "div">>): Element | null', gave the following error.
    Type '{ children: Element; item: true; xs: number; sm: number; md: number; }' is not assignable to type 'IntrinsicAttributes & GridBaseProps & { sx?: SxProps<Theme> | undefined; } & SystemProps<Theme> & Omit<...>'.
      Property 'item' does not exist on type 'IntrinsicAttributes & GridBaseProps & { sx?: SxProps<Theme> | undefined; } & SystemProps<Theme> & Omit<...>'.
src/features/fleet-3d/advanced-showroom/VehicleShowroom.tsx(799,10): error TS2769: No overload matches this call.
  Overload 1 of 2, '(props: { component: ElementType<any, keyof IntrinsicElements>; } & GridBaseProps & { sx?: SxProps<Theme> | undefined; } & SystemProps<...> & Omit<...>): Element | null', gave the following error.
    Property 'component' is missing in type '{ children: Element; item: true; xs: number; sm: number; md: number; }' but required in type '{ component: ElementType<any, keyof IntrinsicElements>; }'.
  Overload 2 of 2, '(props: DefaultComponentProps<GridTypeMap<{}, "div">>): Element | null', gave the following error.
    Type '{ children: Element; item: true; xs: number; sm: number; md: number; }' is not assignable to type 'IntrinsicAttributes & GridBaseProps & { sx?: SxProps<Theme> | undefined; } & SystemProps<Theme> & Omit<...>'.
      Property 'item' does not exist on type 'IntrinsicAttributes & GridBaseProps & { sx?: SxProps<Theme> | undefined; } & SystemProps<Theme> & Omit<...>'.
src/features/fleet-3d/advanced-showroom/VehicleShowroom.tsx(805,10): error TS2769: No overload matches this call.
  Overload 1 of 2, '(props: { component: ElementType<any, keyof IntrinsicElements>; } & GridBaseProps & { sx?: SxProps<Theme> | undefined; } & SystemProps<...> & Omit<...>): Element | null', gave the following error.
    Property 'component' is missing in type '{ children: Element; item: true; xs: number; sm: number; md: number; }' but required in type '{ component: ElementType<any, keyof IntrinsicElements>; }'.
  Overload 2 of 2, '(props: DefaultComponentProps<GridTypeMap<{}, "div">>): Element | null', gave the following error.
    Type '{ children: Element; item: true; xs: number; sm: number; md: number; }' is not assignable to type 'IntrinsicAttributes & GridBaseProps & { sx?: SxProps<Theme> | undefined; } & SystemProps<Theme> & Omit<...>'.
      Property 'item' does not exist on type 'IntrinsicAttributes & GridBaseProps & { sx?: SxProps<Theme> | undefined; } & SystemProps<Theme> & Omit<...>'.
src/features/fleet-3d/advanced-showroom/VehicleShowroom.tsx(824,18): error TS2769: No overload matches this call.
  Overload 1 of 2, '(props: { component: ElementType<any, keyof IntrinsicElements>; } & GridBaseProps & { sx?: SxProps<Theme> | undefined; } & SystemProps<...> & Omit<...>): Element | null', gave the following error.
    Property 'component' is missing in type '{ children: Element; item: true; xs: number; sm: number; md: number; lg: number; key: string; }' but required in type '{ component: ElementType<any, keyof IntrinsicElements>; }'.
  Overload 2 of 2, '(props: DefaultComponentProps<GridTypeMap<{}, "div">>): Element | null', gave the following error.
    Type '{ children: Element; item: true; xs: number; sm: number; md: number; lg: number; key: string; }' is not assignable to type 'IntrinsicAttributes & GridBaseProps & { sx?: SxProps<Theme> | undefined; } & SystemProps<Theme> & Omit<...>'.
      Property 'item' does not exist on type 'IntrinsicAttributes & GridBaseProps & { sx?: SxProps<Theme> | undefined; } & SystemProps<Theme> & Omit<...>'.
src/features/fleet-3d/advanced-showroom/VehicleShowroom.tsx(875,26): error TS2769: No overload matches this call.
  Overload 1 of 2, '(props: { component: ElementType<any, keyof IntrinsicElements>; } & GridBaseProps & { sx?: SxProps<Theme> | undefined; } & SystemProps<...> & Omit<...>): Element | null', gave the following error.
    Property 'component' is missing in type '{ children: Element; item: true; xs: number; sm: number; key: string; }' but required in type '{ component: ElementType<any, keyof IntrinsicElements>; }'.
  Overload 2 of 2, '(props: DefaultComponentProps<GridTypeMap<{}, "div">>): Element | null', gave the following error.
    Type '{ children: Element; item: true; xs: number; sm: number; key: string; }' is not assignable to type 'IntrinsicAttributes & GridBaseProps & { sx?: SxProps<Theme> | undefined; } & SystemProps<Theme> & Omit<...>'.
      Property 'item' does not exist on type 'IntrinsicAttributes & GridBaseProps & { sx?: SxProps<Theme> | undefined; } & SystemProps<Theme> & Omit<...>'.
src/features/fleet-3d/advanced-showroom/VehicleShowroom.tsx(914,26): error TS2769: No overload matches this call.
  Overload 1 of 2, '(props: { component: ElementType<any, keyof IntrinsicElements>; } & GridBaseProps & { sx?: SxProps<Theme> | undefined; } & SystemProps<...> & Omit<...>): Element | null', gave the following error.
    Property 'component' is missing in type '{ children: Element; item: true; xs: number; sm: number; md: number; key: number; }' but required in type '{ component: ElementType<any, keyof IntrinsicElements>; }'.
  Overload 2 of 2, '(props: DefaultComponentProps<GridTypeMap<{}, "div">>): Element | null', gave the following error.
    Type '{ children: Element; item: true; xs: number; sm: number; md: number; key: number; }' is not assignable to type 'IntrinsicAttributes & GridBaseProps & { sx?: SxProps<Theme> | undefined; } & SystemProps<Theme> & Omit<...>'.
      Property 'item' does not exist on type 'IntrinsicAttributes & GridBaseProps & { sx?: SxProps<Theme> | undefined; } & SystemProps<Theme> & Omit<...>'.
src/features/fleet-3d/advanced-showroom/VehicleShowroom.tsx(929,57): error TS2304: Cannot find name 'CalendarIcon'.
src/features/fleet-3d/advanced-showroom/VehicleShowroom.tsx(956,24): error TS2304: Cannot find name 'DeleteIcon'.
src/features/fleet-3d/advanced-showroom/VehicleShowroomView.tsx(3,37): error TS2307: Cannot find module './VehicleShowroomSelector' or its corresponding type declarations.
src/features/radio-dispatch/app/(dashboard)/incidents/error.tsx(5,31): error TS2307: Cannot find module '@/components/ErrorFallback' or its corresponding type declarations.
src/features/radio-dispatch/app/layout.tsx(1,31): error TS2307: Cannot find module 'next' or its corresponding type declarations.
src/features/radio-dispatch/app/layout.tsx(2,23): error TS2307: Cannot find module 'next/font/google' or its corresponding type declarations.
src/features/radio-dispatch/app/providers.tsx(3,33): error TS2307: Cannot find module 'next-auth/react' or its corresponding type declarations.
src/features/radio-dispatch/app/providers.tsx(6,46): error TS2307: Cannot find module '@/components/common/Toast' or its corresponding type declarations.
src/features/radio-dispatch/app/providers.tsx(7,35): error TS2307: Cannot find module '@/lib/use-csrf' or its corresponding type declarations.
src/features/radio-dispatch/components/common/Toast.tsx(12,8): error TS2307: Cannot find module '@/components/ui/toast' or its corresponding type declarations.
src/features/radio-dispatch/components/CSRFInput.tsx(36,11): error TS2339: Property 'initializeCSRF' does not exist on type 'APIClient'.
src/features/radio-dispatch/components/CSRFInput.tsx(79,11): error TS2339: Property 'initializeCSRF' does not exist on type 'APIClient'.
src/features/radio-dispatch/components/ErrorPanel.tsx(5,10): error TS2724: '"@/lib/api"' has no exported member named 'ApiError'. Did you mean 'APIError'?
src/features/radio-dispatch/components/examples/CSRFProtectionExamples.tsx(5,41): error TS2307: Cannot find module '@/components/CSRFInput' or its corresponding type declarations.
src/features/radio-dispatch/components/examples/CSRFProtectionExamples.tsx(7,29): error TS2307: Cannot find module '@/lib/hooks/useMutation' or its corresponding type declarations.
src/features/radio-dispatch/components/examples/CSRFProtectionExamples.tsx(44,6): error TS7006: Parameter 'data' implicitly has an 'any' type.
src/features/radio-dispatch/components/examples/CSRFProtectionExamples.tsx(46,19): error TS7006: Parameter 'incident' implicitly has an 'any' type.
src/features/radio-dispatch/components/examples/CSRFProtectionExamples.tsx(53,17): error TS7006: Parameter 'error' implicitly has an 'any' type.
src/features/radio-dispatch/components/examples/CSRFProtectionExamples.tsx(210,6): error TS7006: Parameter 'id' implicitly has an 'any' type.
src/features/radio-dispatch/components/examples/CSRFProtectionExamples.tsx(215,17): error TS7006: Parameter 'error' implicitly has an 'any' type.
src/features/radio-dispatch/components/examples/CSRFProtectionExamples.tsx(349,13): error TS2551: Property 'patch' does not exist on type 'APIClient'. Did you mean 'batch'?
src/features/radio-dispatch/components/examples/IncidentsExample.tsx(16,46): error TS2307: Cannot find module '@/components/EmptyState' or its corresponding type declarations.
src/features/radio-dispatch/components/examples/IncidentsExample.tsx(17,28): error TS2307: Cannot find module '@/components/ErrorPanel' or its corresponding type declarations.
src/features/radio-dispatch/components/examples/IncidentsExample.tsx(19,20): error TS2614: Module '"@/lib/api"' has no exported member 'Incident'. Did you mean to use 'import Incident from "@/lib/api"' instead?
src/features/radio-dispatch/components/examples/IncidentsExample.tsx(20,28): error TS2307: Cannot find module '@/lib/hooks/useApiData' or its corresponding type declarations.
src/features/radio-dispatch/components/examples/IncidentsExample.tsx(39,19): error TS7006: Parameter 'data' implicitly has an 'any' type.
src/features/radio-dispatch/components/examples/IncidentsExample.tsx(42,17): error TS7006: Parameter 'error' implicitly has an 'any' type.
src/features/radio-dispatch/components/examples/IncidentsExample.tsx(50,28): error TS2322: Type '{ message: string; }' is not assignable to type 'IntrinsicAttributes & LoadingSpinnerProps'.
  Property 'message' does not exist on type 'IntrinsicAttributes & LoadingSpinnerProps'.
src/features/radio-dispatch/components/examples/IncidentsExample.tsx(136,20): error TS7006: Parameter 'incident' implicitly has an 'any' type.
src/features/radio-dispatch/components/examples/IncidentsExample.tsx(229,37): error TS2322: Type '{ size: "sm"; message: string; }' is not assignable to type 'IntrinsicAttributes & LoadingSpinnerProps'.
  Property 'message' does not exist on type 'IntrinsicAttributes & LoadingSpinnerProps'.
src/features/radio-dispatch/components/examples/IncidentsExample.tsx(257,34): error TS7006: Parameter 'incident' implicitly has an 'any' type.
src/features/radio-dispatch/components/examples/IncidentsExample.tsx(321,22): error TS7006: Parameter 'incident' implicitly has an 'any' type.
src/features/radio-dispatch/components/ui/toast.tsx(3,34): error TS2307: Cannot find module '@radix-ui/react-toast' or its corresponding type declarations.
src/features/radio-dispatch/lib/api.ts(1,28): error TS2307: Cannot find module 'next-auth/react' or its corresponding type declarations.
src/features/radio-dispatch/lib/auth.ts(1,33): error TS2307: Cannot find module 'next-auth' or its corresponding type declarations.
src/features/radio-dispatch/lib/auth.ts(2,29): error TS2307: Cannot find module 'next-auth/providers/azure-ad' or its corresponding type declarations.
src/features/radio-dispatch/lib/auth.ts(19,17): error TS7031: Binding element 'token' implicitly has an 'any' type.
src/features/radio-dispatch/lib/auth.ts(19,24): error TS7031: Binding element 'account' implicitly has an 'any' type.
src/features/radio-dispatch/lib/auth.ts(19,33): error TS7031: Binding element 'profile' implicitly has an 'any' type.
src/features/radio-dispatch/lib/auth.ts(32,21): error TS7031: Binding element 'session' implicitly has an 'any' type.
src/features/radio-dispatch/lib/auth.ts(32,30): error TS7031: Binding element 'token' implicitly has an 'any' type.
src/features/radio-dispatch/lib/auth.ts(40,22): error TS7031: Binding element 'url' implicitly has an 'any' type.
src/features/radio-dispatch/lib/auth.ts(40,27): error TS7031: Binding element 'baseUrl' implicitly has an 'any' type.
src/features/radio-dispatch/lib/auth.ts(121,16): error TS2664: Invalid module name in augmentation, module 'next-auth' cannot be found.
src/features/radio-dispatch/lib/auth.ts(147,16): error TS2664: Invalid module name in augmentation, module 'next-auth/jwt' cannot be found.
src/features/radio-dispatch/lib/hooks/useApiData.ts(5,10): error TS2724: '"@/lib/api"' has no exported member named 'ApiError'. Did you mean 'APIError'?
src/features/radio-dispatch/lib/hooks/useMutation.ts(5,10): error TS2724: '"@/lib/api"' has no exported member named 'ApiError'. Did you mean 'APIError'?
src/hooks/use-amt-api.ts(32,11): error TS2339: Property 'error' does not exist on type 'typeof import("/Users/andrewmorton/Documents/GitHub/Fleet-CTA/node_modules/react-toastify/dist/index")'.
src/hooks/use-api.ts(461,97): error TS2551: Property 'tenantId' does not exist on type '{ id: string; tenant_id: string; }'. Did you mean 'tenant_id'?
src/hooks/use-api.ts(495,77): error TS2322: Type 'string | undefined' is not assignable to type 'string'.
  Type 'undefined' is not assignable to type 'string'.
src/hooks/use-api.ts(496,92): error TS2322: Type 'string | undefined' is not assignable to type 'string'.
  Type 'undefined' is not assignable to type 'string'.
src/hooks/use-api.ts(497,68): error TS2322: Type 'string | undefined' is not assignable to type 'string'.
  Type 'undefined' is not assignable to type 'string'.
src/hooks/use-api.ts(504,60): error TS2322: Type 'string | undefined' is not assignable to type 'string'.
  Type 'undefined' is not assignable to type 'string'.
src/hooks/use-api.ts(509,77): error TS2322: Type 'string | undefined' is not assignable to type 'string'.
  Type 'undefined' is not assignable to type 'string'.
src/hooks/use-api.ts(522,96): error TS2551: Property 'tenantId' does not exist on type '{ id: string; tenant_id: string; }'. Did you mean 'tenant_id'?
src/hooks/use-fleet-data-batched.ts(61,52): error TS2304: Cannot find name 'generateDemoVehicles'.
src/hooks/use-fleet-data-batched.ts(62,51): error TS2304: Cannot find name 'generateDemoDrivers'.
src/hooks/use-fleet-data-batched.ts(63,54): error TS2304: Cannot find name 'generateDemoWorkOrders'.
src/hooks/use-fleet-data-batched.ts(65,54): error TS2304: Cannot find name 'generateDemoFacilities'.
src/hooks/use-hos-data.ts(287,42): error TS2352: Conversion of type 'HOSLogFilters' to type 'Record<string, string>' may be a mistake because neither type sufficiently overlaps with the other. If this was intentional, convert the expression to 'unknown' first.
  Index signature for type 'string' is missing in type 'HOSLogFilters'.
src/hooks/use-hos-data.ts(333,42): error TS2352: Conversion of type 'DVIRFilters' to type 'Record<string, string>' may be a mistake because neither type sufficiently overlaps with the other. If this was intentional, convert the expression to 'unknown' first.
  Index signature for type 'string' is missing in type 'DVIRFilters'.
src/hooks/use-hos-data.ts(356,42): error TS2352: Conversion of type 'HOSViolationFilters' to type 'Record<string, string>' may be a mistake because neither type sufficiently overlaps with the other. If this was intentional, convert the expression to 'unknown' first.
  Index signature for type 'string' is missing in type 'HOSViolationFilters'.
src/hooks/use-reactive-compliance-data.ts(231,74): error TS2554: Expected 1-2 arguments, but got 3.
src/hooks/use-reactive-compliancereporting-data.ts(4,31): error TS2307: Cannot find module '../utils/security' or its corresponding type declarations.
src/hooks/use-reactive-safety-compliance-data.ts(295,58): error TS2448: Block-scoped variable 'activeViolations' used before its declaration.
src/hooks/use-reactive-safety-compliance-data.ts(295,58): error TS2454: Variable 'activeViolations' is used before being assigned.
src/hooks/use-reactive-safety-data.ts(493,43): error TS2365: Operator '>=' cannot be applied to types '{ distraction: number; speeding: number; seatbelt: number; overall: number; harshBraking: number; harshAcceleration: number; fatigue: number; calculatedAt: string; }' and 'number'.
src/hooks/use-reactive-safety-data.ts(494,38): error TS2365: Operator '>=' cannot be applied to types '{ distraction: number; speeding: number; seatbelt: number; overall: number; harshBraking: number; harshAcceleration: number; fatigue: number; calculatedAt: string; }' and 'number'.
src/hooks/use-reactive-safety-data.ts(494,61): error TS2365: Operator '<' cannot be applied to types '{ distraction: number; speeding: number; seatbelt: number; overall: number; harshBraking: number; harshAcceleration: number; fatigue: number; calculatedAt: string; }' and 'number'.
src/hooks/use-reactive-safety-data.ts(495,38): error TS2365: Operator '>=' cannot be applied to types '{ distraction: number; speeding: number; seatbelt: number; overall: number; harshBraking: number; harshAcceleration: number; fatigue: number; calculatedAt: string; }' and 'number'.
src/hooks/use-reactive-safety-data.ts(495,61): error TS2365: Operator '<' cannot be applied to types '{ distraction: number; speeding: number; seatbelt: number; overall: number; harshBraking: number; harshAcceleration: number; fatigue: number; calculatedAt: string; }' and 'number'.
src/hooks/use-reactive-safety-data.ts(496,38): error TS2365: Operator '<' cannot be applied to types '{ distraction: number; speeding: number; seatbelt: number; overall: number; harshBraking: number; harshAcceleration: number; fatigue: number; calculatedAt: string; }' and 'number'.
src/hooks/use-realtime-operations.ts(312,51): error TS2345: Argument of type 'unknown' is not assignable to parameter of type 'LogContext | undefined'.
src/hooks/use-reservations.ts(167,40): error TS2551: Property 'patch' does not exist on type 'APIClient'. Did you mean 'batch'?
src/hooks/use-reservations.ts(195,40): error TS2554: Expected 2 arguments, but got 1.
src/hooks/use-reservations.ts(237,40): error TS2554: Expected 2 arguments, but got 1.
src/hooks/use-reservations.ts(262,40): error TS2554: Expected 2 arguments, but got 1.
src/hooks/use-telemetry.ts(93,14): error TS2307: Cannot find module 'web-vitals' or its corresponding type declarations.
src/hooks/useErrorRecovery.ts(229,11): error TS2349: This expression is not callable.
  Type '{ success: (message: string, options?: Omit<ToastOptions, "type"> | undefined) => string; error: (message: string, options?: Omit<ToastOptions, "type"> | undefined) => string; info: (message: string, options?: Omit<...> | undefined) => string; warning: (message: string, options?: Omit<...> | undefined) => string; }' has no call signatures.
src/lib/3d/model-loader.ts(123,68): error TS18046: 'error' is of type 'unknown'.
src/lib/3d/pbr-materials.ts(127,34): error TS2339: Property 'iridescence' does not exist on type '{ metalness: number; roughness: number; sheen: number; sheenRoughness: number; } | { metalness: number; roughness: number; sheen: number; sheenRoughness: number; iridescence: number; iridescenceIOR: number; } | { ...; } | { ...; }'.
  Property 'iridescence' does not exist on type '{ metalness: number; roughness: number; sheen: number; sheenRoughness: number; }'.
src/lib/3d/pbr-materials.ts(128,37): error TS2339: Property 'iridescenceIOR' does not exist on type '{ metalness: number; roughness: number; sheen: number; sheenRoughness: number; } | { metalness: number; roughness: number; sheen: number; sheenRoughness: number; iridescence: number; iridescenceIOR: number; } | { ...; } | { ...; }'.
  Property 'iridescenceIOR' does not exist on type '{ metalness: number; roughness: number; sheen: number; sheenRoughness: number; }'.
src/lib/accessibility/axe-init.ts(31,11): error TS2353: Object literal may only specify known properties, and 'type' does not exist in type 'string[]'.
src/lib/accessibility/axe-init.ts(35,9): error TS2740: Type '{}' is missing the following properties from type 'Rule[]': length, pop, push, concat, and 28 more.
src/lib/accessibility/index.ts(42,58): error TS2307: Cannot find module '../scripts/accessibility-audit' or its corresponding type declarations.
src/lib/accessibility/wcag-contrast.ts(130,5): error TS2556: A spread argument must either have a tuple type or be passed to a rest parameter.
src/lib/ai/advanced-policy-orchestrator.ts(14,23): error TS2307: Cannot find module '@anthropic-ai/sdk' or its corresponding type declarations.
src/lib/ai/advanced-policy-orchestrator.ts(15,36): error TS2307: Cannot find module '@google/generative-ai' or its corresponding type declarations.
src/lib/ai/advanced-policy-orchestrator.ts(16,20): error TS2307: Cannot find module 'openai' or its corresponding type declarations.
src/lib/analytics/provider.ts(1,21): error TS2307: Cannot find module 'posthog-js' or its corresponding type declarations.
src/lib/analytics/provider.ts(68,18): error TS7006: Parameter 'ph' implicitly has an 'any' type.
src/lib/analytics/provider.ts(94,31): error TS7006: Parameter 'properties' implicitly has an 'any' type.
src/lib/api-client.ts(2,8): error TS2440: Import declaration conflicts with local declaration of 'logger'.
src/lib/auth.ts(48,5): error TS2353: Object literal may only specify known properties, and 'navigateToLoginRequestUrl' does not exist in type 'BrowserAuthOptions'.
src/lib/auth.ts(52,5): error TS2353: Object literal may only specify known properties, and 'storeAuthStateInCookie' does not exist in type 'CacheOptions'.
src/lib/auth.ts(78,5): error TS2353: Object literal may only specify known properties, and 'windowHashTimeout' does not exist in type 'BrowserSystemOptions'.
src/lib/auth/auth0-config.ts(15,25): error TS2307: Cannot find module '@auth0/auth0-spa-js' or its corresponding type declarations.
src/lib/auth/auth0-config.ts(80,5): error TS2353: Object literal may only specify known properties, and 'navigateToLoginRequestUrl' does not exist in type 'BrowserAuthOptions'.
src/lib/auth/auth0-config.ts(84,5): error TS2353: Object literal may only specify known properties, and 'storeAuthStateInCookie' does not exist in type 'CacheOptions'.
src/lib/auth/auth0-config.ts(87,5): error TS2353: Object literal may only specify known properties, and 'allowNativeBroker' does not exist in type 'BrowserSystemOptions'.
src/lib/auth/msal.config.ts(37,5): error TS2353: Object literal may only specify known properties, and 'navigateToLoginRequestUrl' does not exist in type 'BrowserAuthOptions'.
src/lib/auth/msal.config.ts(41,5): error TS2353: Object literal may only specify known properties, and 'storeAuthStateInCookie' does not exist in type 'CacheOptions'.
src/lib/auth/msal.config.ts(66,5): error TS2353: Object literal may only specify known properties, and 'allowNativeBroker' does not exist in type 'BrowserSystemOptions'.
src/lib/document-generation/document-generator.ts(547,16): error TS2339: Property 'compliance' does not exist on type 'PolicyDocument | SOPDocument'.
  Property 'compliance' does not exist on type 'SOPDocument'.
src/lib/document-generation/document-generator.ts(606,16): error TS2339: Property 'compliance' does not exist on type 'PolicyDocument | SOPDocument'.
  Property 'compliance' does not exist on type 'SOPDocument'.
src/lib/document-generation/document-generator.ts(606,39): error TS2339: Property 'compliance' does not exist on type 'PolicyDocument | SOPDocument'.
  Property 'compliance' does not exist on type 'SOPDocument'.
src/lib/document-generation/document-generator.ts(608,14): error TS2339: Property 'compliance' does not exist on type 'PolicyDocument | SOPDocument'.
  Property 'compliance' does not exist on type 'SOPDocument'.
src/lib/document-generation/document-generator.ts(608,33): error TS7006: Parameter 'req' implicitly has an 'any' type.
src/lib/document-generation/document-generator.ts(769,22): error TS2339: Property 'createElement' does not exist on type 'PolicyDocument | SOPDocument'.
  Property 'createElement' does not exist on type 'PolicyDocument'.
src/lib/document-generation/document-generator.ts(772,12): error TS2339: Property 'body' does not exist on type 'PolicyDocument | SOPDocument'.
  Property 'body' does not exist on type 'PolicyDocument'.
src/lib/document-generation/document-generator.ts(774,12): error TS2339: Property 'body' does not exist on type 'PolicyDocument | SOPDocument'.
  Property 'body' does not exist on type 'PolicyDocument'.
src/lib/i18n/formatters.ts(273,23): error TS2339: Property 'ListFormat' does not exist on type 'typeof Intl'.
src/lib/monitoring/performance-monitoring.ts(8,69): error TS2307: Cannot find module 'web-vitals' or its corresponding type declarations.
src/lib/monitoring/performance-monitoring.ts(150,9): error TS2554: Expected 1-2 arguments, but got 3.
src/lib/monitoring/performance-monitoring.ts(273,74): error TS2554: Expected 1-2 arguments, but got 3.
src/lib/monitoring/performance-monitoring.ts(313,78): error TS2554: Expected 1-2 arguments, but got 3.
src/lib/monitoring/performance-monitoring.ts(358,74): error TS2554: Expected 1-2 arguments, but got 3.
src/lib/monitoring/performance-monitoring.ts(418,62): error TS2554: Expected 1-2 arguments, but got 3.
src/lib/monitoring/rum.ts(375,34): error TS2554: Expected 1-2 arguments, but got 3.
src/lib/monitoring/sentry.ts(9,32): error TS2307: Cannot find module '@sentry/tracing' or its corresponding type declarations.
src/lib/monitoring/sentry.ts(72,42): error TS2339: Property 'reactRouterV6Instrumentation' does not exist on type 'typeof import("/Users/andrewmorton/Documents/GitHub/Fleet-CTA/node_modules/@sentry/react/build/types/index")'.
src/lib/monitoring/sentry.ts(73,13): error TS2686: 'React' refers to a UMD global, but the current file is a module. Consider adding an import instead.
src/lib/monitoring/sentry.ts(81,20): error TS2339: Property 'Replay' does not exist on type 'typeof import("/Users/andrewmorton/Documents/GitHub/Fleet-CTA/node_modules/@sentry/react/build/types/index")'.
src/lib/monitoring/sentry.ts(323,11): error TS2694: Namespace '"/Users/andrewmorton/Documents/GitHub/Fleet-CTA/node_modules/@sentry/react/build/types/index"' has no exported member 'Transaction'.
src/lib/monitoring/sentry.ts(324,17): error TS2339: Property 'startTransaction' does not exist on type 'typeof import("/Users/andrewmorton/Documents/GitHub/Fleet-CTA/node_modules/@sentry/react/build/types/index")'.
src/lib/monitoring/sentry.ts(401,25): error TS2339: Property 'getCurrentHub' does not exist on type 'typeof import("/Users/andrewmorton/Documents/GitHub/Fleet-CTA/node_modules/@sentry/react/build/types/index")'.
src/lib/monitoring/sentry.ts(409,25): error TS2339: Property 'getCurrentHub' does not exist on type 'typeof import("/Users/andrewmorton/Documents/GitHub/Fleet-CTA/node_modules/@sentry/react/build/types/index")'.
src/lib/monitoring/telemetry.ts(8,58): error TS2307: Cannot find module '@opentelemetry/api' or its corresponding type declarations.
src/lib/monitoring/telemetry.ts(445,61): error TS2339: Property 'domLoading' does not exist on type 'PerformanceNavigationTiming'.
src/lib/monitoring/telemetry.ts(484,3): error TS2686: 'React' refers to a UMD global, but the current file is a module. Consider adding an import instead.
src/lib/msal-config.ts(17,5): error TS2353: Object literal may only specify known properties, and 'storeAuthStateInCookie' does not exist in type 'CacheOptions'.
src/lib/offline-storage.ts(489,5): error TS2353: Object literal may only specify known properties, and 'key' does not exist in type '{ data: any; timestamp: number; ttl: number; }'.
src/lib/offline-storage.ts(525,37): error TS2339: Property 'key' does not exist on type '{ data: any; timestamp: number; ttl: number; }'.
src/lib/phosphor-icons-available.ts(1128,44): error TS2304: Cannot find name 'AVAILABLE_PHOSPHOR_ICONS'.
src/lib/security/headers.ts(110,12): error TS2790: The operand of a 'delete' operator must be optional.
src/lib/security/sanitize.ts(79,36): error TS2769: No overload matches this call.
  The last overload gave the following error.
    Argument of type 'DOMPurify.Config' is not assignable to parameter of type 'import("/Users/andrewmorton/Documents/GitHub/Fleet-CTA/node_modules/dompurify/dist/purify.es").Config'.
      Types of property 'PARSER_MEDIA_TYPE' are incompatible.
        Type 'string | undefined' is not assignable to type 'DOMParserSupportedType | undefined'.
          Type 'string' is not assignable to type 'DOMParserSupportedType | undefined'.
src/lib/toast-helpers.ts(1,19): error TS2307: Cannot find module 'svelte-sonner' or its corresponding type declarations.
src/lib/zod-helpers.ts(73,10): error TS2352: Conversion of type 'T' to type '[string, ...string[]]' may be a mistake because neither type sufficiently overlaps with the other. If this was intentional, convert the expression to 'unknown' first.
  The type 'readonly string[]' is 'readonly' and cannot be assigned to the mutable type '[string, ...string[]]'.
src/lib/zod-helpers.ts(156,3): error TS2322: Type 'ZodObject<any, "strip", ZodTypeAny, { [x: string]: any; }, { [x: string]: any; }>' is not assignable to type 'ZodObject<Omit<T["shape"], K>, UnknownKeysParam, ZodTypeAny, { [k in keyof addQuestionMarks<baseObjectOutputType<Omit<T["shape"], K>>, any>]: addQuestionMarks<...>[k]; }, { [k in keyof baseObjectInputType<...>]: baseObjectInputType<...>[k]; }>'.
  Type '{ [x: string]: any; }' is not assignable to type '{ [k in keyof addQuestionMarks<baseObjectOutputType<Omit<T["shape"], K>>, any>]: addQuestionMarks<baseObjectOutputType<Omit<T["shape"], K>>, any>[k]; }'.
src/logger.ts(6,50): error TS2307: Cannot find module 'winston' or its corresponding type declarations.
src/main.tsx(264,67): error TS2339: Property 'account' does not exist on type 'PopupRequest | AccountInfo | RedirectRequest | EndSessionRequest | AuthenticationResult | SilentRequest | Partial<...> | PopupEvent | BrokerConnectionEvent'.
  Property 'account' does not exist on type 'AccountInfo'.
src/main.tsx(265,37): error TS2339: Property 'account' does not exist on type 'PopupRequest | AccountInfo | RedirectRequest | EndSessionRequest | AuthenticationResult | SilentRequest | Partial<...> | PopupEvent | BrokerConnectionEvent'.
  Property 'account' does not exist on type 'AccountInfo'.
src/materials/PBRMaterialSystem.tsx(9,10): error TS2614: Module '"../components/3d/InteriorExteriorViewer"' has no exported member 'ViewMode'. Did you mean to use 'import ViewMode from "../components/3d/InteriorExteriorViewer"' instead?
src/materials/PBRMaterialSystem.tsx(10,10): error TS2614: Module '"../systems/LODSystem"' has no exported member 'LODLevel'. Did you mean to use 'import LODLevel from "../systems/LODSystem"' instead?
src/pages/AdminConfigurationHub.tsx(143,11): error TS2322: Type '{ title: string; value: string; icon: LucideIcon; description: string; variant: string; }' is not assignable to type 'IntrinsicAttributes & StatCardProps'.
  Property 'variant' does not exist on type 'IntrinsicAttributes & StatCardProps'.
src/pages/AdminConfigurationHub.tsx(582,17): error TS2741: Property 'name' is missing in type '{ day: string; calls: number; }' but required in type 'DataPoint'.
src/pages/AdminConfigurationHub.tsx(583,17): error TS2741: Property 'name' is missing in type '{ day: string; calls: number; }' but required in type 'DataPoint'.
src/pages/AdminConfigurationHub.tsx(584,17): error TS2741: Property 'name' is missing in type '{ day: string; calls: number; }' but required in type 'DataPoint'.
src/pages/AdminConfigurationHub.tsx(585,17): error TS2741: Property 'name' is missing in type '{ day: string; calls: number; }' but required in type 'DataPoint'.
src/pages/AdminConfigurationHub.tsx(586,17): error TS2741: Property 'name' is missing in type '{ day: string; calls: number; }' but required in type 'DataPoint'.
src/pages/AdminConfigurationHub.tsx(587,17): error TS2741: Property 'name' is missing in type '{ day: string; calls: number; }' but required in type 'DataPoint'.
src/pages/AdminConfigurationHub.tsx(588,17): error TS2741: Property 'name' is missing in type '{ day: string; calls: number; }' but required in type 'DataPoint'.
src/pages/AdminConfigurationHub.tsx(748,12): error TS2322: Type 'LucideIcon' is not assignable to type 'ReactNode'.
  Type 'ForwardRefExoticComponent<LucideProps>' is missing the following properties from type 'ReactPortal': children, type, props, key
src/pages/AdminHub.tsx(204,10): error TS2552: Cannot find name 'IdCard'. Did you mean 'Card'?
src/pages/AdminHub.tsx(291,12): error TS2322: Type 'string' is not assignable to type '"default" | "destructive" | "outline" | "secondary" | "ghost" | "success" | "warning" | "error" | "offline" | "online" | "info" | "primary-subtle" | "destructive-subtle" | "success-subtle" | "warning-subtle" | "pending" | null | undefined'.
src/pages/AdminHub.tsx(367,13): error TS2322: Type 'string' is not assignable to type 'number'.
src/pages/AdminHub.tsx(374,19): error TS2304: Cannot find name 'CloudUpload'.
src/pages/AdminHub.tsx(376,13): error TS2322: Type 'string' is not assignable to type 'number'.
src/pages/AuthCallback.tsx(175,14): error TS2322: Type '{ children: string; jsx: true; }' is not assignable to type 'DetailedHTMLProps<StyleHTMLAttributes<HTMLStyleElement>, HTMLStyleElement>'.
  Property 'jsx' does not exist on type 'DetailedHTMLProps<StyleHTMLAttributes<HTMLStyleElement>, HTMLStyleElement>'.
src/pages/BusinessManagementHub.tsx(145,17): error TS2741: Property 'name' is missing in type '{ month: string; budget: number; actual: number; }' but required in type 'DataPoint'.
src/pages/BusinessManagementHub.tsx(146,17): error TS2741: Property 'name' is missing in type '{ month: string; budget: number; actual: number; }' but required in type 'DataPoint'.
src/pages/BusinessManagementHub.tsx(147,17): error TS2741: Property 'name' is missing in type '{ month: string; budget: number; actual: number; }' but required in type 'DataPoint'.
src/pages/BusinessManagementHub.tsx(148,17): error TS2741: Property 'name' is missing in type '{ month: string; budget: number; actual: number; }' but required in type 'DataPoint'.
src/pages/BusinessManagementHub.tsx(149,17): error TS2741: Property 'name' is missing in type '{ month: string; budget: number; actual: number; }' but required in type 'DataPoint'.
src/pages/BusinessManagementHub.tsx(150,17): error TS2741: Property 'name' is missing in type '{ month: string; budget: number; actual: number; }' but required in type 'DataPoint'.
src/pages/BusinessManagementHub.tsx(171,14): error TS2741: Property 'title' is missing in type '{ data: { name: string; value: number; fill: string; }[]; height: number; }' but required in type 'ResponsivePieChartProps'.
src/pages/BusinessManagementHub.tsx(407,17): error TS2741: Property 'name' is missing in type '{ month: string; utilization: number; efficiency: number; roi: number; }' but required in type 'DataPoint'.
src/pages/BusinessManagementHub.tsx(408,17): error TS2741: Property 'name' is missing in type '{ month: string; utilization: number; efficiency: number; roi: number; }' but required in type 'DataPoint'.
src/pages/BusinessManagementHub.tsx(409,17): error TS2741: Property 'name' is missing in type '{ month: string; utilization: number; efficiency: number; roi: number; }' but required in type 'DataPoint'.
src/pages/BusinessManagementHub.tsx(410,17): error TS2741: Property 'name' is missing in type '{ month: string; utilization: number; efficiency: number; roi: number; }' but required in type 'DataPoint'.
src/pages/BusinessManagementHub.tsx(411,17): error TS2741: Property 'name' is missing in type '{ month: string; utilization: number; efficiency: number; roi: number; }' but required in type 'DataPoint'.
src/pages/BusinessManagementHub.tsx(412,17): error TS2741: Property 'name' is missing in type '{ month: string; utilization: number; efficiency: number; roi: number; }' but required in type 'DataPoint'.
src/pages/BusinessManagementHub.tsx(638,12): error TS2322: Type 'LucideIcon' is not assignable to type 'ReactNode'.
  Type 'ForwardRefExoticComponent<LucideProps>' is missing the following properties from type 'ReactPortal': children, type, props, key
src/pages/CommunicationHub.tsx(283,11): error TS2322: Type 'string' is not assignable to type 'number'.
src/pages/CommunicationHub.tsx(436,11): error TS2322: Type 'string' is not assignable to type 'number'.
src/pages/CommunicationHub.tsx(595,11): error TS2322: Type 'string' is not assignable to type 'number'.
src/pages/ComplianceHub.tsx(338,11): error TS2322: Type 'string' is not assignable to type 'number'.
src/pages/ComplianceHub.tsx(504,11): error TS2322: Type 'string' is not assignable to type 'number'.
src/pages/ComplianceHub.tsx(589,11): error TS2322: Type 'string' is not assignable to type 'number'.
src/pages/ComplianceSafetyHub.tsx(125,11): error TS2322: Type '{ title: string; value: number; icon: LucideIcon; change: number; trend: "down"; description: string; variant: string; }' is not assignable to type 'IntrinsicAttributes & StatCardProps'.
  Property 'variant' does not exist on type 'IntrinsicAttributes & StatCardProps'.
src/pages/ComplianceSafetyHub.tsx(134,11): error TS2322: Type '{ title: string; value: number; icon: LucideIcon; change: number; trend: "down"; description: string; variant: string; }' is not assignable to type 'IntrinsicAttributes & StatCardProps'.
  Property 'variant' does not exist on type 'IntrinsicAttributes & StatCardProps'.
src/pages/ComplianceSafetyHub.tsx(252,11): error TS2322: Type '{ title: string; value: number; icon: LucideIcon; change: number; trend: "down"; description: string; variant: string; }' is not assignable to type 'IntrinsicAttributes & StatCardProps'.
  Property 'variant' does not exist on type 'IntrinsicAttributes & StatCardProps'.
src/pages/ComplianceSafetyHub.tsx(277,17): error TS2741: Property 'name' is missing in type '{ month: string; incidents: number; }' but required in type 'DataPoint'.
src/pages/ComplianceSafetyHub.tsx(278,17): error TS2741: Property 'name' is missing in type '{ month: string; incidents: number; }' but required in type 'DataPoint'.
src/pages/ComplianceSafetyHub.tsx(279,17): error TS2741: Property 'name' is missing in type '{ month: string; incidents: number; }' but required in type 'DataPoint'.
src/pages/ComplianceSafetyHub.tsx(280,17): error TS2741: Property 'name' is missing in type '{ month: string; incidents: number; }' but required in type 'DataPoint'.
src/pages/ComplianceSafetyHub.tsx(281,17): error TS2741: Property 'name' is missing in type '{ month: string; incidents: number; }' but required in type 'DataPoint'.
src/pages/ComplianceSafetyHub.tsx(282,17): error TS2741: Property 'name' is missing in type '{ month: string; incidents: number; }' but required in type 'DataPoint'.
src/pages/ComplianceSafetyHub.tsx(422,11): error TS2322: Type '{ title: string; value: number; icon: LucideIcon; change: number; trend: "down"; description: string; variant: string; }' is not assignable to type 'IntrinsicAttributes & StatCardProps'.
  Property 'variant' does not exist on type 'IntrinsicAttributes & StatCardProps'.
src/pages/ComplianceSafetyHub.tsx(581,12): error TS2322: Type 'LucideIcon' is not assignable to type 'ReactNode'.
  Type 'ForwardRefExoticComponent<LucideProps>' is missing the following properties from type 'ReactPortal': children, type, props, key
src/pages/DocumentsHub.tsx(162,11): error TS2322: Type 'string' is not assignable to type 'number'.
src/pages/DriversHub.tsx(136,7): error TS2322: Type '{ hidden: { opacity: number; y: number; }; visible: { opacity: number; y: number; transition: { type: string; stiffness: number; damping: number; }; }; }' is not assignable to type 'Variants'.
  Property 'visible' is incompatible with index signature.
    Type '{ opacity: number; y: number; transition: { type: string; stiffness: number; damping: number; }; }' is not assignable to type 'Variant'.
      Type '{ opacity: number; y: number; transition: { type: string; stiffness: number; damping: number; }; }' is not assignable to type 'TargetAndTransition'.
        Type '{ opacity: number; y: number; transition: { type: string; stiffness: number; damping: number; }; }' is not assignable to type '{ transition?: Transition<any> | undefined; transitionEnd?: ResolvedValues$1 | undefined; }'.
          Types of property 'transition' are incompatible.
            Type '{ type: string; stiffness: number; damping: number; }' is not assignable to type 'Transition<any> | undefined'.
              Type '{ type: string; stiffness: number; damping: number; }' is not assignable to type 'TransitionWithValueOverrides<any>'.
                Type '{ type: string; stiffness: number; damping: number; }' is not assignable to type 'ValueAnimationTransition<any>'.
                  Types of property 'type' are incompatible.
                    Type 'string' is not assignable to type 'AnimationGeneratorType | undefined'.
src/pages/DriversHub.tsx(257,11): error TS2322: Type 'string' is not assignable to type 'number'.
src/pages/DriversHub.tsx(441,11): error TS2322: Type 'string' is not assignable to type 'number'.
src/pages/DriversHub.tsx(528,19): error TS2322: Type '{ hidden: { opacity: number; y: number; }; visible: { opacity: number; y: number; transition: { type: string; stiffness: number; damping: number; }; }; }' is not assignable to type 'Variants'.
  Property 'visible' is incompatible with index signature.
    Type '{ opacity: number; y: number; transition: { type: string; stiffness: number; damping: number; }; }' is not assignable to type 'Variant'.
      Type '{ opacity: number; y: number; transition: { type: string; stiffness: number; damping: number; }; }' is not assignable to type 'TargetAndTransition'.
        Type '{ opacity: number; y: number; transition: { type: string; stiffness: number; damping: number; }; }' is not assignable to type '{ transition?: Transition<any> | undefined; transitionEnd?: ResolvedValues$1 | undefined; }'.
          Types of property 'transition' are incompatible.
            Type '{ type: string; stiffness: number; damping: number; }' is not assignable to type 'Transition<any> | undefined'.
              Type '{ type: string; stiffness: number; damping: number; }' is not assignable to type 'TransitionWithValueOverrides<any>'.
                Type '{ type: string; stiffness: number; damping: number; }' is not assignable to type 'ValueAnimationTransition<any>'.
                  Types of property 'type' are incompatible.
                    Type 'string' is not assignable to type 'AnimationGeneratorType | undefined'.
src/pages/FinancialHub.tsx(90,11): error TS2322: Type 'string' is not assignable to type 'number'.
src/pages/FinancialHub.tsx(271,11): error TS2322: Type 'string' is not assignable to type 'number'.
src/pages/FinancialHub.tsx(470,11): error TS2322: Type 'string' is not assignable to type 'number'.
src/pages/FinancialHub.tsx(649,11): error TS2322: Type 'string' is not assignable to type 'number'.
src/pages/FleetHub.tsx(364,11): error TS2322: Type 'string' is not assignable to type 'number'.
src/pages/FleetHub.tsx(510,7): error TS2367: This comparison appears to be unintentional because the types 'UserRole | undefined' and '"fleet_manager"' have no overlap.
src/pages/FleetHub.tsx(510,47): error TS2339: Property 'department' does not exist on type 'User'.
src/pages/FleetHub.tsx(521,7): error TS2367: This comparison appears to be unintentional because the types 'UserRole | undefined' and '"driver"' have no overlap.
src/pages/FleetOperationsHub.tsx(186,28): error TS2339: Property 'maintenanceDue' does not exist on type '{ totalVehicles: number; activeVehicles: number; maintenanceVehicles: number; idleVehicles: number; averageFuelLevel: number; totalMileage: number; } | { totalVehicles: number; activeVehicles: number; maintenanceDue: number; utilizationRate: number; avgFuelEfficiency: number; performanceTrend: never[]; }'.
  Property 'maintenanceDue' does not exist on type '{ totalVehicles: number; activeVehicles: number; maintenanceVehicles: number; idleVehicles: number; averageFuelLevel: number; totalMileage: number; }'.
src/pages/FleetOperationsHub.tsx(194,32): error TS2339: Property 'avgFuelEfficiency' does not exist on type '{ totalVehicles: number; activeVehicles: number; maintenanceVehicles: number; idleVehicles: number; averageFuelLevel: number; totalMileage: number; } | { totalVehicles: number; activeVehicles: number; maintenanceDue: number; utilizationRate: number; avgFuelEfficiency: number; performanceTrend: never[]; }'.
  Property 'avgFuelEfficiency' does not exist on type '{ totalVehicles: number; activeVehicles: number; maintenanceVehicles: number; idleVehicles: number; averageFuelLevel: number; totalMileage: number; }'.
src/pages/FleetOperationsHub.tsx(263,8): error TS2367: This comparison appears to be unintentional because the types 'UserRole | undefined' and '"fleet_manager"' have no overlap.
src/pages/FleetOperationsHub.tsx(349,31): error TS2339: Property 'complianceRate' does not exist on type 'DriverMetrics'.
src/pages/FleetOperationsHub.tsx(376,14): error TS2741: Property 'title' is missing in type '{ data: any; dataKeys: string[]; colors: string[]; height: number; }' but required in type 'ResponsiveLineChartProps'.
src/pages/FleetOperationsHub.tsx(377,31): error TS2339: Property 'performanceTrend' does not exist on type 'DriverMetrics'.
src/pages/FleetOperationsHub.tsx(475,28): error TS2339: Property 'activeRoutes' does not exist on type 'OperationsMetrics'.
src/pages/FleetOperationsHub.tsx(483,28): error TS2339: Property 'pendingTasks' does not exist on type 'OperationsMetrics'.
src/pages/FleetOperationsHub.tsx(491,33): error TS2339: Property 'fuelCostToday' does not exist on type 'OperationsMetrics'.
src/pages/FleetOperationsHub.tsx(499,31): error TS2339: Property 'routeEfficiency' does not exist on type 'OperationsMetrics'.
src/pages/FleetOperationsHub.tsx(525,61): error TS2339: Property 'name' does not exist on type '{ id: string; status: "delayed" | "scheduled" | "completed" | "cancelled" | "in_transit"; driverId: string; vehicleId: string; distance: number; startTime: string; origin?: string | undefined; ... 7 more ...; stops?: number | undefined; }'.
src/pages/FleetOperationsHub.tsx(527,34): error TS2339: Property 'startLocation' does not exist on type '{ id: string; status: "delayed" | "scheduled" | "completed" | "cancelled" | "in_transit"; driverId: string; vehicleId: string; distance: number; startTime: string; origin?: string | undefined; ... 7 more ...; stops?: number | undefined; }'.
src/pages/FleetOperationsHub.tsx(527,58): error TS2339: Property 'endLocation' does not exist on type '{ id: string; status: "delayed" | "scheduled" | "completed" | "cancelled" | "in_transit"; driverId: string; vehicleId: string; distance: number; startTime: string; origin?: string | undefined; ... 7 more ...; stops?: number | undefined; }'.
src/pages/FleetOperationsHub.tsx(531,37): error TS2367: This comparison appears to be unintentional because the types '"delayed" | "scheduled" | "completed" | "cancelled" | "in_transit"' and '"active"' have no overlap.
src/pages/FleetOperationsHub.tsx(564,38): error TS2339: Property 'gallons' does not exist on type '{ id: string; cost: number; vehicleId: string; createdAt: string; amount: number; fuelType?: "electric" | "gasoline" | "diesel" | "hybrid" | "cng" | "lpg" | undefined; odometer?: number | undefined; ... 4 more ...; receiptNumber?: string | undefined; }'.
src/pages/FleetOperationsHub.tsx(564,67): error TS2339: Property 'pricePerGallon' does not exist on type '{ id: string; cost: number; vehicleId: string; createdAt: string; amount: number; fuelType?: "electric" | "gasoline" | "diesel" | "hybrid" | "cng" | "lpg" | undefined; odometer?: number | undefined; ... 4 more ...; receiptNumber?: string | undefined; }'.
src/pages/FleetOperationsHub.tsx(568,66): error TS2339: Property 'totalCost' does not exist on type '{ id: string; cost: number; vehicleId: string; createdAt: string; amount: number; fuelType?: "electric" | "gasoline" | "diesel" | "hybrid" | "cng" | "lpg" | undefined; odometer?: number | undefined; ... 4 more ...; receiptNumber?: string | undefined; }'.
src/pages/FleetOperationsHub.tsx(643,11): error TS2322: Type '{ title: string; value: number; icon: LucideIcon; change: number; trend: "down"; description: string; variant: string; }' is not assignable to type 'IntrinsicAttributes & StatCardProps'.
  Property 'variant' does not exist on type 'IntrinsicAttributes & StatCardProps'.
src/pages/FleetOperationsHub.tsx(878,11): error TS2322: Type '{ title: string; value: number; icon: LucideIcon; change: number; trend: "down"; description: string; variant: string; }' is not assignable to type 'IntrinsicAttributes & StatCardProps'.
  Property 'variant' does not exist on type 'IntrinsicAttributes & StatCardProps'.
src/pages/FleetOperationsHub.tsx(956,14): error TS2741: Property 'title' is missing in type '{ data: { name: string; value: number; fill: string; }[]; height: number; }' but required in type 'ResponsivePieChartProps'.
src/pages/FleetOperationsHub.tsx(1056,12): error TS2322: Type 'LucideIcon' is not assignable to type 'ReactNode'.
  Type 'ForwardRefExoticComponent<LucideProps>' is missing the following properties from type 'ReactPortal': children, type, props, key
src/pages/FuelHub.tsx(255,17): error TS2322: Type 'Element' is not assignable to type 'LucideIcon'.
  Types of property '$$typeof' are incompatible.
    Type 'string | symbol | undefined' is not assignable to type 'symbol'.
      Type 'undefined' is not assignable to type 'symbol'.
src/pages/FuelHub.tsx(256,17): error TS2322: Type '{ value: number; label: string; }' is not assignable to type '"up" | "down" | "neutral" | undefined'.
src/pages/FuelHub.tsx(262,17): error TS2322: Type 'Element' is not assignable to type 'LucideIcon'.
  Types of property '$$typeof' are incompatible.
    Type 'string | symbol | undefined' is not assignable to type 'symbol'.
      Type 'undefined' is not assignable to type 'symbol'.
src/pages/FuelHub.tsx(263,17): error TS2322: Type '{ value: number; label: string; }' is not assignable to type '"up" | "down" | "neutral" | undefined'.
src/pages/FuelHub.tsx(269,17): error TS2322: Type 'Element' is not assignable to type 'LucideIcon'.
  Types of property '$$typeof' are incompatible.
    Type 'string | symbol | undefined' is not assignable to type 'symbol'.
      Type 'undefined' is not assignable to type 'symbol'.
src/pages/FuelHub.tsx(270,17): error TS2322: Type '{ value: number; label: string; }' is not assignable to type '"up" | "down" | "neutral" | undefined'.
src/pages/FuelHub.tsx(276,17): error TS2322: Type 'Element' is not assignable to type 'LucideIcon'.
  Types of property '$$typeof' are incompatible.
    Type 'string | symbol | undefined' is not assignable to type 'symbol'.
      Type 'undefined' is not assignable to type 'symbol'.
src/pages/FuelHub.tsx(277,17): error TS2322: Type '{ value: number; label: string; }' is not assignable to type '"up" | "down" | "neutral" | undefined'.
src/pages/FuelHub.tsx(293,21): error TS2322: Type '{ date: string; cost: number; }[]' is not assignable to type 'DataPoint[]'.
  Property 'name' is missing in type '{ date: string; cost: number; }' but required in type 'DataPoint'.
src/pages/FuelHub.tsx(311,21): error TS2322: Type '{ date: string; mpg: number; }[]' is not assignable to type 'DataPoint[]'.
  Property 'name' is missing in type '{ date: string; mpg: number; }' but required in type 'DataPoint'.
src/pages/FuelHub.tsx(566,20): error TS2322: Type '{ children: Element; componentName: string; }' is not assignable to type 'IntrinsicAttributes & IntrinsicClassAttributes<ErrorBoundary> & Readonly<ErrorBoundaryProps>'.
  Property 'componentName' does not exist on type 'IntrinsicAttributes & IntrinsicClassAttributes<ErrorBoundary> & Readonly<ErrorBoundaryProps>'.
src/pages/HOSHub.tsx(439,17): error TS2322: Type 'Element' is not assignable to type 'LucideIcon'.
  Types of property '$$typeof' are incompatible.
    Type 'string | symbol | undefined' is not assignable to type 'symbol'.
      Type 'undefined' is not assignable to type 'symbol'.
src/pages/HOSHub.tsx(440,17): error TS2322: Type '{ value: number; label: string; }' is not assignable to type '"up" | "down" | "neutral" | undefined'.
src/pages/HOSHub.tsx(446,17): error TS2322: Type 'Element' is not assignable to type 'LucideIcon'.
  Types of property '$$typeof' are incompatible.
    Type 'string | symbol | undefined' is not assignable to type 'symbol'.
      Type 'undefined' is not assignable to type 'symbol'.
src/pages/HOSHub.tsx(447,17): error TS2322: Type '{ value: number; label: string; }' is not assignable to type '"up" | "down" | "neutral" | undefined'.
src/pages/HOSHub.tsx(453,17): error TS2322: Type 'Element' is not assignable to type 'LucideIcon'.
  Types of property '$$typeof' are incompatible.
    Type 'string | symbol | undefined' is not assignable to type 'symbol'.
      Type 'undefined' is not assignable to type 'symbol'.
src/pages/HOSHub.tsx(454,17): error TS2322: Type '{ value: number; label: string; }' is not assignable to type '"up" | "down" | "neutral" | undefined'.
src/pages/HOSHub.tsx(460,17): error TS2322: Type 'Element' is not assignable to type 'LucideIcon'.
  Types of property '$$typeof' are incompatible.
    Type 'string | symbol | undefined' is not assignable to type 'symbol'.
      Type 'undefined' is not assignable to type 'symbol'.
src/pages/HOSHub.tsx(461,17): error TS2322: Type '{ value: number; label: string; }' is not assignable to type '"up" | "down" | "neutral" | undefined'.
src/pages/HOSHub.tsx(493,21): error TS2322: Type '{ date: string; violations: number; }[]' is not assignable to type 'DataPoint[]'.
  Property 'name' is missing in type '{ date: string; violations: number; }' but required in type 'DataPoint'.
src/pages/HOSHub.tsx(745,20): error TS2322: Type '{ children: Element; componentName: string; }' is not assignable to type 'IntrinsicAttributes & IntrinsicClassAttributes<ErrorBoundary> & Readonly<ErrorBoundaryProps>'.
  Property 'componentName' does not exist on type 'IntrinsicAttributes & IntrinsicClassAttributes<ErrorBoundary> & Readonly<ErrorBoundaryProps>'.
src/pages/IncidentHub.tsx(297,17): error TS2322: Type 'Element' is not assignable to type 'LucideIcon'.
  Types of property '$$typeof' are incompatible.
    Type 'string | symbol | undefined' is not assignable to type 'symbol'.
      Type 'undefined' is not assignable to type 'symbol'.
src/pages/IncidentHub.tsx(298,17): error TS2322: Type '{ value: number; label: string; }' is not assignable to type '"up" | "down" | "neutral" | undefined'.
src/pages/IncidentHub.tsx(304,17): error TS2322: Type 'Element' is not assignable to type 'LucideIcon'.
  Types of property '$$typeof' are incompatible.
    Type 'string | symbol | undefined' is not assignable to type 'symbol'.
      Type 'undefined' is not assignable to type 'symbol'.
src/pages/IncidentHub.tsx(305,17): error TS2322: Type '{ value: number; label: string; }' is not assignable to type '"up" | "down" | "neutral" | undefined'.
src/pages/IncidentHub.tsx(311,17): error TS2322: Type 'Element' is not assignable to type 'LucideIcon'.
  Types of property '$$typeof' are incompatible.
    Type 'string | symbol | undefined' is not assignable to type 'symbol'.
      Type 'undefined' is not assignable to type 'symbol'.
src/pages/IncidentHub.tsx(312,17): error TS2322: Type '{ value: number; label: string; }' is not assignable to type '"up" | "down" | "neutral" | undefined'.
src/pages/IncidentHub.tsx(318,17): error TS2322: Type 'Element' is not assignable to type 'LucideIcon'.
  Types of property '$$typeof' are incompatible.
    Type 'string | symbol | undefined' is not assignable to type 'symbol'.
      Type 'undefined' is not assignable to type 'symbol'.
src/pages/IncidentHub.tsx(319,17): error TS2322: Type '{ value: number; label: string; }' is not assignable to type '"up" | "down" | "neutral" | undefined'.
src/pages/IncidentHub.tsx(335,21): error TS2322: Type '{ date: string; count: number; }[]' is not assignable to type 'DataPoint[]'.
  Property 'name' is missing in type '{ date: string; count: number; }' but required in type 'DataPoint'.
src/pages/IncidentHub.tsx(372,19): error TS2322: Type '{ data: { name: string; value: number; }[]; xKey: string; bars: { dataKey: string; name: string; color: string; }[]; title: string; height: number; }' is not assignable to type 'IntrinsicAttributes & ResponsiveBarChartProps'.
  Property 'xKey' does not exist on type 'IntrinsicAttributes & ResponsiveBarChartProps'. Did you mean 'key'?
src/pages/IncidentHub.tsx(591,20): error TS2322: Type '{ children: Element; componentName: string; }' is not assignable to type 'IntrinsicAttributes & IntrinsicClassAttributes<ErrorBoundary> & Readonly<ErrorBoundaryProps>'.
  Property 'componentName' does not exist on type 'IntrinsicAttributes & IntrinsicClassAttributes<ErrorBoundary> & Readonly<ErrorBoundaryProps>'.
src/pages/Login.tsx(451,14): error TS2322: Type '{ children: string; jsx: true; }' is not assignable to type 'DetailedHTMLProps<StyleHTMLAttributes<HTMLStyleElement>, HTMLStyleElement>'.
  Property 'jsx' does not exist on type 'DetailedHTMLProps<StyleHTMLAttributes<HTMLStyleElement>, HTMLStyleElement>'.
src/pages/Operations/index.ts(8,36): error TS2307: Cannot find module './Vehicles' or its corresponding type declarations.
src/pages/Operations/index.ts(9,39): error TS2307: Cannot find module './Maintenance' or its corresponding type declarations.
src/pages/Operations/index.ts(10,34): error TS2307: Cannot find module './Routes' or its corresponding type declarations.
src/pages/Operations/index.ts(11,35): error TS2307: Cannot find module './Drivers' or its corresponding type declarations.
src/pages/Operations/index.ts(14,27): error TS2307: Cannot find module '@/components/operations/SplitView' or its corresponding type declarations.
src/pages/Operations/index.ts(20,8): error TS2307: Cannot find module '@/components/operations/InlineActions' or its corresponding type declarations.
src/pages/Operations/index.ts(23,37): error TS2307: Cannot find module '@/components/operations/SplitView' or its corresponding type declarations.
src/pages/Operations/index.ts(29,8): error TS2307: Cannot find module '@/components/operations/InlineActions' or its corresponding type declarations.
src/pages/OperationsHub.tsx(288,13): error TS2322: Type 'string' is not assignable to type 'number'.
src/pages/PasswordReset.tsx(320,14): error TS2322: Type '{ children: string; jsx: true; }' is not assignable to type 'DetailedHTMLProps<StyleHTMLAttributes<HTMLStyleElement>, HTMLStyleElement>'.
  Property 'jsx' does not exist on type 'DetailedHTMLProps<StyleHTMLAttributes<HTMLStyleElement>, HTMLStyleElement>'.
src/pages/PeopleCommunicationHub.tsx(125,11): error TS2322: Type '{ value: number; isPositive: true; }' is not assignable to type '"up" | "down" | "neutral" | undefined'.
src/pages/PeopleCommunicationHub.tsx(429,11): error TS2322: Type '{ title: string; value: number; icon: LucideIcon; description: string; variant: string; }' is not assignable to type 'IntrinsicAttributes & StatCardProps'.
  Property 'variant' does not exist on type 'IntrinsicAttributes & StatCardProps'.
src/pages/PeopleCommunicationHub.tsx(562,12): error TS2322: Type 'LucideIcon' is not assignable to type 'ReactNode'.
  Type 'ForwardRefExoticComponent<LucideProps>' is missing the following properties from type 'ReactPortal': children, type, props, key
src/pages/PeopleHub.tsx(108,11): error TS2322: Type 'string' is not assignable to type 'number'.
src/pages/PeopleHub.tsx(551,11): error TS2322: Type 'string' is not assignable to type 'number'.
src/pages/PolicyHub.tsx(104,11): error TS2322: Type 'string' is not assignable to type 'number'.
src/pages/PolicyHub.tsx(407,11): error TS2322: Type 'string' is not assignable to type 'number'.
src/pages/PolicyHub.tsx(416,11): error TS2322: Type 'string' is not assignable to type 'number'.
src/pages/PolicyHub.tsx(425,11): error TS2322: Type 'string' is not assignable to type 'number'.
src/pages/ProcurementHub.tsx(211,13): error TS2322: Type 'string' is not assignable to type 'number'.
src/pages/ProcurementHub.tsx(1001,13): error TS2322: Type 'string' is not assignable to type 'number'.
src/pages/ReportsHub.tsx(811,13): error TS2322: Type 'string' is not assignable to type 'number'.
src/pages/SafetyComplianceHub.tsx(28,5): error TS2339: Property 'incidentTrendData' does not exist on type '{ incidents: { type: "other" | "collision" | "property_damage" | "injury" | "near_miss"; id: string; status: "open" | "resolved" | "closed" | "investigating"; driverId: string; vehicleId: string; ... 6 more ...; investigator?: string | undefined; }[]; ... 24 more ...; wsConnected: boolean; }'.
src/pages/SafetyComplianceHub.tsx(29,5): error TS2339: Property 'incidentSeverityDistribution' does not exist on type '{ incidents: { type: "other" | "collision" | "property_damage" | "injury" | "near_miss"; id: string; status: "open" | "resolved" | "closed" | "investigating"; driverId: string; vehicleId: string; ... 6 more ...; investigator?: string | undefined; }[]; ... 24 more ...; wsConnected: boolean; }'.
src/pages/SafetyComplianceHub.tsx(30,5): error TS2339: Property 'violationTypeDistribution' does not exist on type '{ incidents: { type: "other" | "collision" | "property_damage" | "injury" | "near_miss"; id: string; status: "open" | "resolved" | "closed" | "investigating"; driverId: string; vehicleId: string; ... 6 more ...; investigator?: string | undefined; }[]; ... 24 more ...; wsConnected: boolean; }'.
src/pages/SafetyComplianceHub.tsx(90,30): error TS2551: Property 'complianceRate' does not exist on type '{ complianceScore: number; totalIncidents: number; openCases: number; trainingCompletion: number; daysSinceLastIncident: number; oshaCompliance: number; activeViolations: number; totalFines: number; ... 7 more ...; safeDays: number; }'. Did you mean 'complianceScore'?
src/pages/SafetyComplianceHub.tsx(92,37): error TS2551: Property 'complianceRate' does not exist on type '{ complianceScore: number; totalIncidents: number; openCases: number; trainingCompletion: number; daysSinceLastIncident: number; oshaCompliance: number; activeViolations: number; totalFines: number; ... 7 more ...; safeDays: number; }'. Did you mean 'complianceScore'?
src/pages/SafetyComplianceHub.tsx(148,11): error TS2322: Type '{ name: string; value: unknown; fill: string; }[]' is not assignable to type 'DataPoint[]'.
  Type '{ name: string; value: unknown; fill: string; }' is not assignable to type 'DataPoint'.
    Types of property 'value' are incompatible.
      Type 'unknown' is not assignable to type 'number'.
src/pages/SafetyComplianceHub.tsx(157,11): error TS2322: Type '{ name: string; value: unknown; }[]' is not assignable to type 'DataPoint[]'.
  Type '{ name: string; value: unknown; }' is not assignable to type 'DataPoint'.
    Types of property 'value' are incompatible.
      Type 'unknown' is not assignable to type 'number | undefined'.
src/pages/SafetyComplianceHub.tsx(227,5): error TS2339: Property 'incidentTypeDistribution' does not exist on type '{ incidents: { type: "other" | "collision" | "property_damage" | "injury" | "near_miss"; id: string; status: "open" | "resolved" | "closed" | "investigating"; driverId: string; vehicleId: string; ... 6 more ...; investigator?: string | undefined; }[]; ... 24 more ...; wsConnected: boolean; }'.
src/pages/SafetyComplianceHub.tsx(298,9): error TS2322: Type '{ name: string; value: unknown; }[]' is not assignable to type 'DataPoint[]'.
  Type '{ name: string; value: unknown; }' is not assignable to type 'DataPoint'.
    Types of property 'value' are incompatible.
      Type 'unknown' is not assignable to type 'number | undefined'.
src/pages/SafetyComplianceHub.tsx(382,5): error TS2339: Property 'inspectionStatusDistribution' does not exist on type '{ incidents: { type: "other" | "collision" | "property_damage" | "injury" | "near_miss"; id: string; status: "open" | "resolved" | "closed" | "investigating"; driverId: string; vehicleId: string; ... 6 more ...; investigator?: string | undefined; }[]; ... 24 more ...; wsConnected: boolean; }'.
src/pages/SafetyComplianceHub.tsx(467,9): error TS2322: Type '{ name: string; value: unknown; fill: string; }[]' is not assignable to type 'DataPoint[]'.
  Type '{ name: string; value: unknown; fill: string; }' is not assignable to type 'DataPoint'.
    Types of property 'value' are incompatible.
      Type 'unknown' is not assignable to type 'number'.
src/pages/SafetyComplianceHub.tsx(531,5): error TS2339: Property 'certificationStatusDistribution' does not exist on type '{ incidents: { type: "other" | "collision" | "property_damage" | "injury" | "near_miss"; id: string; status: "open" | "resolved" | "closed" | "investigating"; driverId: string; vehicleId: string; ... 6 more ...; investigator?: string | undefined; }[]; ... 24 more ...; wsConnected: boolean; }'.
src/pages/SafetyComplianceHub.tsx(611,11): error TS2322: Type '{ name: string; value: unknown; fill: string; }[]' is not assignable to type 'DataPoint[]'.
  Type '{ name: string; value: unknown; fill: string; }' is not assignable to type 'DataPoint'.
    Types of property 'value' are incompatible.
      Type 'unknown' is not assignable to type 'number'.
src/pages/SafetyHub.tsx(362,29): error TS2365: Operator '>=' cannot be applied to types '{ distraction: number; speeding: number; seatbelt: number; overall: number; harshBraking: number; harshAcceleration: number; fatigue: number; calculatedAt: string; }' and 'number'.
src/pages/SafetyHub.tsx(364,33): error TS2365: Operator '>=' cannot be applied to types '{ distraction: number; speeding: number; seatbelt: number; overall: number; harshBraking: number; harshAcceleration: number; fatigue: number; calculatedAt: string; }' and 'number'.
src/pages/SafetyHub.tsx(369,34): error TS2322: Type '{ distraction: number; speeding: number; seatbelt: number; overall: number; harshBraking: number; harshAcceleration: number; fatigue: number; calculatedAt: string; }' is not assignable to type 'string | number | boolean | ReactElement<any, string | JSXElementConstructor<any>> | Iterable<ReactNode> | ReactPortal | null | undefined'.
src/pages/SSOLogin.tsx(338,14): error TS2322: Type '{ children: string; jsx: true; }' is not assignable to type 'DetailedHTMLProps<StyleHTMLAttributes<HTMLStyleElement>, HTMLStyleElement>'.
  Property 'jsx' does not exist on type 'DetailedHTMLProps<StyleHTMLAttributes<HTMLStyleElement>, HTMLStyleElement>'.
src/pages/WorkHub.tsx(124,57): error TS2345: Argument of type 'MouseEvent | TouchEvent | PointerEvent' is not assignable to parameter of type 'DragEvent<Element>'.
  Type 'MouseEvent' is missing the following properties from type 'DragEvent<Element>': dataTransfer, nativeEvent, isDefaultPrevented, isPropagationStopped, persist
src/pages/WorkHub.tsx(548,59): error TS2345: Argument of type 'MouseEvent | TouchEvent | PointerEvent' is not assignable to parameter of type 'DragEvent<Element>'.
  Type 'MouseEvent' is missing the following properties from type 'DragEvent<Element>': dataTransfer, nativeEvent, isDefaultPrevented, isPropagationStopped, persist
src/services/damageReportsApi.ts(85,46): error TS2345: Argument of type 'unknown' is not assignable to parameter of type 'LogContext | undefined'.
src/services/monitoring/AppInsightsConfig.ts(27,15): error TS2551: Property 'setAppInsightsConfig' does not exist on type 'ReactPlugin'. Did you mean 'getAppInsights'?
src/services/offline-sync.service.ts(285,86): error TS2345: Argument of type 'unknown' is not assignable to parameter of type 'LogContext | undefined'.
src/services/offline-sync.service.ts(394,23): error TS2345: Argument of type 'keyof FleetOfflineDB' is not assignable to parameter of type '"metadata" | "inspections" | "vehicles" | "workOrders" | "damageReports" | "syncQueue"'.
  Type 'string' is not assignable to type '"metadata" | "inspections" | "vehicles" | "workOrders" | "damageReports" | "syncQueue"'.
src/services/offline-sync.service.ts(400,25): error TS2339: Property 'replace' does not exist on type 'keyof FleetOfflineDB'.
  Property 'replace' does not exist on type 'number'.
src/services/offline-sync.service.ts(403,34): error TS2345: Argument of type 'keyof FleetOfflineDB' is not assignable to parameter of type 'string'.
  Type 'number' is not assignable to type 'string'.
src/services/offline-sync.service.ts(422,24): error TS2345: Argument of type 'keyof FleetOfflineDB' is not assignable to parameter of type '"metadata" | "inspections" | "vehicles" | "workOrders" | "damageReports" | "syncQueue"'.
  Type 'string' is not assignable to type '"metadata" | "inspections" | "vehicles" | "workOrders" | "damageReports" | "syncQueue"'.
src/services/offline-sync.service.ts(432,27): error TS2345: Argument of type 'keyof FleetOfflineDB' is not assignable to parameter of type '"metadata" | "inspections" | "vehicles" | "workOrders" | "damageReports" | "syncQueue"'.
  Type 'string' is not assignable to type '"metadata" | "inspections" | "vehicles" | "workOrders" | "damageReports" | "syncQueue"'.
src/services/offline-sync.service.ts(444,26): error TS2345: Argument of type 'keyof FleetOfflineDB' is not assignable to parameter of type '"metadata" | "inspections" | "vehicles" | "workOrders" | "damageReports" | "syncQueue"'.
  Type 'string' is not assignable to type '"metadata" | "inspections" | "vehicles" | "workOrders" | "damageReports" | "syncQueue"'.
src/services/offline-sync.service.ts(450,25): error TS2339: Property 'replace' does not exist on type 'keyof FleetOfflineDB'.
  Property 'replace' does not exist on type 'number'.
src/services/offline-sync.service.ts(453,34): error TS2345: Argument of type 'keyof FleetOfflineDB' is not assignable to parameter of type 'string'.
  Type 'number' is not assignable to type 'string'.
src/services/offline-sync.service.ts(502,27): error TS2345: Argument of type 'keyof FleetOfflineDB' is not assignable to parameter of type '"metadata" | "inspections" | "vehicles" | "workOrders" | "damageReports" | "syncQueue"'.
  Type 'string' is not assignable to type '"metadata" | "inspections" | "vehicles" | "workOrders" | "damageReports" | "syncQueue"'.
src/services/realtime/FleetWebSocketService.ts(131,74): error TS2554: Expected 1-2 arguments, but got 3.
src/services/realtime/FleetWebSocketService.ts(162,67): error TS2554: Expected 1-2 arguments, but got 3.
src/services/realtime/FleetWebSocketService.ts(195,76): error TS2554: Expected 1-2 arguments, but got 3.
src/services/ReportLoaderService.ts(172,48): error TS2531: Object is possibly 'null'.
src/services/ReportLoaderService.ts(173,7): error TS2322: Type 'ReportRegistry | null' is not assignable to type 'ReportRegistry'.
  Type 'null' is not assignable to type 'ReportRegistry'.
